<?xml version="1.0" encoding="UTF-8"?>
<coverage generated="1607562499794" clover="3.2.0">
  <project timestamp="1607562499794" name="All files">
    <metrics statements="1256" coveredstatements="1181" conditionals="199" coveredconditionals="190" methods="119" coveredmethods="110" elements="1574" coveredelements="1481" complexity="0" loc="1256" ncloc="1256" packages="1" files="5" classes="5"/>
    <file name="array.js" path="F:\vue3test\_ui_view\rutil\utils\array.js">
      <metrics statements="172" coveredstatements="172" conditionals="48" coveredconditionals="47" methods="21" coveredmethods="21"/>
      <line num="1" count="1" type="stmt"/>
      <line num="2" count="1" type="stmt"/>
      <line num="3" count="1" type="stmt"/>
      <line num="4" count="1" type="stmt"/>
      <line num="5" count="1" type="stmt"/>
      <line num="6" count="1" type="stmt"/>
      <line num="7" count="1" type="cond" truecount="1" falsecount="0"/>
      <line num="8" count="1" type="stmt"/>
      <line num="9" count="1" type="stmt"/>
      <line num="10" count="1" type="stmt"/>
      <line num="11" count="1" type="stmt"/>
      <line num="12" count="1" type="stmt"/>
      <line num="13" count="1" type="stmt"/>
      <line num="14" count="1" type="cond" truecount="1" falsecount="0"/>
      <line num="15" count="1" type="stmt"/>
      <line num="16" count="1" type="stmt"/>
      <line num="17" count="1" type="stmt"/>
      <line num="18" count="1" type="stmt"/>
      <line num="19" count="1" type="stmt"/>
      <line num="20" count="1" type="cond" truecount="1" falsecount="0"/>
      <line num="21" count="1" type="stmt"/>
      <line num="22" count="1" type="stmt"/>
      <line num="23" count="1" type="stmt"/>
      <line num="24" count="1" type="stmt"/>
      <line num="25" count="1" type="stmt"/>
      <line num="26" count="1" type="stmt"/>
      <line num="27" count="1" type="cond" truecount="4" falsecount="0"/>
      <line num="28" count="1" type="stmt"/>
      <line num="29" count="1" type="stmt"/>
      <line num="30" count="1" type="stmt"/>
      <line num="31" count="1" type="stmt"/>
      <line num="32" count="1" type="stmt"/>
      <line num="33" count="1" type="cond" truecount="1" falsecount="0"/>
      <line num="34" count="1" type="stmt"/>
      <line num="35" count="1" type="stmt"/>
      <line num="36" count="1" type="stmt"/>
      <line num="37" count="1" type="stmt"/>
      <line num="38" count="1" type="stmt"/>
      <line num="39" count="1" type="stmt"/>
      <line num="40" count="1" type="cond" truecount="1" falsecount="0"/>
      <line num="41" count="2" type="stmt"/>
      <line num="42" count="2" type="cond" truecount="1" falsecount="0"/>
      <line num="43" count="2" type="stmt"/>
      <line num="44" count="1" type="stmt"/>
      <line num="45" count="1" type="stmt"/>
      <line num="46" count="1" type="stmt"/>
      <line num="47" count="1" type="stmt"/>
      <line num="48" count="1" type="stmt"/>
      <line num="49" count="1" type="cond" truecount="2" falsecount="0"/>
      <line num="50" count="1" type="stmt"/>
      <line num="51" count="1" type="stmt"/>
      <line num="52" count="1" type="stmt"/>
      <line num="53" count="1" type="stmt"/>
      <line num="54" count="1" type="stmt"/>
      <line num="55" count="1" type="stmt"/>
      <line num="56" count="1" type="cond" truecount="1" falsecount="0"/>
      <line num="57" count="1" type="stmt"/>
      <line num="58" count="1" type="stmt"/>
      <line num="59" count="1" type="stmt"/>
      <line num="60" count="1" type="stmt"/>
      <line num="61" count="1" type="stmt"/>
      <line num="62" count="1" type="stmt"/>
      <line num="63" count="1" type="cond" truecount="1" falsecount="0"/>
      <line num="64" count="2" type="stmt"/>
      <line num="65" count="2" type="cond" truecount="1" falsecount="0"/>
      <line num="66" count="2" type="stmt"/>
      <line num="67" count="1" type="stmt"/>
      <line num="68" count="1" type="stmt"/>
      <line num="69" count="1" type="stmt"/>
      <line num="70" count="1" type="stmt"/>
      <line num="71" count="1" type="stmt"/>
      <line num="72" count="1" type="stmt"/>
      <line num="73" count="1" type="cond" truecount="3" falsecount="1"/>
      <line num="74" count="1" type="stmt"/>
      <line num="75" count="1" type="stmt"/>
      <line num="76" count="1" type="stmt"/>
      <line num="77" count="1" type="stmt"/>
      <line num="78" count="1" type="stmt"/>
      <line num="79" count="1" type="cond" truecount="2" falsecount="0"/>
      <line num="80" count="1" type="stmt"/>
      <line num="81" count="1" type="stmt"/>
      <line num="82" count="1" type="stmt"/>
      <line num="83" count="1" type="stmt"/>
      <line num="84" count="1" type="stmt"/>
      <line num="85" count="1" type="stmt"/>
      <line num="86" count="1" type="cond" truecount="1" falsecount="0"/>
      <line num="87" count="2" type="cond" truecount="4" falsecount="0"/>
      <line num="88" count="2" type="stmt"/>
      <line num="89" count="1" type="stmt"/>
      <line num="90" count="1" type="stmt"/>
      <line num="91" count="1" type="stmt"/>
      <line num="92" count="1" type="stmt"/>
      <line num="93" count="1" type="stmt"/>
      <line num="94" count="1" type="cond" truecount="3" falsecount="0"/>
      <line num="95" count="1" type="stmt"/>
      <line num="96" count="1" type="stmt"/>
      <line num="97" count="1" type="stmt"/>
      <line num="98" count="1" type="stmt"/>
      <line num="99" count="1" type="stmt"/>
      <line num="100" count="1" type="stmt"/>
      <line num="101" count="1" type="cond" truecount="4" falsecount="0"/>
      <line num="102" count="1" type="stmt"/>
      <line num="103" count="1" type="stmt"/>
      <line num="104" count="1" type="stmt"/>
      <line num="105" count="1" type="stmt"/>
      <line num="106" count="1" type="stmt"/>
      <line num="107" count="1" type="stmt"/>
      <line num="108" count="1" type="cond" truecount="2" falsecount="0"/>
      <line num="109" count="1" type="stmt"/>
      <line num="110" count="1" type="stmt"/>
      <line num="111" count="1" type="stmt"/>
      <line num="112" count="1" type="stmt"/>
      <line num="113" count="1" type="stmt"/>
      <line num="114" count="1" type="stmt"/>
      <line num="115" count="1" type="stmt"/>
      <line num="116" count="1" type="cond" truecount="1" falsecount="0"/>
      <line num="117" count="1" type="stmt"/>
      <line num="118" count="1" type="stmt"/>
      <line num="119" count="1" type="cond" truecount="1" falsecount="0"/>
      <line num="120" count="1" type="stmt"/>
      <line num="121" count="1" type="stmt"/>
      <line num="122" count="1" type="stmt"/>
      <line num="123" count="1" type="stmt"/>
      <line num="124" count="1" type="stmt"/>
      <line num="125" count="1" type="cond" truecount="1" falsecount="0"/>
      <line num="126" count="1" type="stmt"/>
      <line num="127" count="1" type="stmt"/>
      <line num="128" count="1" type="stmt"/>
      <line num="129" count="1" type="stmt"/>
      <line num="130" count="1" type="stmt"/>
      <line num="131" count="1" type="cond" truecount="1" falsecount="0"/>
      <line num="132" count="2" type="stmt"/>
      <line num="133" count="2" type="cond" truecount="1" falsecount="0"/>
      <line num="134" count="9" type="stmt"/>
      <line num="135" count="9" type="stmt"/>
      <line num="136" count="9" type="stmt"/>
      <line num="137" count="2" type="stmt"/>
      <line num="138" count="2" type="stmt"/>
      <line num="139" count="1" type="stmt"/>
      <line num="140" count="1" type="stmt"/>
      <line num="141" count="1" type="stmt"/>
      <line num="142" count="1" type="stmt"/>
      <line num="143" count="1" type="stmt"/>
      <line num="144" count="1" type="cond" truecount="1" falsecount="0"/>
      <line num="145" count="1" type="stmt"/>
      <line num="146" count="1" type="cond" truecount="1" falsecount="0"/>
      <line num="147" count="3" type="stmt"/>
      <line num="148" count="3" type="stmt"/>
      <line num="149" count="3" type="stmt"/>
      <line num="150" count="1" type="stmt"/>
      <line num="151" count="1" type="stmt"/>
      <line num="152" count="1" type="stmt"/>
      <line num="153" count="1" type="stmt"/>
      <line num="154" count="1" type="stmt"/>
      <line num="155" count="1" type="stmt"/>
      <line num="156" count="1" type="stmt"/>
      <line num="157" count="1" type="stmt"/>
      <line num="158" count="1" type="stmt"/>
      <line num="159" count="1" type="cond" truecount="1" falsecount="0"/>
      <line num="160" count="6" type="stmt"/>
      <line num="161" count="6" type="cond" truecount="1" falsecount="0"/>
      <line num="162" count="6" type="cond" truecount="1" falsecount="0"/>
      <line num="163" count="1" type="stmt"/>
      <line num="164" count="1" type="stmt"/>
      <line num="165" count="1" type="stmt"/>
      <line num="166" count="1" type="stmt"/>
      <line num="167" count="1" type="stmt"/>
      <line num="168" count="1" type="stmt"/>
      <line num="169" count="1" type="stmt"/>
      <line num="170" count="1" type="stmt"/>
      <line num="171" count="1" type="stmt"/>
      <line num="172" count="1" type="cond" truecount="3" falsecount="0"/>
    </file>
    <file name="base.js" path="F:\vue3test\_ui_view\rutil\utils\base.js">
      <metrics statements="244" coveredstatements="244" conditionals="41" coveredconditionals="41" methods="36" coveredmethods="36"/>
      <line num="1" count="1" type="stmt"/>
      <line num="2" count="1" type="stmt"/>
      <line num="3" count="1" type="stmt"/>
      <line num="4" count="1" type="stmt"/>
      <line num="5" count="1" type="stmt"/>
      <line num="6" count="1" type="stmt"/>
      <line num="7" count="1" type="stmt"/>
      <line num="8" count="1" type="stmt"/>
      <line num="9" count="1" type="stmt"/>
      <line num="10" count="1" type="cond" truecount="1" falsecount="0"/>
      <line num="11" count="1" type="stmt"/>
      <line num="12" count="1" type="stmt"/>
      <line num="13" count="1" type="stmt"/>
      <line num="14" count="1" type="stmt"/>
      <line num="15" count="1" type="stmt"/>
      <line num="16" count="1" type="cond" truecount="1" falsecount="0"/>
      <line num="17" count="1" type="stmt"/>
      <line num="18" count="1" type="stmt"/>
      <line num="19" count="1" type="stmt"/>
      <line num="20" count="1" type="stmt"/>
      <line num="21" count="1" type="stmt"/>
      <line num="22" count="1" type="cond" truecount="1" falsecount="0"/>
      <line num="23" count="1" type="stmt"/>
      <line num="24" count="1" type="stmt"/>
      <line num="25" count="1" type="stmt"/>
      <line num="26" count="1" type="stmt"/>
      <line num="27" count="1" type="stmt"/>
      <line num="28" count="1" type="cond" truecount="2" falsecount="0"/>
      <line num="29" count="1" type="stmt"/>
      <line num="30" count="1" type="stmt"/>
      <line num="31" count="1" type="stmt"/>
      <line num="32" count="1" type="stmt"/>
      <line num="33" count="1" type="stmt"/>
      <line num="34" count="1" type="cond" truecount="1" falsecount="0"/>
      <line num="35" count="1" type="stmt"/>
      <line num="36" count="1" type="stmt"/>
      <line num="37" count="1" type="stmt"/>
      <line num="38" count="1" type="stmt"/>
      <line num="39" count="1" type="stmt"/>
      <line num="40" count="1" type="stmt"/>
      <line num="41" count="1" type="cond" truecount="1" falsecount="0"/>
      <line num="42" count="1" type="stmt"/>
      <line num="43" count="1" type="stmt"/>
      <line num="44" count="1" type="stmt"/>
      <line num="45" count="1" type="stmt"/>
      <line num="46" count="1" type="stmt"/>
      <line num="47" count="1" type="cond" truecount="1" falsecount="0"/>
      <line num="48" count="1" type="stmt"/>
      <line num="49" count="1" type="stmt"/>
      <line num="50" count="1" type="stmt"/>
      <line num="51" count="1" type="stmt"/>
      <line num="52" count="1" type="stmt"/>
      <line num="53" count="1" type="cond" truecount="1" falsecount="0"/>
      <line num="54" count="1" type="stmt"/>
      <line num="55" count="1" type="stmt"/>
      <line num="56" count="1" type="stmt"/>
      <line num="57" count="1" type="stmt"/>
      <line num="58" count="1" type="cond" truecount="1" falsecount="0"/>
      <line num="59" count="1" type="stmt"/>
      <line num="60" count="1" type="stmt"/>
      <line num="61" count="1" type="stmt"/>
      <line num="62" count="1" type="stmt"/>
      <line num="63" count="1" type="stmt"/>
      <line num="64" count="1" type="cond" truecount="1" falsecount="0"/>
      <line num="65" count="1" type="stmt"/>
      <line num="66" count="1" type="stmt"/>
      <line num="67" count="1" type="stmt"/>
      <line num="68" count="1" type="stmt"/>
      <line num="69" count="1" type="cond" truecount="1" falsecount="0"/>
      <line num="70" count="1" type="stmt"/>
      <line num="71" count="1" type="stmt"/>
      <line num="72" count="1" type="stmt"/>
      <line num="73" count="1" type="stmt"/>
      <line num="74" count="1" type="stmt"/>
      <line num="75" count="1" type="cond" truecount="1" falsecount="0"/>
      <line num="76" count="1" type="stmt"/>
      <line num="77" count="1" type="stmt"/>
      <line num="78" count="1" type="stmt"/>
      <line num="79" count="1" type="stmt"/>
      <line num="80" count="1" type="stmt"/>
      <line num="81" count="1" type="cond" truecount="3" falsecount="0"/>
      <line num="82" count="1" type="stmt"/>
      <line num="83" count="1" type="stmt"/>
      <line num="84" count="1" type="stmt"/>
      <line num="85" count="1" type="stmt"/>
      <line num="86" count="1" type="stmt"/>
      <line num="87" count="1" type="cond" truecount="1" falsecount="0"/>
      <line num="88" count="1" type="stmt"/>
      <line num="89" count="1" type="stmt"/>
      <line num="90" count="1" type="stmt"/>
      <line num="91" count="1" type="stmt"/>
      <line num="92" count="1" type="stmt"/>
      <line num="93" count="1" type="cond" truecount="1" falsecount="0"/>
      <line num="94" count="1" type="stmt"/>
      <line num="95" count="1" type="stmt"/>
      <line num="96" count="1" type="stmt"/>
      <line num="97" count="1" type="stmt"/>
      <line num="98" count="1" type="stmt"/>
      <line num="99" count="1" type="cond" truecount="1" falsecount="0"/>
      <line num="100" count="1" type="stmt"/>
      <line num="101" count="1" type="stmt"/>
      <line num="102" count="1" type="stmt"/>
      <line num="103" count="1" type="stmt"/>
      <line num="104" count="1" type="stmt"/>
      <line num="105" count="1" type="cond" truecount="1" falsecount="0"/>
      <line num="106" count="1" type="stmt"/>
      <line num="107" count="1" type="stmt"/>
      <line num="108" count="1" type="stmt"/>
      <line num="109" count="1" type="stmt"/>
      <line num="110" count="1" type="stmt"/>
      <line num="111" count="1" type="cond" truecount="3" falsecount="0"/>
      <line num="112" count="1" type="stmt"/>
      <line num="113" count="1" type="stmt"/>
      <line num="114" count="1" type="stmt"/>
      <line num="115" count="1" type="stmt"/>
      <line num="116" count="1" type="stmt"/>
      <line num="117" count="1" type="cond" truecount="1" falsecount="0"/>
      <line num="118" count="1" type="stmt"/>
      <line num="119" count="1" type="stmt"/>
      <line num="120" count="1" type="stmt"/>
      <line num="121" count="1" type="stmt"/>
      <line num="122" count="1" type="stmt"/>
      <line num="123" count="1" type="cond" truecount="1" falsecount="0"/>
      <line num="124" count="1" type="stmt"/>
      <line num="125" count="1" type="stmt"/>
      <line num="126" count="1" type="stmt"/>
      <line num="127" count="1" type="stmt"/>
      <line num="128" count="1" type="stmt"/>
      <line num="129" count="1" type="cond" truecount="1" falsecount="0"/>
      <line num="130" count="1" type="stmt"/>
      <line num="131" count="1" type="stmt"/>
      <line num="132" count="1" type="stmt"/>
      <line num="133" count="1" type="stmt"/>
      <line num="134" count="1" type="stmt"/>
      <line num="135" count="1" type="cond" truecount="1" falsecount="0"/>
      <line num="136" count="1" type="stmt"/>
      <line num="137" count="1" type="stmt"/>
      <line num="138" count="1" type="stmt"/>
      <line num="139" count="1" type="stmt"/>
      <line num="140" count="1" type="stmt"/>
      <line num="141" count="1" type="cond" truecount="1" falsecount="0"/>
      <line num="142" count="1" type="stmt"/>
      <line num="143" count="1" type="stmt"/>
      <line num="144" count="1" type="stmt"/>
      <line num="145" count="1" type="stmt"/>
      <line num="146" count="1" type="stmt"/>
      <line num="147" count="1" type="cond" truecount="1" falsecount="0"/>
      <line num="148" count="1" type="stmt"/>
      <line num="149" count="1" type="stmt"/>
      <line num="150" count="1" type="stmt"/>
      <line num="151" count="1" type="stmt"/>
      <line num="152" count="1" type="stmt"/>
      <line num="153" count="1" type="stmt"/>
      <line num="154" count="1" type="cond" truecount="1" falsecount="0"/>
      <line num="155" count="1" type="stmt"/>
      <line num="156" count="1" type="stmt"/>
      <line num="157" count="1" type="stmt"/>
      <line num="158" count="1" type="stmt"/>
      <line num="159" count="1" type="stmt"/>
      <line num="160" count="1" type="cond" truecount="1" falsecount="0"/>
      <line num="161" count="1" type="stmt"/>
      <line num="162" count="1" type="stmt"/>
      <line num="163" count="1" type="stmt"/>
      <line num="164" count="1" type="stmt"/>
      <line num="165" count="1" type="stmt"/>
      <line num="166" count="1" type="cond" truecount="1" falsecount="0"/>
      <line num="167" count="1" type="stmt"/>
      <line num="168" count="1" type="stmt"/>
      <line num="169" count="1" type="stmt"/>
      <line num="170" count="1" type="stmt"/>
      <line num="171" count="1" type="stmt"/>
      <line num="172" count="1" type="stmt"/>
      <line num="173" count="1" type="cond" truecount="1" falsecount="0"/>
      <line num="174" count="1" type="stmt"/>
      <line num="175" count="1" type="stmt"/>
      <line num="176" count="1" type="stmt"/>
      <line num="177" count="1" type="stmt"/>
      <line num="178" count="1" type="stmt"/>
      <line num="179" count="1" type="stmt"/>
      <line num="180" count="1" type="cond" truecount="1" falsecount="0"/>
      <line num="181" count="1" type="stmt"/>
      <line num="182" count="1" type="stmt"/>
      <line num="183" count="1" type="stmt"/>
      <line num="184" count="1" type="stmt"/>
      <line num="185" count="1" type="stmt"/>
      <line num="186" count="1" type="stmt"/>
      <line num="187" count="1" type="stmt"/>
      <line num="188" count="1" type="stmt"/>
      <line num="189" count="1" type="stmt"/>
      <line num="190" count="1" type="stmt"/>
      <line num="191" count="1" type="stmt"/>
      <line num="192" count="1" type="stmt"/>
      <line num="193" count="1" type="stmt"/>
      <line num="194" count="1" type="stmt"/>
      <line num="195" count="1" type="stmt"/>
      <line num="196" count="1" type="stmt"/>
      <line num="197" count="1" type="stmt"/>
      <line num="198" count="1" type="stmt"/>
      <line num="199" count="1" type="stmt"/>
      <line num="200" count="1" type="stmt"/>
      <line num="201" count="1" type="cond" truecount="1" falsecount="0"/>
      <line num="202" count="1" type="stmt"/>
      <line num="203" count="1" type="stmt"/>
      <line num="204" count="1" type="stmt"/>
      <line num="205" count="1" type="stmt"/>
      <line num="206" count="1" type="stmt"/>
      <line num="207" count="1" type="stmt"/>
      <line num="208" count="1" type="stmt"/>
      <line num="209" count="1" type="stmt"/>
      <line num="210" count="1" type="stmt"/>
      <line num="211" count="1" type="stmt"/>
      <line num="212" count="1" type="stmt"/>
      <line num="213" count="1" type="stmt"/>
      <line num="214" count="1" type="cond" truecount="1" falsecount="0"/>
      <line num="215" count="1" type="stmt"/>
      <line num="216" count="1" type="stmt"/>
      <line num="217" count="1" type="stmt"/>
      <line num="218" count="1" type="stmt"/>
      <line num="219" count="1" type="cond" truecount="1" falsecount="0"/>
      <line num="220" count="1" type="stmt"/>
      <line num="221" count="1" type="stmt"/>
      <line num="222" count="1" type="stmt"/>
      <line num="223" count="1" type="stmt"/>
      <line num="224" count="1" type="stmt"/>
      <line num="225" count="1" type="cond" truecount="1" falsecount="0"/>
      <line num="226" count="1" type="stmt"/>
      <line num="227" count="1" type="stmt"/>
      <line num="228" count="1" type="stmt"/>
      <line num="229" count="1" type="stmt"/>
      <line num="230" count="1" type="stmt"/>
      <line num="231" count="1" type="cond" truecount="1" falsecount="0"/>
      <line num="232" count="1" type="stmt"/>
      <line num="233" count="1" type="stmt"/>
      <line num="234" count="1" type="stmt"/>
      <line num="235" count="1" type="stmt"/>
      <line num="236" count="1" type="stmt"/>
      <line num="237" count="1" type="stmt"/>
      <line num="238" count="1" type="cond" truecount="1" falsecount="0"/>
      <line num="239" count="1" type="stmt"/>
      <line num="240" count="1" type="stmt"/>
      <line num="241" count="1" type="stmt"/>
      <line num="242" count="1" type="stmt"/>
      <line num="243" count="1" type="stmt"/>
      <line num="244" count="1" type="cond" truecount="1" falsecount="0"/>
    </file>
    <file name="datetime.js" path="F:\vue3test\_ui_view\rutil\utils\datetime.js">
      <metrics statements="94" coveredstatements="94" conditionals="12" coveredconditionals="12" methods="9" coveredmethods="9"/>
      <line num="1" count="1" type="stmt"/>
      <line num="2" count="1" type="stmt"/>
      <line num="3" count="1" type="stmt"/>
      <line num="4" count="1" type="stmt"/>
      <line num="5" count="1" type="stmt"/>
      <line num="6" count="1" type="stmt"/>
      <line num="7" count="1" type="stmt"/>
      <line num="8" count="1" type="stmt"/>
      <line num="9" count="1" type="stmt"/>
      <line num="10" count="1" type="cond" truecount="1" falsecount="0"/>
      <line num="11" count="1" type="stmt"/>
      <line num="12" count="1" type="stmt"/>
      <line num="13" count="1" type="stmt"/>
      <line num="14" count="1" type="stmt"/>
      <line num="15" count="1" type="stmt"/>
      <line num="16" count="1" type="stmt"/>
      <line num="17" count="1" type="stmt"/>
      <line num="18" count="1" type="stmt"/>
      <line num="19" count="1" type="stmt"/>
      <line num="20" count="1" type="stmt"/>
      <line num="21" count="1" type="stmt"/>
      <line num="22" count="1" type="stmt"/>
      <line num="23" count="1" type="stmt"/>
      <line num="24" count="1" type="stmt"/>
      <line num="25" count="1" type="stmt"/>
      <line num="26" count="1" type="stmt"/>
      <line num="27" count="1" type="stmt"/>
      <line num="28" count="1" type="stmt"/>
      <line num="29" count="1" type="stmt"/>
      <line num="30" count="1" type="stmt"/>
      <line num="31" count="1" type="stmt"/>
      <line num="32" count="1" type="stmt"/>
      <line num="33" count="1" type="cond" truecount="1" falsecount="0"/>
      <line num="34" count="6" type="stmt"/>
      <line num="35" count="6" type="stmt"/>
      <line num="36" count="1" type="stmt"/>
      <line num="37" count="1" type="stmt"/>
      <line num="38" count="1" type="stmt"/>
      <line num="39" count="1" type="stmt"/>
      <line num="40" count="1" type="stmt"/>
      <line num="41" count="1" type="stmt"/>
      <line num="42" count="1" type="stmt"/>
      <line num="43" count="1" type="stmt"/>
      <line num="44" count="1" type="cond" truecount="1" falsecount="0"/>
      <line num="45" count="1" type="stmt"/>
      <line num="46" count="1" type="stmt"/>
      <line num="47" count="1" type="stmt"/>
      <line num="48" count="1" type="stmt"/>
      <line num="49" count="1" type="stmt"/>
      <line num="50" count="1" type="stmt"/>
      <line num="51" count="1" type="cond" truecount="1" falsecount="0"/>
      <line num="52" count="1" type="stmt"/>
      <line num="53" count="1" type="stmt"/>
      <line num="54" count="1" type="stmt"/>
      <line num="55" count="1" type="stmt"/>
      <line num="56" count="1" type="stmt"/>
      <line num="57" count="1" type="cond" truecount="1" falsecount="0"/>
      <line num="58" count="1" type="stmt"/>
      <line num="59" count="1" type="stmt"/>
      <line num="60" count="1" type="stmt"/>
      <line num="61" count="1" type="stmt"/>
      <line num="62" count="1" type="stmt"/>
      <line num="63" count="1" type="stmt"/>
      <line num="64" count="1" type="cond" truecount="1" falsecount="0"/>
      <line num="65" count="1" type="stmt"/>
      <line num="66" count="1" type="stmt"/>
      <line num="67" count="1" type="stmt"/>
      <line num="68" count="1" type="stmt"/>
      <line num="69" count="1" type="stmt"/>
      <line num="70" count="1" type="cond" truecount="1" falsecount="0"/>
      <line num="71" count="1" type="stmt"/>
      <line num="72" count="1" type="stmt"/>
      <line num="73" count="1" type="stmt"/>
      <line num="74" count="1" type="stmt"/>
      <line num="75" count="1" type="stmt"/>
      <line num="76" count="1" type="cond" truecount="1" falsecount="0"/>
      <line num="77" count="1" type="stmt"/>
      <line num="78" count="1" type="stmt"/>
      <line num="79" count="1" type="stmt"/>
      <line num="80" count="1" type="stmt"/>
      <line num="81" count="1" type="stmt"/>
      <line num="82" count="1" type="stmt"/>
      <line num="83" count="1" type="cond" truecount="1" falsecount="0"/>
      <line num="84" count="1" type="stmt"/>
      <line num="85" count="1" type="stmt"/>
      <line num="86" count="1" type="stmt"/>
      <line num="87" count="1" type="stmt"/>
      <line num="88" count="1" type="stmt"/>
      <line num="89" count="1" type="stmt"/>
      <line num="90" count="1" type="cond" truecount="1" falsecount="0"/>
      <line num="91" count="2" type="cond" truecount="2" falsecount="0"/>
      <line num="92" count="1" type="stmt"/>
      <line num="93" count="2" type="stmt"/>
      <line num="94" count="2" type="stmt"/>
    </file>
    <file name="function.js" path="F:\vue3test\_ui_view\rutil\utils\function.js">
      <metrics statements="648" coveredstatements="612" conditionals="98" coveredconditionals="90" methods="44" coveredmethods="44"/>
      <line num="1" count="1" type="stmt"/>
      <line num="2" count="1" type="stmt"/>
      <line num="3" count="1" type="stmt"/>
      <line num="4" count="1" type="stmt"/>
      <line num="5" count="1" type="stmt"/>
      <line num="6" count="1" type="stmt"/>
      <line num="7" count="1" type="cond" truecount="1" falsecount="0"/>
      <line num="8" count="1" type="stmt"/>
      <line num="9" count="1" type="stmt"/>
      <line num="10" count="1" type="stmt"/>
      <line num="11" count="1" type="stmt"/>
      <line num="12" count="1" type="stmt"/>
      <line num="13" count="1" type="stmt"/>
      <line num="14" count="1" type="stmt"/>
      <line num="15" count="1" type="stmt"/>
      <line num="16" count="1" type="stmt"/>
      <line num="17" count="1" type="stmt"/>
      <line num="18" count="1" type="stmt"/>
      <line num="19" count="1" type="cond" truecount="1" falsecount="0"/>
      <line num="20" count="1" type="stmt"/>
      <line num="21" count="1" type="stmt"/>
      <line num="22" count="1" type="stmt"/>
      <line num="23" count="1" type="stmt"/>
      <line num="24" count="1" type="stmt"/>
      <line num="25" count="1" type="cond" truecount="1" falsecount="0"/>
      <line num="26" count="1" type="stmt"/>
      <line num="27" count="1" type="stmt"/>
      <line num="28" count="1" type="stmt"/>
      <line num="29" count="1" type="stmt"/>
      <line num="30" count="1" type="stmt"/>
      <line num="31" count="1" type="cond" truecount="1" falsecount="0"/>
      <line num="32" count="1" type="stmt"/>
      <line num="33" count="1" type="stmt"/>
      <line num="34" count="1" type="stmt"/>
      <line num="35" count="1" type="stmt"/>
      <line num="36" count="1" type="stmt"/>
      <line num="37" count="1" type="stmt"/>
      <line num="38" count="1" type="stmt"/>
      <line num="39" count="1" type="cond" truecount="1" falsecount="0"/>
      <line num="40" count="1" type="stmt"/>
      <line num="41" count="1" type="stmt"/>
      <line num="42" count="1" type="cond" truecount="1" falsecount="0"/>
      <line num="43" count="8" type="cond" truecount="0" falsecount="1"/>
      <line num="44" count="0" type="stmt"/>
      <line num="45" count="0" type="stmt"/>
      <line num="46" count="0" type="stmt"/>
      <line num="47" count="0" type="stmt"/>
      <line num="48" count="0" type="stmt"/>
      <line num="49" count="0" type="stmt"/>
      <line num="50" count="1" type="stmt"/>
      <line num="51" count="1" type="stmt"/>
      <line num="52" count="1" type="stmt"/>
      <line num="53" count="1" type="stmt"/>
      <line num="54" count="1" type="stmt"/>
      <line num="55" count="1" type="stmt"/>
      <line num="56" count="1" type="stmt"/>
      <line num="57" count="1" type="stmt"/>
      <line num="58" count="1" type="cond" truecount="1" falsecount="0"/>
      <line num="59" count="2" type="stmt"/>
      <line num="60" count="2" type="stmt"/>
      <line num="61" count="2" type="stmt"/>
      <line num="62" count="2" type="stmt"/>
      <line num="63" count="2" type="stmt"/>
      <line num="64" count="2" type="stmt"/>
      <line num="65" count="2" type="stmt"/>
      <line num="66" count="1" type="stmt"/>
      <line num="67" count="1" type="stmt"/>
      <line num="68" count="1" type="stmt"/>
      <line num="69" count="1" type="stmt"/>
      <line num="70" count="1" type="stmt"/>
      <line num="71" count="1" type="stmt"/>
      <line num="72" count="1" type="stmt"/>
      <line num="73" count="1" type="cond" truecount="1" falsecount="0"/>
      <line num="74" count="2" type="stmt"/>
      <line num="75" count="2" type="stmt"/>
      <line num="76" count="2" type="stmt"/>
      <line num="77" count="1" type="stmt"/>
      <line num="78" count="1" type="stmt"/>
      <line num="79" count="1" type="stmt"/>
      <line num="80" count="1" type="stmt"/>
      <line num="81" count="1" type="stmt"/>
      <line num="82" count="1" type="stmt"/>
      <line num="83" count="1" type="stmt"/>
      <line num="84" count="1" type="cond" truecount="1" falsecount="0"/>
      <line num="85" count="1" type="stmt"/>
      <line num="86" count="1" type="cond" truecount="1" falsecount="0"/>
      <line num="87" count="2" type="cond" truecount="1" falsecount="0"/>
      <line num="88" count="1" type="stmt"/>
      <line num="89" count="1" type="stmt"/>
      <line num="90" count="1" type="stmt"/>
      <line num="91" count="1" type="stmt"/>
      <line num="92" count="0" type="stmt"/>
      <line num="93" count="0" type="stmt"/>
      <line num="94" count="1" type="stmt"/>
      <line num="95" count="1" type="stmt"/>
      <line num="96" count="1" type="stmt"/>
      <line num="97" count="1" type="stmt"/>
      <line num="98" count="1" type="stmt"/>
      <line num="99" count="1" type="stmt"/>
      <line num="100" count="1" type="stmt"/>
      <line num="101" count="1" type="stmt"/>
      <line num="102" count="1" type="stmt"/>
      <line num="103" count="1" type="stmt"/>
      <line num="104" count="1" type="cond" truecount="1" falsecount="0"/>
      <line num="105" count="1" type="stmt"/>
      <line num="106" count="1" type="cond" truecount="1" falsecount="0"/>
      <line num="107" count="1" type="stmt"/>
      <line num="108" count="1" type="stmt"/>
      <line num="109" count="0" type="stmt"/>
      <line num="110" count="1" type="stmt"/>
      <line num="111" count="1" type="stmt"/>
      <line num="112" count="1" type="stmt"/>
      <line num="113" count="1" type="stmt"/>
      <line num="114" count="1" type="stmt"/>
      <line num="115" count="1" type="stmt"/>
      <line num="116" count="1" type="stmt"/>
      <line num="117" count="1" type="stmt"/>
      <line num="118" count="1" type="stmt"/>
      <line num="119" count="1" type="stmt"/>
      <line num="120" count="1" type="cond" truecount="1" falsecount="0"/>
      <line num="121" count="2" type="stmt"/>
      <line num="122" count="2" type="cond" truecount="1" falsecount="0"/>
      <line num="123" count="2" type="stmt"/>
      <line num="124" count="1" type="stmt"/>
      <line num="125" count="1" type="stmt"/>
      <line num="126" count="1" type="stmt"/>
      <line num="127" count="1" type="stmt"/>
      <line num="128" count="1" type="stmt"/>
      <line num="129" count="1" type="stmt"/>
      <line num="130" count="1" type="cond" truecount="1" falsecount="0"/>
      <line num="131" count="1" type="stmt"/>
      <line num="132" count="1" type="stmt"/>
      <line num="133" count="1" type="stmt"/>
      <line num="134" count="1" type="stmt"/>
      <line num="135" count="1" type="stmt"/>
      <line num="136" count="1" type="cond" truecount="1" falsecount="0"/>
      <line num="137" count="2" type="stmt"/>
      <line num="138" count="2" type="stmt"/>
      <line num="139" count="2" type="cond" truecount="1" falsecount="0"/>
      <line num="140" count="10" type="stmt"/>
      <line num="141" count="10" type="stmt"/>
      <line num="142" count="2" type="stmt"/>
      <line num="143" count="2" type="stmt"/>
      <line num="144" count="1" type="stmt"/>
      <line num="145" count="1" type="stmt"/>
      <line num="146" count="1" type="stmt"/>
      <line num="147" count="1" type="stmt"/>
      <line num="148" count="1" type="cond" truecount="4" falsecount="0"/>
      <line num="149" count="1" type="stmt"/>
      <line num="150" count="1" type="stmt"/>
      <line num="151" count="1" type="stmt"/>
      <line num="152" count="1" type="stmt"/>
      <line num="153" count="1" type="stmt"/>
      <line num="154" count="1" type="stmt"/>
      <line num="155" count="1" type="stmt"/>
      <line num="156" count="1" type="cond" truecount="1" falsecount="0"/>
      <line num="157" count="1" type="stmt"/>
      <line num="158" count="1" type="stmt"/>
      <line num="159" count="1" type="stmt"/>
      <line num="160" count="1" type="stmt"/>
      <line num="161" count="1" type="stmt"/>
      <line num="162" count="1" type="cond" truecount="2" falsecount="0"/>
      <line num="163" count="1" type="stmt"/>
      <line num="164" count="1" type="stmt"/>
      <line num="165" count="1" type="stmt"/>
      <line num="166" count="1" type="stmt"/>
      <line num="167" count="1" type="stmt"/>
      <line num="168" count="1" type="cond" truecount="1" falsecount="0"/>
      <line num="169" count="1" type="stmt"/>
      <line num="170" count="1" type="stmt"/>
      <line num="171" count="1" type="stmt"/>
      <line num="172" count="1" type="stmt"/>
      <line num="173" count="1" type="stmt"/>
      <line num="174" count="1" type="cond" truecount="2" falsecount="0"/>
      <line num="175" count="1" type="stmt"/>
      <line num="176" count="1" type="stmt"/>
      <line num="177" count="1" type="stmt"/>
      <line num="178" count="1" type="stmt"/>
      <line num="179" count="1" type="stmt"/>
      <line num="180" count="1" type="cond" truecount="1" falsecount="0"/>
      <line num="181" count="2" type="stmt"/>
      <line num="182" count="2" type="stmt"/>
      <line num="183" count="2" type="stmt"/>
      <line num="184" count="2" type="stmt"/>
      <line num="185" count="2" type="stmt"/>
      <line num="186" count="2" type="stmt"/>
      <line num="187" count="2" type="stmt"/>
      <line num="188" count="2" type="stmt"/>
      <line num="189" count="2" type="stmt"/>
      <line num="190" count="2" type="stmt"/>
      <line num="191" count="2" type="stmt"/>
      <line num="192" count="2" type="cond" truecount="2" falsecount="0"/>
      <line num="193" count="2" type="stmt"/>
      <line num="194" count="1" type="stmt"/>
      <line num="195" count="1" type="stmt"/>
      <line num="196" count="1" type="stmt"/>
      <line num="197" count="1" type="stmt"/>
      <line num="198" count="1" type="cond" truecount="1" falsecount="0"/>
      <line num="199" count="1" type="stmt"/>
      <line num="200" count="1" type="stmt"/>
      <line num="201" count="1" type="stmt"/>
      <line num="202" count="1" type="stmt"/>
      <line num="203" count="1" type="stmt"/>
      <line num="204" count="1" type="stmt"/>
      <line num="205" count="1" type="stmt"/>
      <line num="206" count="1" type="cond" truecount="1" falsecount="0"/>
      <line num="207" count="1" type="stmt"/>
      <line num="208" count="1" type="stmt"/>
      <line num="209" count="1" type="stmt"/>
      <line num="210" count="1" type="stmt"/>
      <line num="211" count="1" type="stmt"/>
      <line num="212" count="1" type="cond" truecount="1" falsecount="0"/>
      <line num="213" count="1" type="stmt"/>
      <line num="214" count="1" type="stmt"/>
      <line num="215" count="1" type="stmt"/>
      <line num="216" count="1" type="stmt"/>
      <line num="217" count="1" type="stmt"/>
      <line num="218" count="1" type="cond" truecount="1" falsecount="0"/>
      <line num="219" count="4" type="cond" truecount="2" falsecount="0"/>
      <line num="220" count="3" type="stmt"/>
      <line num="221" count="3" type="stmt"/>
      <line num="222" count="3" type="stmt"/>
      <line num="223" count="3" type="stmt"/>
      <line num="224" count="3" type="stmt"/>
      <line num="225" count="1" type="stmt"/>
      <line num="226" count="1" type="stmt"/>
      <line num="227" count="1" type="stmt"/>
      <line num="228" count="1" type="stmt"/>
      <line num="229" count="1" type="cond" truecount="1" falsecount="0"/>
      <line num="230" count="1" type="stmt"/>
      <line num="231" count="1" type="stmt"/>
      <line num="232" count="1" type="stmt"/>
      <line num="233" count="1" type="stmt"/>
      <line num="234" count="1" type="stmt"/>
      <line num="235" count="1" type="cond" truecount="1" falsecount="0"/>
      <line num="236" count="4" type="stmt"/>
      <line num="237" count="4" type="stmt"/>
      <line num="238" count="4" type="stmt"/>
      <line num="239" count="4" type="stmt"/>
      <line num="240" count="4" type="stmt"/>
      <line num="241" count="4" type="stmt"/>
      <line num="242" count="4" type="stmt"/>
      <line num="243" count="4" type="cond" truecount="1" falsecount="0"/>
      <line num="244" count="1" type="stmt"/>
      <line num="245" count="4" type="cond" truecount="1" falsecount="1"/>
      <line num="246" count="0" type="stmt"/>
      <line num="247" count="0" type="stmt"/>
      <line num="248" count="4" type="stmt"/>
      <line num="249" count="4" type="stmt"/>
      <line num="250" count="1" type="stmt"/>
      <line num="251" count="1" type="stmt"/>
      <line num="252" count="1" type="cond" truecount="1" falsecount="0"/>
      <line num="253" count="1" type="stmt"/>
      <line num="254" count="1" type="stmt"/>
      <line num="255" count="1" type="stmt"/>
      <line num="256" count="1" type="stmt"/>
      <line num="257" count="1" type="stmt"/>
      <line num="258" count="1" type="cond" truecount="1" falsecount="0"/>
      <line num="259" count="4" type="stmt"/>
      <line num="260" count="4" type="stmt"/>
      <line num="261" count="4" type="stmt"/>
      <line num="262" count="4" type="stmt"/>
      <line num="263" count="4" type="stmt"/>
      <line num="264" count="4" type="stmt"/>
      <line num="265" count="4" type="stmt"/>
      <line num="266" count="4" type="stmt"/>
      <line num="267" count="4" type="cond" truecount="1" falsecount="0"/>
      <line num="268" count="3" type="stmt"/>
      <line num="269" count="3" type="stmt"/>
      <line num="270" count="4" type="cond" truecount="1" falsecount="0"/>
      <line num="271" count="3" type="stmt"/>
      <line num="272" count="3" type="stmt"/>
      <line num="273" count="4" type="stmt"/>
      <line num="274" count="1" type="stmt"/>
      <line num="275" count="1" type="stmt"/>
      <line num="276" count="1" type="stmt"/>
      <line num="277" count="1" type="cond" truecount="1" falsecount="0"/>
      <line num="278" count="1" type="stmt"/>
      <line num="279" count="1" type="stmt"/>
      <line num="280" count="1" type="cond" truecount="1" falsecount="0"/>
      <line num="281" count="10" type="stmt"/>
      <line num="282" count="10" type="stmt"/>
      <line num="283" count="10" type="stmt"/>
      <line num="284" count="10" type="cond" truecount="0" falsecount="1"/>
      <line num="285" count="0" type="stmt"/>
      <line num="286" count="0" type="stmt"/>
      <line num="287" count="0" type="stmt"/>
      <line num="288" count="0" type="stmt"/>
      <line num="289" count="0" type="stmt"/>
      <line num="290" count="0" type="stmt"/>
      <line num="291" count="0" type="stmt"/>
      <line num="292" count="10" type="stmt"/>
      <line num="293" count="1" type="stmt"/>
      <line num="294" count="1" type="stmt"/>
      <line num="295" count="1" type="cond" truecount="1" falsecount="0"/>
      <line num="296" count="1" type="stmt"/>
      <line num="297" count="1" type="stmt"/>
      <line num="298" count="1" type="stmt"/>
      <line num="299" count="1" type="stmt"/>
      <line num="300" count="1" type="cond" truecount="1" falsecount="0"/>
      <line num="301" count="10" type="stmt"/>
      <line num="302" count="10" type="stmt"/>
      <line num="303" count="10" type="stmt"/>
      <line num="304" count="10" type="stmt"/>
      <line num="305" count="10" type="cond" truecount="0" falsecount="1"/>
      <line num="306" count="0" type="stmt"/>
      <line num="307" count="0" type="stmt"/>
      <line num="308" count="0" type="stmt"/>
      <line num="309" count="0" type="stmt"/>
      <line num="310" count="0" type="stmt"/>
      <line num="311" count="0" type="stmt"/>
      <line num="312" count="0" type="stmt"/>
      <line num="313" count="0" type="stmt"/>
      <line num="314" count="0" type="stmt"/>
      <line num="315" count="10" type="stmt"/>
      <line num="316" count="1" type="stmt"/>
      <line num="317" count="1" type="stmt"/>
      <line num="318" count="1" type="stmt"/>
      <line num="319" count="1" type="stmt"/>
      <line num="320" count="1" type="stmt"/>
      <line num="321" count="1" type="stmt"/>
      <line num="322" count="1" type="stmt"/>
      <line num="323" count="1" type="stmt"/>
      <line num="324" count="1" type="stmt"/>
      <line num="325" count="1" type="stmt"/>
      <line num="326" count="1" type="stmt"/>
      <line num="327" count="1" type="stmt"/>
      <line num="328" count="1" type="stmt"/>
      <line num="329" count="1" type="stmt"/>
      <line num="330" count="1" type="stmt"/>
      <line num="331" count="1" type="stmt"/>
      <line num="332" count="1" type="stmt"/>
      <line num="333" count="1" type="cond" truecount="1" falsecount="0"/>
      <line num="334" count="1" type="cond" truecount="1" falsecount="0"/>
      <line num="335" count="64" type="stmt"/>
      <line num="336" count="64" type="stmt"/>
      <line num="337" count="1" type="stmt"/>
      <line num="338" count="1" type="cond" truecount="1" falsecount="0"/>
      <line num="339" count="260" type="stmt"/>
      <line num="340" count="260" type="stmt"/>
      <line num="341" count="260" type="stmt"/>
      <line num="342" count="260" type="stmt"/>
      <line num="343" count="260" type="stmt"/>
      <line num="344" count="260" type="stmt"/>
      <line num="345" count="260" type="cond" truecount="1" falsecount="0"/>
      <line num="346" count="62" type="stmt"/>
      <line num="347" count="62" type="stmt"/>
      <line num="348" count="260" type="cond" truecount="2" falsecount="0"/>
      <line num="349" count="126" type="cond" truecount="1" falsecount="0"/>
      <line num="350" count="45" type="stmt"/>
      <line num="351" count="126" type="cond" truecount="1" falsecount="0"/>
      <line num="352" count="81" type="stmt"/>
      <line num="353" count="81" type="stmt"/>
      <line num="354" count="260" type="cond" truecount="1" falsecount="0"/>
      <line num="355" count="72" type="stmt"/>
      <line num="356" count="72" type="stmt"/>
      <line num="357" count="260" type="stmt"/>
      <line num="358" count="1" type="stmt"/>
      <line num="359" count="1" type="cond" truecount="1" falsecount="0"/>
      <line num="360" count="16" type="stmt"/>
      <line num="361" count="16" type="stmt"/>
      <line num="362" count="1" type="stmt"/>
      <line num="363" count="1" type="cond" truecount="1" falsecount="0"/>
      <line num="364" count="16" type="stmt"/>
      <line num="365" count="16" type="stmt"/>
      <line num="366" count="1" type="stmt"/>
      <line num="367" count="1" type="cond" truecount="1" falsecount="0"/>
      <line num="368" count="16" type="stmt"/>
      <line num="369" count="16" type="stmt"/>
      <line num="370" count="1" type="stmt"/>
      <line num="371" count="1" type="cond" truecount="1" falsecount="0"/>
      <line num="372" count="16" type="stmt"/>
      <line num="373" count="16" type="stmt"/>
      <line num="374" count="1" type="stmt"/>
      <line num="375" count="1" type="cond" truecount="1" falsecount="0"/>
      <line num="376" count="16" type="stmt"/>
      <line num="377" count="16" type="stmt"/>
      <line num="378" count="16" type="stmt"/>
      <line num="379" count="1" type="stmt"/>
      <line num="380" count="1" type="cond" truecount="1" falsecount="0"/>
      <line num="381" count="16" type="stmt"/>
      <line num="382" count="16" type="stmt"/>
      <line num="383" count="16" type="stmt"/>
      <line num="384" count="1" type="stmt"/>
      <line num="385" count="1" type="cond" truecount="1" falsecount="0"/>
      <line num="386" count="16" type="stmt"/>
      <line num="387" count="16" type="stmt"/>
      <line num="388" count="16" type="stmt"/>
      <line num="389" count="1" type="stmt"/>
      <line num="390" count="1" type="cond" truecount="1" falsecount="0"/>
      <line num="391" count="16" type="stmt"/>
      <line num="392" count="16" type="stmt"/>
      <line num="393" count="16" type="stmt"/>
      <line num="394" count="1" type="stmt"/>
      <line num="395" count="1" type="cond" truecount="1" falsecount="0"/>
      <line num="396" count="1" type="stmt"/>
      <line num="397" count="1" type="stmt"/>
      <line num="398" count="1" type="stmt"/>
      <line num="399" count="1" type="stmt"/>
      <line num="400" count="1" type="stmt"/>
      <line num="401" count="1" type="stmt"/>
      <line num="402" count="1" type="stmt"/>
      <line num="403" count="1" type="stmt"/>
      <line num="404" count="1" type="cond" truecount="1" falsecount="0"/>
      <line num="405" count="7" type="stmt"/>
      <line num="406" count="7" type="stmt"/>
      <line num="407" count="7" type="stmt"/>
      <line num="408" count="7" type="stmt"/>
      <line num="409" count="7" type="stmt"/>
      <line num="410" count="1" type="stmt"/>
      <line num="411" count="1" type="stmt"/>
      <line num="412" count="1" type="stmt"/>
      <line num="413" count="1" type="stmt"/>
      <line num="414" count="1" type="stmt"/>
      <line num="415" count="1" type="stmt"/>
      <line num="416" count="1" type="stmt"/>
      <line num="417" count="1" type="stmt"/>
      <line num="418" count="1" type="cond" truecount="1" falsecount="0"/>
      <line num="419" count="4" type="stmt"/>
      <line num="420" count="4" type="stmt"/>
      <line num="421" count="4" type="stmt"/>
      <line num="422" count="4" type="cond" truecount="1" falsecount="0"/>
      <line num="423" count="16" type="stmt"/>
      <line num="424" count="16" type="stmt"/>
      <line num="425" count="16" type="stmt"/>
      <line num="426" count="16" type="stmt"/>
      <line num="427" count="4" type="stmt"/>
      <line num="428" count="4" type="stmt"/>
      <line num="429" count="1" type="stmt"/>
      <line num="430" count="1" type="cond" truecount="1" falsecount="0"/>
      <line num="431" count="1" type="stmt"/>
      <line num="432" count="1" type="stmt"/>
      <line num="433" count="1" type="cond" truecount="1" falsecount="0"/>
      <line num="434" count="7" type="stmt"/>
      <line num="435" count="7" type="stmt"/>
      <line num="436" count="7" type="stmt"/>
      <line num="437" count="7" type="cond" truecount="0" falsecount="1"/>
      <line num="438" count="0" type="stmt"/>
      <line num="439" count="0" type="stmt"/>
      <line num="440" count="0" type="stmt"/>
      <line num="441" count="0" type="stmt"/>
      <line num="442" count="0" type="stmt"/>
      <line num="443" count="0" type="stmt"/>
      <line num="444" count="0" type="stmt"/>
      <line num="445" count="7" type="stmt"/>
      <line num="446" count="1" type="stmt"/>
      <line num="447" count="1" type="stmt"/>
      <line num="448" count="1" type="stmt"/>
      <line num="449" count="1" type="stmt"/>
      <line num="450" count="1" type="stmt"/>
      <line num="451" count="1" type="stmt"/>
      <line num="452" count="1" type="stmt"/>
      <line num="453" count="1" type="stmt"/>
      <line num="454" count="1" type="stmt"/>
      <line num="455" count="1" type="stmt"/>
      <line num="456" count="1" type="stmt"/>
      <line num="457" count="1" type="stmt"/>
      <line num="458" count="1" type="stmt"/>
      <line num="459" count="1" type="stmt"/>
      <line num="460" count="1" type="stmt"/>
      <line num="461" count="1" type="stmt"/>
      <line num="462" count="1" type="stmt"/>
      <line num="463" count="1" type="stmt"/>
      <line num="464" count="1" type="stmt"/>
      <line num="465" count="1" type="stmt"/>
      <line num="466" count="1" type="stmt"/>
      <line num="467" count="1" type="stmt"/>
      <line num="468" count="1" type="stmt"/>
      <line num="469" count="1" type="stmt"/>
      <line num="470" count="1" type="stmt"/>
      <line num="471" count="1" type="stmt"/>
      <line num="472" count="1" type="stmt"/>
      <line num="473" count="1" type="stmt"/>
      <line num="474" count="1" type="stmt"/>
      <line num="475" count="1" type="stmt"/>
      <line num="476" count="1" type="stmt"/>
      <line num="477" count="1" type="stmt"/>
      <line num="478" count="1" type="stmt"/>
      <line num="479" count="1" type="stmt"/>
      <line num="480" count="1" type="stmt"/>
      <line num="481" count="1" type="stmt"/>
      <line num="482" count="1" type="stmt"/>
      <line num="483" count="1" type="stmt"/>
      <line num="484" count="1" type="stmt"/>
      <line num="485" count="1" type="stmt"/>
      <line num="486" count="1" type="stmt"/>
      <line num="487" count="1" type="stmt"/>
      <line num="488" count="1" type="stmt"/>
      <line num="489" count="1" type="stmt"/>
      <line num="490" count="1" type="stmt"/>
      <line num="491" count="1" type="stmt"/>
      <line num="492" count="1" type="stmt"/>
      <line num="493" count="1" type="stmt"/>
      <line num="494" count="1" type="stmt"/>
      <line num="495" count="1" type="stmt"/>
      <line num="496" count="1" type="stmt"/>
      <line num="497" count="1" type="stmt"/>
      <line num="498" count="1" type="stmt"/>
      <line num="499" count="1" type="stmt"/>
      <line num="500" count="1" type="stmt"/>
      <line num="501" count="1" type="stmt"/>
      <line num="502" count="1" type="stmt"/>
      <line num="503" count="1" type="stmt"/>
      <line num="504" count="1" type="stmt"/>
      <line num="505" count="1" type="stmt"/>
      <line num="506" count="1" type="stmt"/>
      <line num="507" count="1" type="stmt"/>
      <line num="508" count="1" type="stmt"/>
      <line num="509" count="1" type="stmt"/>
      <line num="510" count="1" type="stmt"/>
      <line num="511" count="1" type="stmt"/>
      <line num="512" count="1" type="stmt"/>
      <line num="513" count="1" type="stmt"/>
      <line num="514" count="1" type="stmt"/>
      <line num="515" count="1" type="stmt"/>
      <line num="516" count="1" type="stmt"/>
      <line num="517" count="1" type="stmt"/>
      <line num="518" count="1" type="stmt"/>
      <line num="519" count="1" type="stmt"/>
      <line num="520" count="1" type="stmt"/>
      <line num="521" count="1" type="stmt"/>
      <line num="522" count="1" type="stmt"/>
      <line num="523" count="1" type="stmt"/>
      <line num="524" count="1" type="stmt"/>
      <line num="525" count="1" type="stmt"/>
      <line num="526" count="1" type="stmt"/>
      <line num="527" count="1" type="stmt"/>
      <line num="528" count="1" type="stmt"/>
      <line num="529" count="1" type="stmt"/>
      <line num="530" count="1" type="stmt"/>
      <line num="531" count="1" type="stmt"/>
      <line num="532" count="1" type="stmt"/>
      <line num="533" count="1" type="stmt"/>
      <line num="534" count="1" type="stmt"/>
      <line num="535" count="1" type="stmt"/>
      <line num="536" count="1" type="stmt"/>
      <line num="537" count="1" type="stmt"/>
      <line num="538" count="1" type="stmt"/>
      <line num="539" count="1" type="stmt"/>
      <line num="540" count="1" type="stmt"/>
      <line num="541" count="1" type="stmt"/>
      <line num="542" count="1" type="stmt"/>
      <line num="543" count="1" type="stmt"/>
      <line num="544" count="1" type="stmt"/>
      <line num="545" count="1" type="stmt"/>
      <line num="546" count="1" type="stmt"/>
      <line num="547" count="1" type="stmt"/>
      <line num="548" count="1" type="stmt"/>
      <line num="549" count="1" type="stmt"/>
      <line num="550" count="1" type="stmt"/>
      <line num="551" count="1" type="stmt"/>
      <line num="552" count="1" type="stmt"/>
      <line num="553" count="1" type="cond" truecount="1" falsecount="0"/>
      <line num="554" count="2" type="stmt"/>
      <line num="555" count="2" type="stmt"/>
      <line num="556" count="2" type="cond" truecount="1" falsecount="0"/>
      <line num="557" count="72" type="stmt"/>
      <line num="558" count="72" type="stmt"/>
      <line num="559" count="2" type="stmt"/>
      <line num="560" count="2" type="stmt"/>
      <line num="561" count="2" type="stmt"/>
      <line num="562" count="2" type="stmt"/>
      <line num="563" count="2" type="stmt"/>
      <line num="564" count="1" type="stmt"/>
      <line num="565" count="1" type="stmt"/>
      <line num="566" count="1" type="stmt"/>
      <line num="567" count="1" type="stmt"/>
      <line num="568" count="1" type="stmt"/>
      <line num="569" count="1" type="cond" truecount="1" falsecount="0"/>
      <line num="570" count="6" type="cond" truecount="0" falsecount="1"/>
      <line num="571" count="6" type="cond" truecount="0" falsecount="1"/>
      <line num="572" count="6" type="cond" truecount="1" falsecount="0"/>
      <line num="573" count="4" type="stmt"/>
      <line num="574" count="4" type="stmt"/>
      <line num="575" count="6" type="cond" truecount="1" falsecount="1"/>
      <line num="576" count="0" type="stmt"/>
      <line num="577" count="0" type="stmt"/>
      <line num="578" count="2" type="cond" truecount="1" falsecount="0"/>
      <line num="579" count="2" type="stmt"/>
      <line num="580" count="2" type="stmt"/>
      <line num="581" count="6" type="cond" truecount="1" falsecount="0"/>
      <line num="582" count="5" type="stmt"/>
      <line num="583" count="5" type="stmt"/>
      <line num="584" count="5" type="stmt"/>
      <line num="585" count="5" type="stmt"/>
      <line num="586" count="2" type="cond" truecount="1" falsecount="0"/>
      <line num="587" count="2" type="stmt"/>
      <line num="588" count="1" type="stmt"/>
      <line num="589" count="1" type="stmt"/>
      <line num="590" count="1" type="stmt"/>
      <line num="591" count="1" type="stmt"/>
      <line num="592" count="1" type="stmt"/>
      <line num="593" count="1" type="stmt"/>
      <line num="594" count="1" type="stmt"/>
      <line num="595" count="1" type="stmt"/>
      <line num="596" count="1" type="stmt"/>
      <line num="597" count="1" type="stmt"/>
      <line num="598" count="1" type="stmt"/>
      <line num="599" count="1" type="stmt"/>
      <line num="600" count="1" type="stmt"/>
      <line num="601" count="1" type="stmt"/>
      <line num="602" count="1" type="stmt"/>
      <line num="603" count="1" type="stmt"/>
      <line num="604" count="1" type="stmt"/>
      <line num="605" count="1" type="stmt"/>
      <line num="606" count="1" type="cond" truecount="1" falsecount="0"/>
      <line num="607" count="2" type="stmt"/>
      <line num="608" count="2" type="stmt"/>
      <line num="609" count="2" type="stmt"/>
      <line num="610" count="2" type="stmt"/>
      <line num="611" count="2" type="stmt"/>
      <line num="612" count="2" type="stmt"/>
      <line num="613" count="2" type="stmt"/>
      <line num="614" count="1" type="stmt"/>
      <line num="615" count="1" type="stmt"/>
      <line num="616" count="1" type="stmt"/>
      <line num="617" count="1" type="stmt"/>
      <line num="618" count="1" type="stmt"/>
      <line num="619" count="1" type="cond" truecount="1" falsecount="0"/>
      <line num="620" count="2" type="stmt"/>
      <line num="621" count="2" type="stmt"/>
      <line num="622" count="2" type="stmt"/>
      <line num="623" count="2" type="stmt"/>
      <line num="624" count="2" type="stmt"/>
      <line num="625" count="2" type="stmt"/>
      <line num="626" count="2" type="stmt"/>
      <line num="627" count="2" type="stmt"/>
      <line num="628" count="2" type="stmt"/>
      <line num="629" count="2" type="cond" truecount="2" falsecount="0"/>
      <line num="630" count="2" type="stmt"/>
      <line num="631" count="2" type="stmt"/>
      <line num="632" count="2" type="cond" truecount="1" falsecount="0"/>
      <line num="633" count="4" type="stmt"/>
      <line num="634" count="4" type="stmt"/>
      <line num="635" count="2" type="cond" truecount="1" falsecount="0"/>
      <line num="636" count="2" type="stmt"/>
      <line num="637" count="2" type="cond" truecount="2" falsecount="0"/>
      <line num="638" count="3" type="stmt"/>
      <line num="639" count="3" type="cond" truecount="2" falsecount="0"/>
      <line num="640" count="8" type="stmt"/>
      <line num="641" count="8" type="stmt"/>
      <line num="642" count="8" type="stmt"/>
      <line num="643" count="3" type="stmt"/>
      <line num="644" count="3" type="stmt"/>
      <line num="645" count="2" type="stmt"/>
      <line num="646" count="2" type="stmt"/>
      <line num="647" count="2" type="stmt"/>
      <line num="648" count="2" type="stmt"/>
    </file>
    <file name="window.js" path="F:\vue3test\_ui_view\rutil\utils\window.js">
      <metrics statements="98" coveredstatements="59" conditionals="0" coveredconditionals="0" methods="9" coveredmethods="0"/>
      <line num="1" count="1" type="stmt"/>
      <line num="2" count="1" type="stmt"/>
      <line num="3" count="1" type="stmt"/>
      <line num="4" count="1" type="stmt"/>
      <line num="5" count="1" type="stmt"/>
      <line num="6" count="1" type="stmt"/>
      <line num="7" count="1" type="stmt"/>
      <line num="8" count="1" type="stmt"/>
      <line num="9" count="0" type="stmt"/>
      <line num="10" count="0" type="stmt"/>
      <line num="11" count="0" type="stmt"/>
      <line num="12" count="0" type="stmt"/>
      <line num="13" count="0" type="stmt"/>
      <line num="14" count="0" type="stmt"/>
      <line num="15" count="0" type="stmt"/>
      <line num="16" count="0" type="stmt"/>
      <line num="17" count="0" type="stmt"/>
      <line num="18" count="0" type="stmt"/>
      <line num="19" count="0" type="stmt"/>
      <line num="20" count="0" type="stmt"/>
      <line num="21" count="0" type="stmt"/>
      <line num="22" count="1" type="stmt"/>
      <line num="23" count="1" type="stmt"/>
      <line num="24" count="1" type="stmt"/>
      <line num="25" count="1" type="stmt"/>
      <line num="26" count="1" type="stmt"/>
      <line num="27" count="0" type="stmt"/>
      <line num="28" count="0" type="stmt"/>
      <line num="29" count="0" type="stmt"/>
      <line num="30" count="0" type="stmt"/>
      <line num="31" count="0" type="stmt"/>
      <line num="32" count="0" type="stmt"/>
      <line num="33" count="1" type="stmt"/>
      <line num="34" count="1" type="stmt"/>
      <line num="35" count="1" type="stmt"/>
      <line num="36" count="1" type="stmt"/>
      <line num="37" count="1" type="stmt"/>
      <line num="38" count="0" type="stmt"/>
      <line num="39" count="0" type="stmt"/>
      <line num="40" count="0" type="stmt"/>
      <line num="41" count="0" type="stmt"/>
      <line num="42" count="0" type="stmt"/>
      <line num="43" count="0" type="stmt"/>
      <line num="44" count="1" type="stmt"/>
      <line num="45" count="1" type="stmt"/>
      <line num="46" count="1" type="stmt"/>
      <line num="47" count="1" type="stmt"/>
      <line num="48" count="1" type="stmt"/>
      <line num="49" count="1" type="stmt"/>
      <line num="50" count="1" type="stmt"/>
      <line num="51" count="1" type="stmt"/>
      <line num="52" count="1" type="stmt"/>
      <line num="53" count="1" type="stmt"/>
      <line num="54" count="1" type="stmt"/>
      <line num="55" count="1" type="stmt"/>
      <line num="56" count="1" type="stmt"/>
      <line num="57" count="1" type="stmt"/>
      <line num="58" count="0" type="stmt"/>
      <line num="59" count="0" type="stmt"/>
      <line num="60" count="0" type="stmt"/>
      <line num="61" count="0" type="stmt"/>
      <line num="62" count="1" type="stmt"/>
      <line num="63" count="1" type="stmt"/>
      <line num="64" count="1" type="stmt"/>
      <line num="65" count="1" type="stmt"/>
      <line num="66" count="1" type="stmt"/>
      <line num="67" count="1" type="stmt"/>
      <line num="68" count="1" type="stmt"/>
      <line num="69" count="1" type="stmt"/>
      <line num="70" count="1" type="stmt"/>
      <line num="71" count="1" type="stmt"/>
      <line num="72" count="1" type="stmt"/>
      <line num="73" count="1" type="stmt"/>
      <line num="74" count="1" type="stmt"/>
      <line num="75" count="1" type="stmt"/>
      <line num="76" count="1" type="stmt"/>
      <line num="77" count="0" type="stmt"/>
      <line num="78" count="0" type="stmt"/>
      <line num="79" count="0" type="stmt"/>
      <line num="80" count="0" type="stmt"/>
      <line num="81" count="0" type="stmt"/>
      <line num="82" count="0" type="stmt"/>
      <line num="83" count="1" type="stmt"/>
      <line num="84" count="1" type="stmt"/>
      <line num="85" count="1" type="stmt"/>
      <line num="86" count="1" type="stmt"/>
      <line num="87" count="1" type="stmt"/>
      <line num="88" count="1" type="stmt"/>
      <line num="89" count="0" type="stmt"/>
      <line num="90" count="0" type="stmt"/>
      <line num="91" count="0" type="stmt"/>
      <line num="92" count="0" type="stmt"/>
      <line num="93" count="1" type="stmt"/>
      <line num="94" count="1" type="stmt"/>
      <line num="95" count="1" type="stmt"/>
      <line num="96" count="1" type="stmt"/>
      <line num="97" count="1" type="stmt"/>
      <line num="98" count="1" type="stmt"/>
    </file>
  </project>
</coverage>
