{"F:\\vue3test\\_ui_view\\rutil\\utils\\array.js": {"path":"F:\\vue3test\\_ui_view\\rutil\\utils\\array.js","all":false,"statementMap":{"0":{"start":{"line":1,"column":0},"end":{"line":1,"column":12}},"1":{"start":{"line":2,"column":0},"end":{"line":2,"column":0}},"2":{"start":{"line":3,"column":0},"end":{"line":3,"column":3}},"3":{"start":{"line":4,"column":0},"end":{"line":4,"column":9}},"4":{"start":{"line":5,"column":0},"end":{"line":5,"column":24}},"5":{"start":{"line":6,"column":0},"end":{"line":6,"column":3}},"6":{"start":{"line":7,"column":0},"end":{"line":7,"column":52}},"7":{"start":{"line":8,"column":0},"end":{"line":8,"column":0}},"8":{"start":{"line":9,"column":0},"end":{"line":9,"column":0}},"9":{"start":{"line":10,"column":0},"end":{"line":10,"column":3}},"10":{"start":{"line":11,"column":0},"end":{"line":11,"column":10}},"11":{"start":{"line":12,"column":0},"end":{"line":12,"column":22}},"12":{"start":{"line":13,"column":0},"end":{"line":13,"column":3}},"13":{"start":{"line":14,"column":0},"end":{"line":14,"column":48}},"14":{"start":{"line":15,"column":0},"end":{"line":15,"column":0}},"15":{"start":{"line":16,"column":0},"end":{"line":16,"column":3}},"16":{"start":{"line":17,"column":0},"end":{"line":17,"column":10}},"17":{"start":{"line":18,"column":0},"end":{"line":18,"column":22}},"18":{"start":{"line":19,"column":0},"end":{"line":19,"column":3}},"19":{"start":{"line":20,"column":0},"end":{"line":20,"column":48}},"20":{"start":{"line":21,"column":0},"end":{"line":21,"column":0}},"21":{"start":{"line":22,"column":0},"end":{"line":22,"column":3}},"22":{"start":{"line":23,"column":0},"end":{"line":23,"column":14}},"23":{"start":{"line":24,"column":0},"end":{"line":24,"column":18}},"24":{"start":{"line":25,"column":0},"end":{"line":25,"column":20}},"25":{"start":{"line":26,"column":0},"end":{"line":26,"column":3}},"26":{"start":{"line":27,"column":0},"end":{"line":27,"column":96}},"27":{"start":{"line":28,"column":0},"end":{"line":28,"column":0}},"28":{"start":{"line":29,"column":0},"end":{"line":29,"column":3}},"29":{"start":{"line":30,"column":0},"end":{"line":30,"column":13}},"30":{"start":{"line":31,"column":0},"end":{"line":31,"column":18}},"31":{"start":{"line":32,"column":0},"end":{"line":32,"column":3}},"32":{"start":{"line":33,"column":0},"end":{"line":33,"column":73}},"33":{"start":{"line":34,"column":0},"end":{"line":34,"column":0}},"34":{"start":{"line":35,"column":0},"end":{"line":35,"column":3}},"35":{"start":{"line":36,"column":0},"end":{"line":36,"column":19}},"36":{"start":{"line":37,"column":0},"end":{"line":37,"column":19}},"37":{"start":{"line":38,"column":0},"end":{"line":38,"column":19}},"38":{"start":{"line":39,"column":0},"end":{"line":39,"column":3}},"39":{"start":{"line":40,"column":0},"end":{"line":40,"column":40}},"40":{"start":{"line":41,"column":0},"end":{"line":41,"column":28}},"41":{"start":{"line":42,"column":0},"end":{"line":42,"column":39}},"42":{"start":{"line":43,"column":0},"end":{"line":43,"column":2}},"43":{"start":{"line":44,"column":0},"end":{"line":44,"column":0}},"44":{"start":{"line":45,"column":0},"end":{"line":45,"column":3}},"45":{"start":{"line":46,"column":0},"end":{"line":46,"column":24}},"46":{"start":{"line":47,"column":0},"end":{"line":47,"column":18}},"47":{"start":{"line":48,"column":0},"end":{"line":48,"column":3}},"48":{"start":{"line":49,"column":0},"end":{"line":49,"column":90}},"49":{"start":{"line":50,"column":0},"end":{"line":50,"column":0}},"50":{"start":{"line":51,"column":0},"end":{"line":51,"column":3}},"51":{"start":{"line":52,"column":0},"end":{"line":52,"column":15}},"52":{"start":{"line":53,"column":0},"end":{"line":53,"column":20}},"53":{"start":{"line":54,"column":0},"end":{"line":54,"column":20}},"54":{"start":{"line":55,"column":0},"end":{"line":55,"column":3}},"55":{"start":{"line":56,"column":0},"end":{"line":56,"column":76}},"56":{"start":{"line":57,"column":0},"end":{"line":57,"column":0}},"57":{"start":{"line":58,"column":0},"end":{"line":58,"column":3}},"58":{"start":{"line":59,"column":0},"end":{"line":59,"column":14}},"59":{"start":{"line":60,"column":0},"end":{"line":60,"column":19}},"60":{"start":{"line":61,"column":0},"end":{"line":61,"column":19}},"61":{"start":{"line":62,"column":0},"end":{"line":62,"column":3}},"62":{"start":{"line":63,"column":0},"end":{"line":63,"column":48}},"63":{"start":{"line":64,"column":0},"end":{"line":64,"column":28}},"64":{"start":{"line":65,"column":0},"end":{"line":65,"column":38}},"65":{"start":{"line":66,"column":0},"end":{"line":66,"column":2}},"66":{"start":{"line":67,"column":0},"end":{"line":67,"column":0}},"67":{"start":{"line":68,"column":0},"end":{"line":68,"column":3}},"68":{"start":{"line":69,"column":0},"end":{"line":69,"column":12}},"69":{"start":{"line":70,"column":0},"end":{"line":70,"column":18}},"70":{"start":{"line":71,"column":0},"end":{"line":71,"column":16}},"71":{"start":{"line":72,"column":0},"end":{"line":72,"column":3}},"72":{"start":{"line":73,"column":0},"end":{"line":73,"column":116}},"73":{"start":{"line":74,"column":0},"end":{"line":74,"column":0}},"74":{"start":{"line":75,"column":0},"end":{"line":75,"column":3}},"75":{"start":{"line":76,"column":0},"end":{"line":76,"column":8}},"76":{"start":{"line":77,"column":0},"end":{"line":77,"column":25}},"77":{"start":{"line":78,"column":0},"end":{"line":78,"column":3}},"78":{"start":{"line":79,"column":0},"end":{"line":79,"column":93}},"79":{"start":{"line":80,"column":0},"end":{"line":80,"column":0}},"80":{"start":{"line":81,"column":0},"end":{"line":81,"column":3}},"81":{"start":{"line":82,"column":0},"end":{"line":82,"column":16}},"82":{"start":{"line":83,"column":0},"end":{"line":83,"column":18}},"83":{"start":{"line":84,"column":0},"end":{"line":84,"column":17}},"84":{"start":{"line":85,"column":0},"end":{"line":85,"column":3}},"85":{"start":{"line":86,"column":0},"end":{"line":86,"column":40}},"86":{"start":{"line":87,"column":0},"end":{"line":87,"column":96}},"87":{"start":{"line":88,"column":0},"end":{"line":88,"column":15}},"88":{"start":{"line":89,"column":0},"end":{"line":89,"column":0}},"89":{"start":{"line":90,"column":0},"end":{"line":90,"column":3}},"90":{"start":{"line":91,"column":0},"end":{"line":91,"column":12}},"91":{"start":{"line":92,"column":0},"end":{"line":92,"column":18}},"92":{"start":{"line":93,"column":0},"end":{"line":93,"column":3}},"93":{"start":{"line":94,"column":0},"end":{"line":94,"column":67}},"94":{"start":{"line":95,"column":0},"end":{"line":95,"column":0}},"95":{"start":{"line":96,"column":0},"end":{"line":96,"column":3}},"96":{"start":{"line":97,"column":0},"end":{"line":97,"column":15}},"97":{"start":{"line":98,"column":0},"end":{"line":98,"column":18}},"98":{"start":{"line":99,"column":0},"end":{"line":99,"column":18}},"99":{"start":{"line":100,"column":0},"end":{"line":100,"column":3}},"100":{"start":{"line":101,"column":0},"end":{"line":101,"column":108}},"101":{"start":{"line":102,"column":0},"end":{"line":102,"column":0}},"102":{"start":{"line":103,"column":0},"end":{"line":103,"column":3}},"103":{"start":{"line":104,"column":0},"end":{"line":104,"column":14}},"104":{"start":{"line":105,"column":0},"end":{"line":105,"column":18}},"105":{"start":{"line":106,"column":0},"end":{"line":106,"column":16}},"106":{"start":{"line":107,"column":0},"end":{"line":107,"column":3}},"107":{"start":{"line":108,"column":0},"end":{"line":108,"column":82}},"108":{"start":{"line":109,"column":0},"end":{"line":109,"column":0}},"109":{"start":{"line":110,"column":0},"end":{"line":110,"column":3}},"110":{"start":{"line":111,"column":0},"end":{"line":111,"column":18}},"111":{"start":{"line":112,"column":0},"end":{"line":112,"column":18}},"112":{"start":{"line":113,"column":0},"end":{"line":113,"column":18}},"113":{"start":{"line":114,"column":0},"end":{"line":114,"column":16}},"114":{"start":{"line":115,"column":0},"end":{"line":115,"column":3}},"115":{"start":{"line":116,"column":0},"end":{"line":116,"column":52}},"116":{"start":{"line":117,"column":0},"end":{"line":117,"column":16}},"117":{"start":{"line":118,"column":0},"end":{"line":118,"column":17}},"118":{"start":{"line":119,"column":0},"end":{"line":119,"column":64}},"119":{"start":{"line":120,"column":0},"end":{"line":120,"column":0}},"120":{"start":{"line":121,"column":0},"end":{"line":121,"column":3}},"121":{"start":{"line":122,"column":0},"end":{"line":122,"column":20}},"122":{"start":{"line":123,"column":0},"end":{"line":123,"column":18}},"123":{"start":{"line":124,"column":0},"end":{"line":124,"column":3}},"124":{"start":{"line":125,"column":0},"end":{"line":125,"column":82}},"125":{"start":{"line":126,"column":0},"end":{"line":126,"column":0}},"126":{"start":{"line":127,"column":0},"end":{"line":127,"column":3}},"127":{"start":{"line":128,"column":0},"end":{"line":128,"column":26}},"128":{"start":{"line":129,"column":0},"end":{"line":129,"column":18}},"129":{"start":{"line":130,"column":0},"end":{"line":130,"column":3}},"130":{"start":{"line":131,"column":0},"end":{"line":131,"column":48}},"131":{"start":{"line":132,"column":0},"end":{"line":132,"column":23}},"132":{"start":{"line":133,"column":0},"end":{"line":133,"column":15}},"133":{"start":{"line":134,"column":0},"end":{"line":134,"column":50}},"134":{"start":{"line":135,"column":0},"end":{"line":135,"column":44}},"135":{"start":{"line":136,"column":0},"end":{"line":136,"column":5}},"136":{"start":{"line":137,"column":0},"end":{"line":137,"column":27}},"137":{"start":{"line":138,"column":0},"end":{"line":138,"column":2}},"138":{"start":{"line":139,"column":0},"end":{"line":139,"column":0}},"139":{"start":{"line":140,"column":0},"end":{"line":140,"column":3}},"140":{"start":{"line":141,"column":0},"end":{"line":141,"column":15}},"141":{"start":{"line":142,"column":0},"end":{"line":142,"column":19}},"142":{"start":{"line":143,"column":0},"end":{"line":143,"column":3}},"143":{"start":{"line":144,"column":0},"end":{"line":144,"column":41}},"144":{"start":{"line":145,"column":0},"end":{"line":145,"column":23}},"145":{"start":{"line":146,"column":0},"end":{"line":146,"column":15}},"146":{"start":{"line":147,"column":0},"end":{"line":147,"column":50}},"147":{"start":{"line":148,"column":0},"end":{"line":148,"column":44}},"148":{"start":{"line":149,"column":0},"end":{"line":149,"column":5}},"149":{"start":{"line":150,"column":0},"end":{"line":150,"column":15}},"150":{"start":{"line":151,"column":0},"end":{"line":151,"column":2}},"151":{"start":{"line":152,"column":0},"end":{"line":152,"column":0}},"152":{"start":{"line":153,"column":0},"end":{"line":153,"column":3}},"153":{"start":{"line":154,"column":0},"end":{"line":154,"column":16}},"154":{"start":{"line":155,"column":0},"end":{"line":155,"column":20}},"155":{"start":{"line":156,"column":0},"end":{"line":156,"column":17}},"156":{"start":{"line":157,"column":0},"end":{"line":157,"column":19}},"157":{"start":{"line":158,"column":0},"end":{"line":158,"column":3}},"158":{"start":{"line":159,"column":0},"end":{"line":159,"column":66}},"159":{"start":{"line":160,"column":0},"end":{"line":160,"column":9}},"160":{"start":{"line":161,"column":0},"end":{"line":161,"column":38}},"161":{"start":{"line":162,"column":0},"end":{"line":162,"column":19}},"162":{"start":{"line":163,"column":0},"end":{"line":163,"column":16}},"163":{"start":{"line":164,"column":0},"end":{"line":164,"column":43}},"164":{"start":{"line":165,"column":0},"end":{"line":165,"column":8}},"165":{"start":{"line":166,"column":0},"end":{"line":166,"column":0}},"166":{"start":{"line":167,"column":0},"end":{"line":167,"column":0}},"167":{"start":{"line":168,"column":0},"end":{"line":168,"column":3}},"168":{"start":{"line":169,"column":0},"end":{"line":169,"column":12}},"169":{"start":{"line":170,"column":0},"end":{"line":170,"column":21}},"170":{"start":{"line":171,"column":0},"end":{"line":171,"column":3}},"171":{"start":{"line":172,"column":0},"end":{"line":172,"column":91}}},"s":{"0":1,"1":1,"2":1,"3":1,"4":1,"5":1,"6":1,"7":1,"8":1,"9":1,"10":1,"11":1,"12":1,"13":1,"14":1,"15":1,"16":1,"17":1,"18":1,"19":1,"20":1,"21":1,"22":1,"23":1,"24":1,"25":1,"26":1,"27":1,"28":1,"29":1,"30":1,"31":1,"32":1,"33":1,"34":1,"35":1,"36":1,"37":1,"38":1,"39":1,"40":2,"41":2,"42":2,"43":1,"44":1,"45":1,"46":1,"47":1,"48":1,"49":1,"50":1,"51":1,"52":1,"53":1,"54":1,"55":1,"56":1,"57":1,"58":1,"59":1,"60":1,"61":1,"62":1,"63":2,"64":2,"65":2,"66":1,"67":1,"68":1,"69":1,"70":1,"71":1,"72":1,"73":1,"74":1,"75":1,"76":1,"77":1,"78":1,"79":1,"80":1,"81":1,"82":1,"83":1,"84":1,"85":1,"86":2,"87":2,"88":1,"89":1,"90":1,"91":1,"92":1,"93":1,"94":1,"95":1,"96":1,"97":1,"98":1,"99":1,"100":1,"101":1,"102":1,"103":1,"104":1,"105":1,"106":1,"107":1,"108":1,"109":1,"110":1,"111":1,"112":1,"113":1,"114":1,"115":1,"116":1,"117":1,"118":1,"119":1,"120":1,"121":1,"122":1,"123":1,"124":1,"125":1,"126":1,"127":1,"128":1,"129":1,"130":1,"131":2,"132":2,"133":9,"134":9,"135":9,"136":2,"137":2,"138":1,"139":1,"140":1,"141":1,"142":1,"143":1,"144":1,"145":1,"146":3,"147":3,"148":3,"149":1,"150":1,"151":1,"152":1,"153":1,"154":1,"155":1,"156":1,"157":1,"158":1,"159":6,"160":6,"161":6,"162":1,"163":1,"164":1,"165":1,"166":1,"167":1,"168":1,"169":1,"170":1,"171":1},"branchMap":{"0":{"type":"branch","line":7,"loc":{"start":{"line":7,"column":27},"end":{"line":7,"column":35}},"locations":[{"start":{"line":7,"column":27},"end":{"line":7,"column":35}}]},"1":{"type":"branch","line":14,"loc":{"start":{"line":14,"column":23},"end":{"line":14,"column":35}},"locations":[{"start":{"line":14,"column":23},"end":{"line":14,"column":35}}]},"2":{"type":"branch","line":20,"loc":{"start":{"line":20,"column":23},"end":{"line":20,"column":35}},"locations":[{"start":{"line":20,"column":23},"end":{"line":20,"column":35}}]},"3":{"type":"branch","line":27,"loc":{"start":{"line":27,"column":27},"end":{"line":27,"column":46}},"locations":[{"start":{"line":27,"column":27},"end":{"line":27,"column":46}}]},"4":{"type":"branch","line":27,"loc":{"start":{"line":27,"column":54},"end":{"line":27,"column":93}},"locations":[{"start":{"line":27,"column":54},"end":{"line":27,"column":93}}]},"5":{"type":"branch","line":27,"loc":{"start":{"line":27,"column":64},"end":{"line":27,"column":86}},"locations":[{"start":{"line":27,"column":64},"end":{"line":27,"column":86}}]},"6":{"type":"branch","line":27,"loc":{"start":{"line":27,"column":64},"end":{"line":27,"column":93}},"locations":[{"start":{"line":27,"column":64},"end":{"line":27,"column":93}}]},"7":{"type":"branch","line":33,"loc":{"start":{"line":33,"column":30},"end":{"line":33,"column":60}},"locations":[{"start":{"line":33,"column":30},"end":{"line":33,"column":60}}]},"8":{"type":"branch","line":40,"loc":{"start":{"line":40,"column":23},"end":{"line":43,"column":2}},"locations":[{"start":{"line":40,"column":23},"end":{"line":43,"column":2}}]},"9":{"type":"branch","line":42,"loc":{"start":{"line":42,"column":23},"end":{"line":42,"column":30}},"locations":[{"start":{"line":42,"column":23},"end":{"line":42,"column":30}}]},"10":{"type":"branch","line":49,"loc":{"start":{"line":49,"column":28},"end":{"line":49,"column":38}},"locations":[{"start":{"line":49,"column":28},"end":{"line":49,"column":38}}]},"11":{"type":"branch","line":49,"loc":{"start":{"line":49,"column":46},"end":{"line":49,"column":73}},"locations":[{"start":{"line":49,"column":46},"end":{"line":49,"column":73}}]},"12":{"type":"branch","line":56,"loc":{"start":{"line":56,"column":29},"end":{"line":56,"column":56}},"locations":[{"start":{"line":56,"column":29},"end":{"line":56,"column":56}}]},"13":{"type":"branch","line":63,"loc":{"start":{"line":63,"column":31},"end":{"line":66,"column":2}},"locations":[{"start":{"line":63,"column":31},"end":{"line":66,"column":2}}]},"14":{"type":"branch","line":65,"loc":{"start":{"line":65,"column":23},"end":{"line":65,"column":29}},"locations":[{"start":{"line":65,"column":23},"end":{"line":65,"column":29}}]},"15":{"type":"branch","line":73,"loc":{"start":{"line":73,"column":29},"end":{"line":73,"column":69}},"locations":[{"start":{"line":73,"column":29},"end":{"line":73,"column":69}}]},"16":{"type":"branch","line":73,"loc":{"start":{"line":73,"column":45},"end":{"line":73,"column":68}},"locations":[{"start":{"line":73,"column":45},"end":{"line":73,"column":68}}]},"17":{"type":"branch","line":73,"loc":{"start":{"line":73,"column":45},"end":{"line":73,"column":69}},"locations":[{"start":{"line":73,"column":45},"end":{"line":73,"column":69}}]},"18":{"type":"branch","line":73,"loc":{"start":{"line":73,"column":69},"end":{"line":73,"column":102}},"locations":[{"start":{"line":73,"column":69},"end":{"line":73,"column":102}}]},"19":{"type":"branch","line":79,"loc":{"start":{"line":79,"column":26},"end":{"line":79,"column":93}},"locations":[{"start":{"line":79,"column":26},"end":{"line":79,"column":93}}]},"20":{"type":"branch","line":79,"loc":{"start":{"line":79,"column":51},"end":{"line":79,"column":76}},"locations":[{"start":{"line":79,"column":51},"end":{"line":79,"column":76}}]},"21":{"type":"branch","line":86,"loc":{"start":{"line":86,"column":28},"end":{"line":88,"column":15}},"locations":[{"start":{"line":86,"column":28},"end":{"line":88,"column":15}}]},"22":{"type":"branch","line":87,"loc":{"start":{"line":87,"column":12},"end":{"line":87,"column":44}},"locations":[{"start":{"line":87,"column":12},"end":{"line":87,"column":44}}]},"23":{"type":"branch","line":87,"loc":{"start":{"line":87,"column":12},"end":{"line":87,"column":55}},"locations":[{"start":{"line":87,"column":12},"end":{"line":87,"column":55}}]},"24":{"type":"branch","line":87,"loc":{"start":{"line":87,"column":44},"end":{"line":87,"column":55}},"locations":[{"start":{"line":87,"column":44},"end":{"line":87,"column":55}}]},"25":{"type":"branch","line":87,"loc":{"start":{"line":87,"column":67},"end":{"line":87,"column":92}},"locations":[{"start":{"line":87,"column":67},"end":{"line":87,"column":92}}]},"26":{"type":"branch","line":94,"loc":{"start":{"line":94,"column":25},"end":{"line":94,"column":61}},"locations":[{"start":{"line":94,"column":25},"end":{"line":94,"column":61}}]},"27":{"type":"branch","line":94,"loc":{"start":{"line":94,"column":33},"end":{"line":94,"column":60}},"locations":[{"start":{"line":94,"column":33},"end":{"line":94,"column":60}}]},"28":{"type":"branch","line":94,"loc":{"start":{"line":94,"column":33},"end":{"line":94,"column":61}},"locations":[{"start":{"line":94,"column":33},"end":{"line":94,"column":61}}]},"29":{"type":"branch","line":101,"loc":{"start":{"line":101,"column":29},"end":{"line":101,"column":46}},"locations":[{"start":{"line":101,"column":29},"end":{"line":101,"column":46}}]},"30":{"type":"branch","line":101,"loc":{"start":{"line":101,"column":54},"end":{"line":101,"column":104}},"locations":[{"start":{"line":101,"column":54},"end":{"line":101,"column":104}}]},"31":{"type":"branch","line":101,"loc":{"start":{"line":101,"column":71},"end":{"line":101,"column":85}},"locations":[{"start":{"line":101,"column":71},"end":{"line":101,"column":85}}]},"32":{"type":"branch","line":101,"loc":{"start":{"line":101,"column":71},"end":{"line":101,"column":104}},"locations":[{"start":{"line":101,"column":71},"end":{"line":101,"column":104}}]},"33":{"type":"branch","line":108,"loc":{"start":{"line":108,"column":23},"end":{"line":108,"column":40}},"locations":[{"start":{"line":108,"column":23},"end":{"line":108,"column":40}}]},"34":{"type":"branch","line":108,"loc":{"start":{"line":108,"column":53},"end":{"line":108,"column":70}},"locations":[{"start":{"line":108,"column":53},"end":{"line":108,"column":70}}]},"35":{"type":"branch","line":116,"loc":{"start":{"line":116,"column":32},"end":{"line":117,"column":9}},"locations":[{"start":{"line":116,"column":32},"end":{"line":117,"column":9}}]},"36":{"type":"branch","line":119,"loc":{"start":{"line":119,"column":7},"end":{"line":119,"column":64}},"locations":[{"start":{"line":119,"column":7},"end":{"line":119,"column":64}}]},"37":{"type":"branch","line":125,"loc":{"start":{"line":125,"column":31},"end":{"line":125,"column":42}},"locations":[{"start":{"line":125,"column":31},"end":{"line":125,"column":42}}]},"38":{"type":"branch","line":131,"loc":{"start":{"line":131,"column":26},"end":{"line":138,"column":2}},"locations":[{"start":{"line":131,"column":26},"end":{"line":138,"column":2}}]},"39":{"type":"branch","line":133,"loc":{"start":{"line":133,"column":14},"end":{"line":136,"column":5}},"locations":[{"start":{"line":133,"column":14},"end":{"line":136,"column":5}}]},"40":{"type":"branch","line":144,"loc":{"start":{"line":144,"column":26},"end":{"line":151,"column":2}},"locations":[{"start":{"line":144,"column":26},"end":{"line":151,"column":2}}]},"41":{"type":"branch","line":146,"loc":{"start":{"line":146,"column":14},"end":{"line":149,"column":5}},"locations":[{"start":{"line":146,"column":14},"end":{"line":149,"column":5}}]},"42":{"type":"branch","line":159,"loc":{"start":{"line":159,"column":25},"end":{"line":162,"column":19}},"locations":[{"start":{"line":159,"column":25},"end":{"line":162,"column":19}}]},"43":{"type":"branch","line":161,"loc":{"start":{"line":161,"column":12},"end":{"line":161,"column":38}},"locations":[{"start":{"line":161,"column":12},"end":{"line":161,"column":38}}]},"44":{"type":"branch","line":162,"loc":{"start":{"line":162,"column":9},"end":{"line":162,"column":18}},"locations":[{"start":{"line":162,"column":9},"end":{"line":162,"column":18}}]},"45":{"type":"branch","line":172,"loc":{"start":{"line":172,"column":28},"end":{"line":172,"column":44}},"locations":[{"start":{"line":172,"column":28},"end":{"line":172,"column":44}}]},"46":{"type":"branch","line":172,"loc":{"start":{"line":172,"column":52},"end":{"line":172,"column":70}},"locations":[{"start":{"line":172,"column":52},"end":{"line":172,"column":70}}]},"47":{"type":"branch","line":172,"loc":{"start":{"line":172,"column":75},"end":{"line":172,"column":86}},"locations":[{"start":{"line":172,"column":75},"end":{"line":172,"column":86}}]}},"b":{"0":[3],"1":[1],"2":[1],"3":[2],"4":[9],"5":[4],"6":[5],"7":[2],"8":[2],"9":[9],"10":[2],"11":[9],"12":[2],"13":[2],"14":[5],"15":[2],"16":[1],"17":[1],"18":[0],"19":[2],"20":[6],"21":[2],"22":[1],"23":[1],"24":[3],"25":[6],"26":[3],"27":[1],"28":[2],"29":[2],"30":[9],"31":[4],"32":[5],"33":[2],"34":[12],"35":[1],"36":[3],"37":[2],"38":[2],"39":[9],"40":[1],"41":[3],"42":[6],"43":[30],"44":[5],"45":[1],"46":[3],"47":[9]},"fnMap":{"0":{"name":"arrDistinct","decl":{"start":{"line":7,"column":27},"end":{"line":7,"column":35}},"loc":{"start":{"line":7,"column":27},"end":{"line":7,"column":35}},"line":7},"1":{"name":"arrMax","decl":{"start":{"line":14,"column":23},"end":{"line":14,"column":35}},"loc":{"start":{"line":14,"column":23},"end":{"line":14,"column":35}},"line":14},"2":{"name":"arrMin","decl":{"start":{"line":20,"column":23},"end":{"line":20,"column":35}},"loc":{"start":{"line":20,"column":23},"end":{"line":20,"column":35}},"line":20},"3":{"name":"arrCountOcc","decl":{"start":{"line":27,"column":27},"end":{"line":27,"column":46}},"loc":{"start":{"line":27,"column":27},"end":{"line":27,"column":46}},"line":27},"4":{"name":"arrDeepFlatten","decl":{"start":{"line":33,"column":30},"end":{"line":33,"column":60}},"loc":{"start":{"line":33,"column":30},"end":{"line":33,"column":60}},"line":33},"5":{"name":"arrDiff","decl":{"start":{"line":40,"column":23},"end":{"line":43,"column":2}},"loc":{"start":{"line":40,"column":23},"end":{"line":43,"column":2}},"line":40},"6":{"name":"arrNonUnique","decl":{"start":{"line":49,"column":28},"end":{"line":49,"column":38}},"loc":{"start":{"line":49,"column":28},"end":{"line":49,"column":38}},"line":49},"7":{"name":"arrWithValues","decl":{"start":{"line":56,"column":29},"end":{"line":56,"column":56}},"loc":{"start":{"line":56,"column":29},"end":{"line":56,"column":56}},"line":56},"8":{"name":"arrIntersection","decl":{"start":{"line":63,"column":31},"end":{"line":66,"column":2}},"loc":{"start":{"line":63,"column":31},"end":{"line":66,"column":2}},"line":63},"9":{"name":"arrNthElement","decl":{"start":{"line":73,"column":29},"end":{"line":73,"column":69}},"loc":{"start":{"line":73,"column":29},"end":{"line":73,"column":69}},"line":73},"10":{"name":"arrAverage","decl":{"start":{"line":79,"column":26},"end":{"line":79,"column":93}},"loc":{"start":{"line":79,"column":26},"end":{"line":79,"column":93}},"line":79},"11":{"name":"arrAverageBy","decl":{"start":{"line":86,"column":28},"end":{"line":88,"column":15}},"loc":{"start":{"line":86,"column":28},"end":{"line":88,"column":15}},"line":86},"12":{"name":"arrAsList","decl":{"start":{"line":94,"column":25},"end":{"line":94,"column":61}},"loc":{"start":{"line":94,"column":25},"end":{"line":94,"column":61}},"line":94},"13":{"name":"arrIndexOfAll","decl":{"start":{"line":101,"column":29},"end":{"line":101,"column":46}},"loc":{"start":{"line":101,"column":29},"end":{"line":101,"column":46}},"line":101},"14":{"name":"arrMinN","decl":{"start":{"line":108,"column":23},"end":{"line":108,"column":40}},"loc":{"start":{"line":108,"column":23},"end":{"line":108,"column":40}},"line":108},"15":{"name":"arrRandomInRange","decl":{"start":{"line":116,"column":32},"end":{"line":117,"column":9}},"loc":{"start":{"line":116,"column":32},"end":{"line":117,"column":9}},"line":116},"16":{"name":"arrRandomSample","decl":{"start":{"line":125,"column":31},"end":{"line":125,"column":42}},"loc":{"start":{"line":125,"column":31},"end":{"line":125,"column":42}},"line":125},"17":{"name":"arrRandomN","decl":{"start":{"line":131,"column":26},"end":{"line":138,"column":2}},"loc":{"start":{"line":131,"column":26},"end":{"line":138,"column":2}},"line":131},"18":{"name":"arrShuffle","decl":{"start":{"line":144,"column":26},"end":{"line":151,"column":2}},"loc":{"start":{"line":144,"column":26},"end":{"line":151,"column":2}},"line":144},"19":{"name":"arrToTree","decl":{"start":{"line":159,"column":25},"end":{"line":162,"column":19}},"loc":{"start":{"line":159,"column":25},"end":{"line":162,"column":19}},"line":159},"20":{"name":"arrTranspose","decl":{"start":{"line":172,"column":28},"end":{"line":172,"column":44}},"loc":{"start":{"line":172,"column":28},"end":{"line":172,"column":44}},"line":172}},"f":{"0":3,"1":1,"2":1,"3":2,"4":2,"5":2,"6":2,"7":2,"8":2,"9":2,"10":2,"11":2,"12":3,"13":2,"14":2,"15":1,"16":2,"17":2,"18":1,"19":6,"20":1}}
,"F:\\vue3test\\_ui_view\\rutil\\utils\\base.js": {"path":"F:\\vue3test\\_ui_view\\rutil\\utils\\base.js","all":false,"statementMap":{"0":{"start":{"line":1,"column":0},"end":{"line":1,"column":3}},"1":{"start":{"line":2,"column":0},"end":{"line":2,"column":7}},"2":{"start":{"line":3,"column":0},"end":{"line":3,"column":3}},"3":{"start":{"line":4,"column":0},"end":{"line":4,"column":0}},"4":{"start":{"line":5,"column":0},"end":{"line":5,"column":3}},"5":{"start":{"line":6,"column":0},"end":{"line":6,"column":29}},"6":{"start":{"line":7,"column":0},"end":{"line":7,"column":24}},"7":{"start":{"line":8,"column":0},"end":{"line":8,"column":23}},"8":{"start":{"line":9,"column":0},"end":{"line":9,"column":3}},"9":{"start":{"line":10,"column":0},"end":{"line":10,"column":85}},"10":{"start":{"line":11,"column":0},"end":{"line":11,"column":0}},"11":{"start":{"line":12,"column":0},"end":{"line":12,"column":3}},"12":{"start":{"line":13,"column":0},"end":{"line":13,"column":31}},"13":{"start":{"line":14,"column":0},"end":{"line":14,"column":18}},"14":{"start":{"line":15,"column":0},"end":{"line":15,"column":3}},"15":{"start":{"line":16,"column":0},"end":{"line":16,"column":62}},"16":{"start":{"line":17,"column":0},"end":{"line":17,"column":0}},"17":{"start":{"line":18,"column":0},"end":{"line":18,"column":3}},"18":{"start":{"line":19,"column":0},"end":{"line":19,"column":10}},"19":{"start":{"line":20,"column":0},"end":{"line":20,"column":18}},"20":{"start":{"line":21,"column":0},"end":{"line":21,"column":3}},"21":{"start":{"line":22,"column":0},"end":{"line":22,"column":42}},"22":{"start":{"line":23,"column":0},"end":{"line":23,"column":0}},"23":{"start":{"line":24,"column":0},"end":{"line":24,"column":3}},"24":{"start":{"line":25,"column":0},"end":{"line":25,"column":9}},"25":{"start":{"line":26,"column":0},"end":{"line":26,"column":18}},"26":{"start":{"line":27,"column":0},"end":{"line":27,"column":3}},"27":{"start":{"line":28,"column":0},"end":{"line":28,"column":72}},"28":{"start":{"line":29,"column":0},"end":{"line":29,"column":0}},"29":{"start":{"line":30,"column":0},"end":{"line":30,"column":3}},"30":{"start":{"line":31,"column":0},"end":{"line":31,"column":9}},"31":{"start":{"line":32,"column":0},"end":{"line":32,"column":18}},"32":{"start":{"line":33,"column":0},"end":{"line":33,"column":3}},"33":{"start":{"line":34,"column":0},"end":{"line":34,"column":49}},"34":{"start":{"line":35,"column":0},"end":{"line":35,"column":0}},"35":{"start":{"line":36,"column":0},"end":{"line":36,"column":0}},"36":{"start":{"line":37,"column":0},"end":{"line":37,"column":3}},"37":{"start":{"line":38,"column":0},"end":{"line":38,"column":8}},"38":{"start":{"line":39,"column":0},"end":{"line":39,"column":18}},"39":{"start":{"line":40,"column":0},"end":{"line":40,"column":3}},"40":{"start":{"line":41,"column":0},"end":{"line":41,"column":59}},"41":{"start":{"line":42,"column":0},"end":{"line":42,"column":0}},"42":{"start":{"line":43,"column":0},"end":{"line":43,"column":3}},"43":{"start":{"line":44,"column":0},"end":{"line":44,"column":8}},"44":{"start":{"line":45,"column":0},"end":{"line":45,"column":19}},"45":{"start":{"line":46,"column":0},"end":{"line":46,"column":3}},"46":{"start":{"line":47,"column":0},"end":{"line":47,"column":60}},"47":{"start":{"line":48,"column":0},"end":{"line":48,"column":0}},"48":{"start":{"line":49,"column":0},"end":{"line":49,"column":3}},"49":{"start":{"line":50,"column":0},"end":{"line":50,"column":7}},"50":{"start":{"line":51,"column":0},"end":{"line":51,"column":18}},"51":{"start":{"line":52,"column":0},"end":{"line":52,"column":3}},"52":{"start":{"line":53,"column":0},"end":{"line":53,"column":57}},"53":{"start":{"line":54,"column":0},"end":{"line":54,"column":0}},"54":{"start":{"line":55,"column":0},"end":{"line":55,"column":3}},"55":{"start":{"line":56,"column":0},"end":{"line":56,"column":9}},"56":{"start":{"line":57,"column":0},"end":{"line":57,"column":3}},"57":{"start":{"line":58,"column":0},"end":{"line":58,"column":77}},"58":{"start":{"line":59,"column":0},"end":{"line":59,"column":0}},"59":{"start":{"line":60,"column":0},"end":{"line":60,"column":0}},"60":{"start":{"line":61,"column":0},"end":{"line":61,"column":3}},"61":{"start":{"line":62,"column":0},"end":{"line":62,"column":9}},"62":{"start":{"line":63,"column":0},"end":{"line":63,"column":3}},"63":{"start":{"line":64,"column":0},"end":{"line":64,"column":81}},"64":{"start":{"line":65,"column":0},"end":{"line":65,"column":0}},"65":{"start":{"line":66,"column":0},"end":{"line":66,"column":3}},"66":{"start":{"line":67,"column":0},"end":{"line":67,"column":8}},"67":{"start":{"line":68,"column":0},"end":{"line":68,"column":3}},"68":{"start":{"line":69,"column":0},"end":{"line":69,"column":82}},"69":{"start":{"line":70,"column":0},"end":{"line":70,"column":0}},"70":{"start":{"line":71,"column":0},"end":{"line":71,"column":0}},"71":{"start":{"line":72,"column":0},"end":{"line":72,"column":3}},"72":{"start":{"line":73,"column":0},"end":{"line":73,"column":43}},"73":{"start":{"line":74,"column":0},"end":{"line":74,"column":3}},"74":{"start":{"line":75,"column":0},"end":{"line":75,"column":87}},"75":{"start":{"line":76,"column":0},"end":{"line":76,"column":0}},"76":{"start":{"line":77,"column":0},"end":{"line":77,"column":3}},"77":{"start":{"line":78,"column":0},"end":{"line":78,"column":7}},"78":{"start":{"line":79,"column":0},"end":{"line":79,"column":18}},"79":{"start":{"line":80,"column":0},"end":{"line":80,"column":3}},"80":{"start":{"line":81,"column":0},"end":{"line":81,"column":136}},"81":{"start":{"line":82,"column":0},"end":{"line":82,"column":0}},"82":{"start":{"line":83,"column":0},"end":{"line":83,"column":3}},"83":{"start":{"line":84,"column":0},"end":{"line":84,"column":20}},"84":{"start":{"line":85,"column":0},"end":{"line":85,"column":18}},"85":{"start":{"line":86,"column":0},"end":{"line":86,"column":3}},"86":{"start":{"line":87,"column":0},"end":{"line":87,"column":57}},"87":{"start":{"line":88,"column":0},"end":{"line":88,"column":0}},"88":{"start":{"line":89,"column":0},"end":{"line":89,"column":3}},"89":{"start":{"line":90,"column":0},"end":{"line":90,"column":14}},"90":{"start":{"line":91,"column":0},"end":{"line":91,"column":18}},"91":{"start":{"line":92,"column":0},"end":{"line":92,"column":3}},"92":{"start":{"line":93,"column":0},"end":{"line":93,"column":53}},"93":{"start":{"line":94,"column":0},"end":{"line":94,"column":0}},"94":{"start":{"line":95,"column":0},"end":{"line":95,"column":3}},"95":{"start":{"line":96,"column":0},"end":{"line":96,"column":17}},"96":{"start":{"line":97,"column":0},"end":{"line":97,"column":20}},"97":{"start":{"line":98,"column":0},"end":{"line":98,"column":3}},"98":{"start":{"line":99,"column":0},"end":{"line":99,"column":103}},"99":{"start":{"line":100,"column":0},"end":{"line":100,"column":0}},"100":{"start":{"line":101,"column":0},"end":{"line":101,"column":3}},"101":{"start":{"line":102,"column":0},"end":{"line":102,"column":17}},"102":{"start":{"line":103,"column":0},"end":{"line":103,"column":18}},"103":{"start":{"line":104,"column":0},"end":{"line":104,"column":3}},"104":{"start":{"line":105,"column":0},"end":{"line":105,"column":61}},"105":{"start":{"line":106,"column":0},"end":{"line":106,"column":0}},"106":{"start":{"line":107,"column":0},"end":{"line":107,"column":3}},"107":{"start":{"line":108,"column":0},"end":{"line":108,"column":13}},"108":{"start":{"line":109,"column":0},"end":{"line":109,"column":16}},"109":{"start":{"line":110,"column":0},"end":{"line":110,"column":3}},"110":{"start":{"line":111,"column":0},"end":{"line":111,"column":127}},"111":{"start":{"line":112,"column":0},"end":{"line":112,"column":0}},"112":{"start":{"line":113,"column":0},"end":{"line":113,"column":3}},"113":{"start":{"line":114,"column":0},"end":{"line":114,"column":10}},"114":{"start":{"line":115,"column":0},"end":{"line":115,"column":20}},"115":{"start":{"line":116,"column":0},"end":{"line":116,"column":3}},"116":{"start":{"line":117,"column":0},"end":{"line":117,"column":93}},"117":{"start":{"line":118,"column":0},"end":{"line":118,"column":0}},"118":{"start":{"line":119,"column":0},"end":{"line":119,"column":3}},"119":{"start":{"line":120,"column":0},"end":{"line":120,"column":12}},"120":{"start":{"line":121,"column":0},"end":{"line":121,"column":20}},"121":{"start":{"line":122,"column":0},"end":{"line":122,"column":3}},"122":{"start":{"line":123,"column":0},"end":{"line":123,"column":93}},"123":{"start":{"line":124,"column":0},"end":{"line":124,"column":0}},"124":{"start":{"line":125,"column":0},"end":{"line":125,"column":3}},"125":{"start":{"line":126,"column":0},"end":{"line":126,"column":7}},"126":{"start":{"line":127,"column":0},"end":{"line":127,"column":16}},"127":{"start":{"line":128,"column":0},"end":{"line":128,"column":3}},"128":{"start":{"line":129,"column":0},"end":{"line":129,"column":67}},"129":{"start":{"line":130,"column":0},"end":{"line":130,"column":0}},"130":{"start":{"line":131,"column":0},"end":{"line":131,"column":3}},"131":{"start":{"line":132,"column":0},"end":{"line":132,"column":8}},"132":{"start":{"line":133,"column":0},"end":{"line":133,"column":16}},"133":{"start":{"line":134,"column":0},"end":{"line":134,"column":3}},"134":{"start":{"line":135,"column":0},"end":{"line":135,"column":173}},"135":{"start":{"line":136,"column":0},"end":{"line":136,"column":0}},"136":{"start":{"line":137,"column":0},"end":{"line":137,"column":3}},"137":{"start":{"line":138,"column":0},"end":{"line":138,"column":8}},"138":{"start":{"line":139,"column":0},"end":{"line":139,"column":20}},"139":{"start":{"line":140,"column":0},"end":{"line":140,"column":3}},"140":{"start":{"line":141,"column":0},"end":{"line":141,"column":78}},"141":{"start":{"line":142,"column":0},"end":{"line":142,"column":0}},"142":{"start":{"line":143,"column":0},"end":{"line":143,"column":3}},"143":{"start":{"line":144,"column":0},"end":{"line":144,"column":9}},"144":{"start":{"line":145,"column":0},"end":{"line":145,"column":25}},"145":{"start":{"line":146,"column":0},"end":{"line":146,"column":3}},"146":{"start":{"line":147,"column":0},"end":{"line":147,"column":82}},"147":{"start":{"line":148,"column":0},"end":{"line":148,"column":0}},"148":{"start":{"line":149,"column":0},"end":{"line":149,"column":0}},"149":{"start":{"line":150,"column":0},"end":{"line":150,"column":3}},"150":{"start":{"line":151,"column":0},"end":{"line":151,"column":9}},"151":{"start":{"line":152,"column":0},"end":{"line":152,"column":25}},"152":{"start":{"line":153,"column":0},"end":{"line":153,"column":3}},"153":{"start":{"line":154,"column":0},"end":{"line":154,"column":96}},"154":{"start":{"line":155,"column":0},"end":{"line":155,"column":0}},"155":{"start":{"line":156,"column":0},"end":{"line":156,"column":3}},"156":{"start":{"line":157,"column":0},"end":{"line":157,"column":9}},"157":{"start":{"line":158,"column":0},"end":{"line":158,"column":20}},"158":{"start":{"line":159,"column":0},"end":{"line":159,"column":3}},"159":{"start":{"line":160,"column":0},"end":{"line":160,"column":132}},"160":{"start":{"line":161,"column":0},"end":{"line":161,"column":0}},"161":{"start":{"line":162,"column":0},"end":{"line":162,"column":3}},"162":{"start":{"line":163,"column":0},"end":{"line":163,"column":9}},"163":{"start":{"line":164,"column":0},"end":{"line":164,"column":18}},"164":{"start":{"line":165,"column":0},"end":{"line":165,"column":3}},"165":{"start":{"line":166,"column":0},"end":{"line":166,"column":74}},"166":{"start":{"line":167,"column":0},"end":{"line":167,"column":33}},"167":{"start":{"line":168,"column":0},"end":{"line":168,"column":0}},"168":{"start":{"line":169,"column":0},"end":{"line":169,"column":3}},"169":{"start":{"line":170,"column":0},"end":{"line":170,"column":7}},"170":{"start":{"line":171,"column":0},"end":{"line":171,"column":18}},"171":{"start":{"line":172,"column":0},"end":{"line":172,"column":3}},"172":{"start":{"line":173,"column":0},"end":{"line":173,"column":90}},"173":{"start":{"line":174,"column":0},"end":{"line":174,"column":0}},"174":{"start":{"line":175,"column":0},"end":{"line":175,"column":3}},"175":{"start":{"line":176,"column":0},"end":{"line":176,"column":11}},"176":{"start":{"line":177,"column":0},"end":{"line":177,"column":18}},"177":{"start":{"line":178,"column":0},"end":{"line":178,"column":3}},"178":{"start":{"line":179,"column":0},"end":{"line":179,"column":22}},"179":{"start":{"line":180,"column":0},"end":{"line":180,"column":35}},"180":{"start":{"line":181,"column":0},"end":{"line":181,"column":35}},"181":{"start":{"line":182,"column":0},"end":{"line":182,"column":67}},"182":{"start":{"line":183,"column":0},"end":{"line":183,"column":82}},"183":{"start":{"line":184,"column":0},"end":{"line":184,"column":75}},"184":{"start":{"line":185,"column":0},"end":{"line":185,"column":79}},"185":{"start":{"line":186,"column":0},"end":{"line":186,"column":84}},"186":{"start":{"line":187,"column":0},"end":{"line":187,"column":66}},"187":{"start":{"line":188,"column":0},"end":{"line":188,"column":57}},"188":{"start":{"line":189,"column":0},"end":{"line":189,"column":80}},"189":{"start":{"line":190,"column":0},"end":{"line":190,"column":41}},"190":{"start":{"line":191,"column":0},"end":{"line":191,"column":46}},"191":{"start":{"line":192,"column":0},"end":{"line":192,"column":96}},"192":{"start":{"line":193,"column":0},"end":{"line":193,"column":5}},"193":{"start":{"line":194,"column":0},"end":{"line":194,"column":45}},"194":{"start":{"line":195,"column":0},"end":{"line":195,"column":1}},"195":{"start":{"line":196,"column":0},"end":{"line":196,"column":3}},"196":{"start":{"line":197,"column":0},"end":{"line":197,"column":10}},"197":{"start":{"line":198,"column":0},"end":{"line":198,"column":18}},"198":{"start":{"line":199,"column":0},"end":{"line":199,"column":3}},"199":{"start":{"line":200,"column":0},"end":{"line":200,"column":21}},"200":{"start":{"line":201,"column":0},"end":{"line":201,"column":34}},"201":{"start":{"line":202,"column":0},"end":{"line":202,"column":34}},"202":{"start":{"line":203,"column":0},"end":{"line":203,"column":94}},"203":{"start":{"line":204,"column":0},"end":{"line":204,"column":81}},"204":{"start":{"line":205,"column":0},"end":{"line":205,"column":105}},"205":{"start":{"line":206,"column":0},"end":{"line":206,"column":5}},"206":{"start":{"line":207,"column":0},"end":{"line":207,"column":44}},"207":{"start":{"line":208,"column":0},"end":{"line":208,"column":1}},"208":{"start":{"line":209,"column":0},"end":{"line":209,"column":0}},"209":{"start":{"line":210,"column":0},"end":{"line":210,"column":3}},"210":{"start":{"line":211,"column":0},"end":{"line":211,"column":7}},"211":{"start":{"line":212,"column":0},"end":{"line":212,"column":18}},"212":{"start":{"line":213,"column":0},"end":{"line":213,"column":3}},"213":{"start":{"line":214,"column":0},"end":{"line":214,"column":87}},"214":{"start":{"line":215,"column":0},"end":{"line":215,"column":0}},"215":{"start":{"line":216,"column":0},"end":{"line":216,"column":3}},"216":{"start":{"line":217,"column":0},"end":{"line":217,"column":12}},"217":{"start":{"line":218,"column":0},"end":{"line":218,"column":3}},"218":{"start":{"line":219,"column":0},"end":{"line":219,"column":665}},"219":{"start":{"line":220,"column":0},"end":{"line":220,"column":0}},"220":{"start":{"line":221,"column":0},"end":{"line":221,"column":3}},"221":{"start":{"line":222,"column":0},"end":{"line":222,"column":8}},"222":{"start":{"line":223,"column":0},"end":{"line":223,"column":18}},"223":{"start":{"line":224,"column":0},"end":{"line":224,"column":3}},"224":{"start":{"line":225,"column":0},"end":{"line":225,"column":193}},"225":{"start":{"line":226,"column":0},"end":{"line":226,"column":0}},"226":{"start":{"line":227,"column":0},"end":{"line":227,"column":3}},"227":{"start":{"line":228,"column":0},"end":{"line":228,"column":43}},"228":{"start":{"line":229,"column":0},"end":{"line":229,"column":18}},"229":{"start":{"line":230,"column":0},"end":{"line":230,"column":3}},"230":{"start":{"line":231,"column":0},"end":{"line":231,"column":119}},"231":{"start":{"line":232,"column":0},"end":{"line":232,"column":0}},"232":{"start":{"line":233,"column":0},"end":{"line":233,"column":0}},"233":{"start":{"line":234,"column":0},"end":{"line":234,"column":3}},"234":{"start":{"line":235,"column":0},"end":{"line":235,"column":10}},"235":{"start":{"line":236,"column":0},"end":{"line":236,"column":18}},"236":{"start":{"line":237,"column":0},"end":{"line":237,"column":3}},"237":{"start":{"line":238,"column":0},"end":{"line":238,"column":133}},"238":{"start":{"line":239,"column":0},"end":{"line":239,"column":0}},"239":{"start":{"line":240,"column":0},"end":{"line":240,"column":3}},"240":{"start":{"line":241,"column":0},"end":{"line":241,"column":10}},"241":{"start":{"line":242,"column":0},"end":{"line":242,"column":18}},"242":{"start":{"line":243,"column":0},"end":{"line":243,"column":3}},"243":{"start":{"line":244,"column":0},"end":{"line":244,"column":103}}},"s":{"0":1,"1":1,"2":1,"3":1,"4":1,"5":1,"6":1,"7":1,"8":1,"9":1,"10":1,"11":1,"12":1,"13":1,"14":1,"15":1,"16":1,"17":1,"18":1,"19":1,"20":1,"21":1,"22":1,"23":1,"24":1,"25":1,"26":1,"27":1,"28":1,"29":1,"30":1,"31":1,"32":1,"33":1,"34":1,"35":1,"36":1,"37":1,"38":1,"39":1,"40":1,"41":1,"42":1,"43":1,"44":1,"45":1,"46":1,"47":1,"48":1,"49":1,"50":1,"51":1,"52":1,"53":1,"54":1,"55":1,"56":1,"57":1,"58":1,"59":1,"60":1,"61":1,"62":1,"63":1,"64":1,"65":1,"66":1,"67":1,"68":1,"69":1,"70":1,"71":1,"72":1,"73":1,"74":1,"75":1,"76":1,"77":1,"78":1,"79":1,"80":1,"81":1,"82":1,"83":1,"84":1,"85":1,"86":1,"87":1,"88":1,"89":1,"90":1,"91":1,"92":1,"93":1,"94":1,"95":1,"96":1,"97":1,"98":1,"99":1,"100":1,"101":1,"102":1,"103":1,"104":1,"105":1,"106":1,"107":1,"108":1,"109":1,"110":1,"111":1,"112":1,"113":1,"114":1,"115":1,"116":1,"117":1,"118":1,"119":1,"120":1,"121":1,"122":1,"123":1,"124":1,"125":1,"126":1,"127":1,"128":1,"129":1,"130":1,"131":1,"132":1,"133":1,"134":1,"135":1,"136":1,"137":1,"138":1,"139":1,"140":1,"141":1,"142":1,"143":1,"144":1,"145":1,"146":1,"147":1,"148":1,"149":1,"150":1,"151":1,"152":1,"153":1,"154":1,"155":1,"156":1,"157":1,"158":1,"159":1,"160":1,"161":1,"162":1,"163":1,"164":1,"165":1,"166":1,"167":1,"168":1,"169":1,"170":1,"171":1,"172":1,"173":1,"174":1,"175":1,"176":1,"177":1,"178":1,"179":1,"180":1,"181":1,"182":1,"183":1,"184":1,"185":1,"186":1,"187":1,"188":1,"189":1,"190":1,"191":1,"192":1,"193":1,"194":1,"195":1,"196":1,"197":1,"198":1,"199":1,"200":1,"201":1,"202":1,"203":1,"204":1,"205":1,"206":1,"207":1,"208":1,"209":1,"210":1,"211":1,"212":1,"213":1,"214":1,"215":1,"216":1,"217":1,"218":1,"219":1,"220":1,"221":1,"222":1,"223":1,"224":1,"225":1,"226":1,"227":1,"228":1,"229":1,"230":1,"231":1,"232":1,"233":1,"234":1,"235":1,"236":1,"237":1,"238":1,"239":1,"240":1,"241":1,"242":1,"243":1},"branchMap":{"0":{"type":"branch","line":10,"loc":{"start":{"line":10,"column":18},"end":{"line":10,"column":85}},"locations":[{"start":{"line":10,"column":18},"end":{"line":10,"column":85}}]},"1":{"type":"branch","line":16,"loc":{"start":{"line":16,"column":21},"end":{"line":16,"column":62}},"locations":[{"start":{"line":16,"column":21},"end":{"line":16,"column":62}}]},"2":{"type":"branch","line":22,"loc":{"start":{"line":22,"column":22},"end":{"line":22,"column":42}},"locations":[{"start":{"line":22,"column":22},"end":{"line":22,"column":42}}]},"3":{"type":"branch","line":28,"loc":{"start":{"line":28,"column":24},"end":{"line":28,"column":67}},"locations":[{"start":{"line":28,"column":24},"end":{"line":28,"column":67}}]},"4":{"type":"branch","line":28,"loc":{"start":{"line":28,"column":31},"end":{"line":28,"column":67}},"locations":[{"start":{"line":28,"column":31},"end":{"line":28,"column":67}}]},"5":{"type":"branch","line":34,"loc":{"start":{"line":34,"column":23},"end":{"line":34,"column":35}},"locations":[{"start":{"line":34,"column":23},"end":{"line":34,"column":35}}]},"6":{"type":"branch","line":41,"loc":{"start":{"line":41,"column":29},"end":{"line":41,"column":49}},"locations":[{"start":{"line":41,"column":29},"end":{"line":41,"column":49}}]},"7":{"type":"branch","line":47,"loc":{"start":{"line":47,"column":29},"end":{"line":47,"column":50}},"locations":[{"start":{"line":47,"column":29},"end":{"line":47,"column":50}}]},"8":{"type":"branch","line":53,"loc":{"start":{"line":53,"column":25},"end":{"line":53,"column":47}},"locations":[{"start":{"line":53,"column":25},"end":{"line":53,"column":47}}]},"9":{"type":"branch","line":58,"loc":{"start":{"line":58,"column":30},"end":{"line":58,"column":68}},"locations":[{"start":{"line":58,"column":30},"end":{"line":58,"column":68}}]},"10":{"type":"branch","line":64,"loc":{"start":{"line":64,"column":31},"end":{"line":64,"column":72}},"locations":[{"start":{"line":64,"column":31},"end":{"line":64,"column":72}}]},"11":{"type":"branch","line":69,"loc":{"start":{"line":69,"column":23},"end":{"line":69,"column":73}},"locations":[{"start":{"line":69,"column":23},"end":{"line":69,"column":73}}]},"12":{"type":"branch","line":75,"loc":{"start":{"line":75,"column":25},"end":{"line":75,"column":33}},"locations":[{"start":{"line":75,"column":25},"end":{"line":75,"column":33}}]},"13":{"type":"branch","line":81,"loc":{"start":{"line":81,"column":23},"end":{"line":81,"column":48}},"locations":[{"start":{"line":81,"column":23},"end":{"line":81,"column":48}}]},"14":{"type":"branch","line":81,"loc":{"start":{"line":81,"column":93},"end":{"line":81,"column":110}},"locations":[{"start":{"line":81,"column":93},"end":{"line":81,"column":110}}]},"15":{"type":"branch","line":81,"loc":{"start":{"line":81,"column":116},"end":{"line":81,"column":136}},"locations":[{"start":{"line":81,"column":116},"end":{"line":81,"column":136}}]},"16":{"type":"branch","line":87,"loc":{"start":{"line":87,"column":23},"end":{"line":87,"column":47}},"locations":[{"start":{"line":87,"column":23},"end":{"line":87,"column":47}}]},"17":{"type":"branch","line":93,"loc":{"start":{"line":93,"column":31},"end":{"line":93,"column":43}},"locations":[{"start":{"line":93,"column":31},"end":{"line":93,"column":43}}]},"18":{"type":"branch","line":99,"loc":{"start":{"line":99,"column":26},"end":{"line":99,"column":91}},"locations":[{"start":{"line":99,"column":26},"end":{"line":99,"column":91}}]},"19":{"type":"branch","line":105,"loc":{"start":{"line":105,"column":29},"end":{"line":105,"column":51}},"locations":[{"start":{"line":105,"column":29},"end":{"line":105,"column":51}}]},"20":{"type":"branch","line":111,"loc":{"start":{"line":111,"column":29},"end":{"line":111,"column":36}},"locations":[{"start":{"line":111,"column":29},"end":{"line":111,"column":36}}]},"21":{"type":"branch","line":111,"loc":{"start":{"line":111,"column":35},"end":{"line":111,"column":68}},"locations":[{"start":{"line":111,"column":35},"end":{"line":111,"column":68}}]},"22":{"type":"branch","line":111,"loc":{"start":{"line":111,"column":35},"end":{"line":111,"column":36}},"locations":[{"start":{"line":111,"column":35},"end":{"line":111,"column":36}}]},"23":{"type":"branch","line":117,"loc":{"start":{"line":117,"column":24},"end":{"line":117,"column":93}},"locations":[{"start":{"line":117,"column":24},"end":{"line":117,"column":93}}]},"24":{"type":"branch","line":123,"loc":{"start":{"line":123,"column":24},"end":{"line":123,"column":93}},"locations":[{"start":{"line":123,"column":24},"end":{"line":123,"column":93}}]},"25":{"type":"branch","line":129,"loc":{"start":{"line":129,"column":24},"end":{"line":129,"column":67}},"locations":[{"start":{"line":129,"column":24},"end":{"line":129,"column":67}}]},"26":{"type":"branch","line":135,"loc":{"start":{"line":135,"column":26},"end":{"line":135,"column":32}},"locations":[{"start":{"line":135,"column":26},"end":{"line":135,"column":32}}]},"27":{"type":"branch","line":141,"loc":{"start":{"line":141,"column":24},"end":{"line":141,"column":66}},"locations":[{"start":{"line":141,"column":24},"end":{"line":141,"column":66}}]},"28":{"type":"branch","line":147,"loc":{"start":{"line":147,"column":29},"end":{"line":147,"column":70}},"locations":[{"start":{"line":147,"column":29},"end":{"line":147,"column":70}}]},"29":{"type":"branch","line":154,"loc":{"start":{"line":154,"column":29},"end":{"line":154,"column":84}},"locations":[{"start":{"line":154,"column":29},"end":{"line":154,"column":84}}]},"30":{"type":"branch","line":160,"loc":{"start":{"line":160,"column":28},"end":{"line":160,"column":120}},"locations":[{"start":{"line":160,"column":28},"end":{"line":160,"column":120}}]},"31":{"type":"branch","line":166,"loc":{"start":{"line":166,"column":24},"end":{"line":166,"column":64}},"locations":[{"start":{"line":166,"column":24},"end":{"line":166,"column":64}}]},"32":{"type":"branch","line":173,"loc":{"start":{"line":173,"column":24},"end":{"line":173,"column":80}},"locations":[{"start":{"line":173,"column":24},"end":{"line":173,"column":80}}]},"33":{"type":"branch","line":180,"loc":{"start":{"line":180,"column":26},"end":{"line":195,"column":1}},"locations":[{"start":{"line":180,"column":26},"end":{"line":195,"column":1}}]},"34":{"type":"branch","line":201,"loc":{"start":{"line":201,"column":25},"end":{"line":208,"column":1}},"locations":[{"start":{"line":201,"column":25},"end":{"line":208,"column":1}}]},"35":{"type":"branch","line":214,"loc":{"start":{"line":214,"column":23},"end":{"line":214,"column":87}},"locations":[{"start":{"line":214,"column":23},"end":{"line":214,"column":87}}]},"36":{"type":"branch","line":219,"loc":{"start":{"line":219,"column":24},"end":{"line":219,"column":655}},"locations":[{"start":{"line":219,"column":24},"end":{"line":219,"column":655}}]},"37":{"type":"branch","line":225,"loc":{"start":{"line":225,"column":30},"end":{"line":225,"column":183}},"locations":[{"start":{"line":225,"column":30},"end":{"line":225,"column":183}}]},"38":{"type":"branch","line":231,"loc":{"start":{"line":231,"column":29},"end":{"line":231,"column":109}},"locations":[{"start":{"line":231,"column":29},"end":{"line":231,"column":109}}]},"39":{"type":"branch","line":238,"loc":{"start":{"line":238,"column":22},"end":{"line":238,"column":123}},"locations":[{"start":{"line":238,"column":22},"end":{"line":238,"column":123}}]},"40":{"type":"branch","line":244,"loc":{"start":{"line":244,"column":28},"end":{"line":244,"column":93}},"locations":[{"start":{"line":244,"column":28},"end":{"line":244,"column":93}}]}},"b":{"0":[11],"1":[1],"2":[1],"3":[2],"4":[1],"5":[2],"6":[3],"7":[3],"8":[3],"9":[1],"10":[1],"11":[1],"12":[1],"13":[2],"14":[2],"15":[1],"16":[2],"17":[2],"18":[2],"19":[2],"20":[5],"21":[4],"22":[2],"23":[1],"24":[2],"25":[2],"26":[4],"27":[1],"28":[2],"29":[2],"30":[2],"31":[1],"32":[1],"33":[1],"34":[1],"35":[1],"36":[1],"37":[1],"38":[2],"39":[2],"40":[2]},"fnMap":{"0":{"name":"is","decl":{"start":{"line":10,"column":18},"end":{"line":10,"column":85}},"loc":{"start":{"line":10,"column":18},"end":{"line":10,"column":85}},"line":10},"1":{"name":"isNil","decl":{"start":{"line":16,"column":21},"end":{"line":16,"column":62}},"loc":{"start":{"line":16,"column":21},"end":{"line":16,"column":62}},"line":16},"2":{"name":"isNull","decl":{"start":{"line":22,"column":22},"end":{"line":22,"column":42}},"loc":{"start":{"line":22,"column":22},"end":{"line":22,"column":42}},"line":22},"3":{"name":"isNumber","decl":{"start":{"line":28,"column":24},"end":{"line":28,"column":67}},"loc":{"start":{"line":28,"column":24},"end":{"line":28,"column":67}},"line":28},"4":{"name":"isArray","decl":{"start":{"line":34,"column":23},"end":{"line":34,"column":35}},"loc":{"start":{"line":34,"column":23},"end":{"line":34,"column":35}},"line":34},"5":{"name":"isPositiveNum","decl":{"start":{"line":41,"column":29},"end":{"line":41,"column":49}},"loc":{"start":{"line":41,"column":29},"end":{"line":41,"column":49}},"line":41},"6":{"name":"isNegativeNum","decl":{"start":{"line":47,"column":29},"end":{"line":47,"column":50}},"loc":{"start":{"line":47,"column":29},"end":{"line":47,"column":50}},"line":47},"7":{"name":"isInteger","decl":{"start":{"line":53,"column":25},"end":{"line":53,"column":47}},"loc":{"start":{"line":53,"column":25},"end":{"line":53,"column":47}},"line":53},"8":{"name":"isPostiveFloat","decl":{"start":{"line":58,"column":30},"end":{"line":58,"column":68}},"loc":{"start":{"line":58,"column":30},"end":{"line":58,"column":68}},"line":58},"9":{"name":"isNegativeFloat","decl":{"start":{"line":64,"column":31},"end":{"line":64,"column":72}},"loc":{"start":{"line":64,"column":31},"end":{"line":64,"column":72}},"line":64},"10":{"name":"isFloat","decl":{"start":{"line":69,"column":23},"end":{"line":69,"column":73}},"loc":{"start":{"line":69,"column":23},"end":{"line":69,"column":73}},"line":69},"11":{"name":"isBrowser","decl":{"start":{"line":75,"column":25},"end":{"line":75,"column":33}},"loc":{"start":{"line":75,"column":25},"end":{"line":75,"column":33}},"line":75},"12":{"name":"isPrime","decl":{"start":{"line":81,"column":23},"end":{"line":81,"column":48}},"loc":{"start":{"line":81,"column":23},"end":{"line":81,"column":48}},"line":81},"13":{"name":"isAscii","decl":{"start":{"line":87,"column":23},"end":{"line":87,"column":47}},"loc":{"start":{"line":87,"column":23},"end":{"line":87,"column":47}},"line":87},"14":{"name":"isHasWhitespace","decl":{"start":{"line":93,"column":31},"end":{"line":93,"column":43}},"loc":{"start":{"line":93,"column":31},"end":{"line":93,"column":43}},"line":93},"15":{"name":"isHexColor","decl":{"start":{"line":99,"column":26},"end":{"line":99,"column":91}},"loc":{"start":{"line":99,"column":26},"end":{"line":99,"column":91}},"line":99},"16":{"name":"isHexadecimal","decl":{"start":{"line":105,"column":29},"end":{"line":105,"column":51}},"loc":{"start":{"line":105,"column":29},"end":{"line":105,"column":51}},"line":105},"17":{"name":"isPlainObject","decl":{"start":{"line":111,"column":29},"end":{"line":111,"column":36}},"loc":{"start":{"line":111,"column":29},"end":{"line":111,"column":36}},"line":111},"18":{"name":"isRegExp","decl":{"start":{"line":117,"column":24},"end":{"line":117,"column":93}},"loc":{"start":{"line":117,"column":24},"end":{"line":117,"column":93}},"line":117},"19":{"name":"isString","decl":{"start":{"line":123,"column":24},"end":{"line":123,"column":93}},"loc":{"start":{"line":123,"column":24},"end":{"line":123,"column":93}},"line":123},"20":{"name":"isObject","decl":{"start":{"line":129,"column":24},"end":{"line":129,"column":67}},"loc":{"start":{"line":129,"column":24},"end":{"line":129,"column":67}},"line":129},"21":{"name":"isFunction","decl":{"start":{"line":135,"column":26},"end":{"line":135,"column":32}},"loc":{"start":{"line":135,"column":26},"end":{"line":135,"column":32}},"line":135},"22":{"name":"isWeChat","decl":{"start":{"line":141,"column":24},"end":{"line":141,"column":66}},"loc":{"start":{"line":141,"column":24},"end":{"line":141,"column":66}},"line":141},"23":{"name":"isChineseName","decl":{"start":{"line":147,"column":29},"end":{"line":147,"column":70}},"loc":{"start":{"line":147,"column":29},"end":{"line":147,"column":70}},"line":147},"24":{"name":"isEnglishName","decl":{"start":{"line":154,"column":29},"end":{"line":154,"column":84}},"loc":{"start":{"line":154,"column":29},"end":{"line":154,"column":84}},"line":154},"25":{"name":"isSubnetMask","decl":{"start":{"line":160,"column":28},"end":{"line":160,"column":120}},"loc":{"start":{"line":160,"column":28},"end":{"line":160,"column":120}},"line":160},"26":{"name":"isPhone","decl":{"start":{"line":166,"column":24},"end":{"line":166,"column":64}},"loc":{"start":{"line":166,"column":24},"end":{"line":166,"column":64}},"line":166},"27":{"name":"isEmail","decl":{"start":{"line":173,"column":24},"end":{"line":173,"column":80}},"loc":{"start":{"line":173,"column":24},"end":{"line":173,"column":80}},"line":173},"28":{"name":"isHTMLTag","decl":{"start":{"line":180,"column":26},"end":{"line":195,"column":1}},"loc":{"start":{"line":180,"column":26},"end":{"line":195,"column":1}},"line":180},"29":{"name":"isSvgTag","decl":{"start":{"line":201,"column":25},"end":{"line":208,"column":1}},"loc":{"start":{"line":201,"column":25},"end":{"line":208,"column":1}},"line":201},"30":{"name":"isDate","decl":{"start":{"line":214,"column":23},"end":{"line":214,"column":87}},"loc":{"start":{"line":214,"column":23},"end":{"line":214,"column":87}},"line":214},"31":{"name":"isEmoji","decl":{"start":{"line":219,"column":24},"end":{"line":219,"column":655}},"loc":{"start":{"line":219,"column":24},"end":{"line":219,"column":655}},"line":219},"32":{"name":"isLicensePlate","decl":{"start":{"line":225,"column":30},"end":{"line":225,"column":183}},"loc":{"start":{"line":225,"column":30},"end":{"line":225,"column":183}},"line":225},"33":{"name":"isPwdStrength","decl":{"start":{"line":231,"column":29},"end":{"line":231,"column":109}},"loc":{"start":{"line":231,"column":29},"end":{"line":231,"column":109}},"line":231},"34":{"name":"isIPV4","decl":{"start":{"line":238,"column":22},"end":{"line":238,"column":123}},"loc":{"start":{"line":238,"column":22},"end":{"line":238,"column":123}},"line":238},"35":{"name":"isMacAddress","decl":{"start":{"line":244,"column":28},"end":{"line":244,"column":93}},"loc":{"start":{"line":244,"column":28},"end":{"line":244,"column":93}},"line":244}},"f":{"0":11,"1":1,"2":1,"3":2,"4":2,"5":3,"6":3,"7":3,"8":1,"9":1,"10":1,"11":1,"12":2,"13":2,"14":2,"15":2,"16":2,"17":5,"18":1,"19":2,"20":2,"21":4,"22":1,"23":2,"24":2,"25":2,"26":1,"27":1,"28":1,"29":1,"30":1,"31":1,"32":1,"33":2,"34":2,"35":2}}
,"F:\\vue3test\\_ui_view\\rutil\\utils\\datetime.js": {"path":"F:\\vue3test\\_ui_view\\rutil\\utils\\datetime.js","all":false,"statementMap":{"0":{"start":{"line":1,"column":0},"end":{"line":1,"column":3}},"1":{"start":{"line":2,"column":0},"end":{"line":2,"column":7}},"2":{"start":{"line":3,"column":0},"end":{"line":3,"column":3}},"3":{"start":{"line":4,"column":0},"end":{"line":4,"column":0}},"4":{"start":{"line":5,"column":0},"end":{"line":5,"column":3}},"5":{"start":{"line":6,"column":0},"end":{"line":6,"column":10}},"6":{"start":{"line":7,"column":0},"end":{"line":7,"column":26}},"7":{"start":{"line":8,"column":0},"end":{"line":8,"column":26}},"8":{"start":{"line":9,"column":0},"end":{"line":9,"column":3}},"9":{"start":{"line":10,"column":0},"end":{"line":10,"column":67}},"10":{"start":{"line":11,"column":0},"end":{"line":11,"column":61}},"11":{"start":{"line":12,"column":0},"end":{"line":12,"column":101}},"12":{"start":{"line":13,"column":0},"end":{"line":13,"column":55}},"13":{"start":{"line":14,"column":0},"end":{"line":14,"column":85}},"14":{"start":{"line":15,"column":0},"end":{"line":15,"column":19}},"15":{"start":{"line":16,"column":0},"end":{"line":16,"column":19}},"16":{"start":{"line":17,"column":0},"end":{"line":17,"column":34}},"17":{"start":{"line":18,"column":0},"end":{"line":18,"column":33}},"18":{"start":{"line":19,"column":0},"end":{"line":19,"column":17}},"19":{"start":{"line":20,"column":0},"end":{"line":20,"column":26}},"20":{"start":{"line":21,"column":0},"end":{"line":21,"column":17}},"21":{"start":{"line":22,"column":0},"end":{"line":22,"column":26}},"22":{"start":{"line":23,"column":0},"end":{"line":23,"column":17}},"23":{"start":{"line":24,"column":0},"end":{"line":24,"column":26}},"24":{"start":{"line":25,"column":0},"end":{"line":25,"column":17}},"25":{"start":{"line":26,"column":0},"end":{"line":26,"column":26}},"26":{"start":{"line":27,"column":0},"end":{"line":27,"column":17}},"27":{"start":{"line":28,"column":0},"end":{"line":28,"column":26}},"28":{"start":{"line":29,"column":0},"end":{"line":29,"column":18}},"29":{"start":{"line":30,"column":0},"end":{"line":30,"column":27}},"30":{"start":{"line":31,"column":0},"end":{"line":31,"column":25}},"31":{"start":{"line":32,"column":0},"end":{"line":32,"column":5}},"32":{"start":{"line":33,"column":0},"end":{"line":33,"column":101}},"33":{"start":{"line":34,"column":0},"end":{"line":34,"column":28}},"34":{"start":{"line":35,"column":0},"end":{"line":35,"column":6}},"35":{"start":{"line":36,"column":0},"end":{"line":36,"column":0}},"36":{"start":{"line":37,"column":0},"end":{"line":37,"column":1}},"37":{"start":{"line":38,"column":0},"end":{"line":38,"column":0}},"38":{"start":{"line":39,"column":0},"end":{"line":39,"column":3}},"39":{"start":{"line":40,"column":0},"end":{"line":40,"column":16}},"40":{"start":{"line":41,"column":0},"end":{"line":41,"column":19}},"41":{"start":{"line":42,"column":0},"end":{"line":42,"column":24}},"42":{"start":{"line":43,"column":0},"end":{"line":43,"column":3}},"43":{"start":{"line":44,"column":0},"end":{"line":44,"column":107}},"44":{"start":{"line":45,"column":0},"end":{"line":45,"column":0}},"45":{"start":{"line":46,"column":0},"end":{"line":46,"column":3}},"46":{"start":{"line":47,"column":0},"end":{"line":47,"column":14}},"47":{"start":{"line":48,"column":0},"end":{"line":48,"column":24}},"48":{"start":{"line":49,"column":0},"end":{"line":49,"column":22}},"49":{"start":{"line":50,"column":0},"end":{"line":50,"column":3}},"50":{"start":{"line":51,"column":0},"end":{"line":51,"column":161}},"51":{"start":{"line":52,"column":0},"end":{"line":52,"column":0}},"52":{"start":{"line":53,"column":0},"end":{"line":53,"column":3}},"53":{"start":{"line":54,"column":0},"end":{"line":54,"column":14}},"54":{"start":{"line":55,"column":0},"end":{"line":55,"column":20}},"55":{"start":{"line":56,"column":0},"end":{"line":56,"column":3}},"56":{"start":{"line":57,"column":0},"end":{"line":57,"column":113}},"57":{"start":{"line":58,"column":0},"end":{"line":58,"column":0}},"58":{"start":{"line":59,"column":0},"end":{"line":59,"column":3}},"59":{"start":{"line":60,"column":0},"end":{"line":60,"column":12}},"60":{"start":{"line":61,"column":0},"end":{"line":61,"column":19}},"61":{"start":{"line":62,"column":0},"end":{"line":62,"column":20}},"62":{"start":{"line":63,"column":0},"end":{"line":63,"column":3}},"63":{"start":{"line":64,"column":0},"end":{"line":64,"column":79}},"64":{"start":{"line":65,"column":0},"end":{"line":65,"column":0}},"65":{"start":{"line":66,"column":0},"end":{"line":66,"column":3}},"66":{"start":{"line":67,"column":0},"end":{"line":67,"column":15}},"67":{"start":{"line":68,"column":0},"end":{"line":68,"column":19}},"68":{"start":{"line":69,"column":0},"end":{"line":69,"column":3}},"69":{"start":{"line":70,"column":0},"end":{"line":70,"column":132}},"70":{"start":{"line":71,"column":0},"end":{"line":71,"column":0}},"71":{"start":{"line":72,"column":0},"end":{"line":72,"column":3}},"72":{"start":{"line":73,"column":0},"end":{"line":73,"column":15}},"73":{"start":{"line":74,"column":0},"end":{"line":74,"column":19}},"74":{"start":{"line":75,"column":0},"end":{"line":75,"column":3}},"75":{"start":{"line":76,"column":0},"end":{"line":76,"column":96}},"76":{"start":{"line":77,"column":0},"end":{"line":77,"column":0}},"77":{"start":{"line":78,"column":0},"end":{"line":78,"column":0}},"78":{"start":{"line":79,"column":0},"end":{"line":79,"column":3}},"79":{"start":{"line":80,"column":0},"end":{"line":80,"column":15}},"80":{"start":{"line":81,"column":0},"end":{"line":81,"column":19}},"81":{"start":{"line":82,"column":0},"end":{"line":82,"column":3}},"82":{"start":{"line":83,"column":0},"end":{"line":83,"column":181}},"83":{"start":{"line":84,"column":0},"end":{"line":84,"column":0}},"84":{"start":{"line":85,"column":0},"end":{"line":85,"column":3}},"85":{"start":{"line":86,"column":0},"end":{"line":86,"column":15}},"86":{"start":{"line":87,"column":0},"end":{"line":87,"column":19}},"87":{"start":{"line":88,"column":0},"end":{"line":88,"column":20}},"88":{"start":{"line":89,"column":0},"end":{"line":89,"column":3}},"89":{"start":{"line":90,"column":0},"end":{"line":90,"column":57}},"90":{"start":{"line":91,"column":0},"end":{"line":91,"column":18}},"91":{"start":{"line":92,"column":0},"end":{"line":92,"column":102}},"92":{"start":{"line":93,"column":0},"end":{"line":93,"column":100}},"93":{"start":{"line":94,"column":0},"end":{"line":94,"column":1}}},"s":{"0":1,"1":1,"2":1,"3":1,"4":1,"5":1,"6":1,"7":1,"8":1,"9":1,"10":1,"11":1,"12":1,"13":1,"14":1,"15":1,"16":1,"17":1,"18":1,"19":1,"20":1,"21":1,"22":1,"23":1,"24":1,"25":1,"26":1,"27":1,"28":1,"29":1,"30":1,"31":1,"32":1,"33":6,"34":6,"35":1,"36":1,"37":1,"38":1,"39":1,"40":1,"41":1,"42":1,"43":1,"44":1,"45":1,"46":1,"47":1,"48":1,"49":1,"50":1,"51":1,"52":1,"53":1,"54":1,"55":1,"56":1,"57":1,"58":1,"59":1,"60":1,"61":1,"62":1,"63":1,"64":1,"65":1,"66":1,"67":1,"68":1,"69":1,"70":1,"71":1,"72":1,"73":1,"74":1,"75":1,"76":1,"77":1,"78":1,"79":1,"80":1,"81":1,"82":1,"83":1,"84":1,"85":1,"86":1,"87":1,"88":1,"89":1,"90":2,"91":1,"92":2,"93":2},"branchMap":{"0":{"type":"branch","line":10,"loc":{"start":{"line":10,"column":26},"end":{"line":37,"column":1}},"locations":[{"start":{"line":10,"column":26},"end":{"line":37,"column":1}}]},"1":{"type":"branch","line":33,"loc":{"start":{"line":33,"column":92},"end":{"line":35,"column":6}},"locations":[{"start":{"line":33,"column":92},"end":{"line":35,"column":6}}]},"2":{"type":"branch","line":44,"loc":{"start":{"line":44,"column":24},"end":{"line":44,"column":49}},"locations":[{"start":{"line":44,"column":24},"end":{"line":44,"column":49}}]},"3":{"type":"branch","line":51,"loc":{"start":{"line":51,"column":25},"end":{"line":51,"column":53}},"locations":[{"start":{"line":51,"column":25},"end":{"line":51,"column":53}}]},"4":{"type":"branch","line":57,"loc":{"start":{"line":57,"column":25},"end":{"line":57,"column":37}},"locations":[{"start":{"line":57,"column":25},"end":{"line":57,"column":37}}]},"5":{"type":"branch","line":64,"loc":{"start":{"line":64,"column":27},"end":{"line":64,"column":48}},"locations":[{"start":{"line":64,"column":27},"end":{"line":64,"column":48}}]},"6":{"type":"branch","line":70,"loc":{"start":{"line":70,"column":30},"end":{"line":70,"column":39}},"locations":[{"start":{"line":70,"column":30},"end":{"line":70,"column":39}}]},"7":{"type":"branch","line":76,"loc":{"start":{"line":76,"column":30},"end":{"line":76,"column":39}},"locations":[{"start":{"line":76,"column":30},"end":{"line":76,"column":39}}]},"8":{"type":"branch","line":83,"loc":{"start":{"line":83,"column":32},"end":{"line":83,"column":41}},"locations":[{"start":{"line":83,"column":32},"end":{"line":83,"column":41}}]},"9":{"type":"branch","line":90,"loc":{"start":{"line":90,"column":32},"end":{"line":94,"column":1}},"locations":[{"start":{"line":90,"column":32},"end":{"line":94,"column":1}}]},"10":{"type":"branch","line":91,"loc":{"start":{"line":91,"column":16},"end":{"line":92,"column":9}},"locations":[{"start":{"line":91,"column":16},"end":{"line":92,"column":9}}]},"11":{"type":"branch","line":91,"loc":{"start":{"line":91,"column":16},"end":{"line":93,"column":9}},"locations":[{"start":{"line":91,"column":16},"end":{"line":93,"column":9}}]}},"b":{"0":[1],"1":[6],"2":[1],"3":[1],"4":[1],"5":[1],"6":[1],"7":[1],"8":[1],"9":[2],"10":[1],"11":[1]},"fnMap":{"0":{"name":"dateFormat","decl":{"start":{"line":10,"column":26},"end":{"line":37,"column":1}},"loc":{"start":{"line":10,"column":26},"end":{"line":37,"column":1}},"line":10},"1":{"name":"daysDiff","decl":{"start":{"line":44,"column":24},"end":{"line":44,"column":49}},"loc":{"start":{"line":44,"column":24},"end":{"line":44,"column":49}},"line":44},"2":{"name":"monthDiff","decl":{"start":{"line":51,"column":25},"end":{"line":51,"column":53}},"loc":{"start":{"line":51,"column":25},"end":{"line":51,"column":53}},"line":51},"3":{"name":"dayOfYear","decl":{"start":{"line":57,"column":25},"end":{"line":57,"column":37}},"loc":{"start":{"line":57,"column":25},"end":{"line":57,"column":37}},"line":57},"4":{"name":"daysInMonth","decl":{"start":{"line":64,"column":27},"end":{"line":64,"column":48}},"loc":{"start":{"line":64,"column":27},"end":{"line":64,"column":48}},"line":64},"5":{"name":"weekDayEnglish","decl":{"start":{"line":70,"column":30},"end":{"line":70,"column":39}},"loc":{"start":{"line":70,"column":30},"end":{"line":70,"column":39}},"line":70},"6":{"name":"weekDayChinese","decl":{"start":{"line":76,"column":30},"end":{"line":76,"column":39}},"loc":{"start":{"line":76,"column":30},"end":{"line":76,"column":39}},"line":76},"7":{"name":"monthNameEnglish","decl":{"start":{"line":83,"column":32},"end":{"line":83,"column":41}},"loc":{"start":{"line":83,"column":32},"end":{"line":83,"column":41}},"line":83},"8":{"name":"monthNameChinese","decl":{"start":{"line":90,"column":32},"end":{"line":94,"column":1}},"loc":{"start":{"line":90,"column":32},"end":{"line":94,"column":1}},"line":90}},"f":{"0":1,"1":1,"2":1,"3":1,"4":1,"5":1,"6":1,"7":1,"8":2}}
,"F:\\vue3test\\_ui_view\\rutil\\utils\\function.js": {"path":"F:\\vue3test\\_ui_view\\rutil\\utils\\function.js","all":false,"statementMap":{"0":{"start":{"line":1,"column":0},"end":{"line":1,"column":11}},"1":{"start":{"line":2,"column":0},"end":{"line":2,"column":0}},"2":{"start":{"line":3,"column":0},"end":{"line":3,"column":3}},"3":{"start":{"line":4,"column":0},"end":{"line":4,"column":7}},"4":{"start":{"line":5,"column":0},"end":{"line":5,"column":18}},"5":{"start":{"line":6,"column":0},"end":{"line":6,"column":3}},"6":{"start":{"line":7,"column":0},"end":{"line":7,"column":81}},"7":{"start":{"line":8,"column":0},"end":{"line":8,"column":3}},"8":{"start":{"line":9,"column":0},"end":{"line":9,"column":11}},"9":{"start":{"line":10,"column":0},"end":{"line":10,"column":16}},"10":{"start":{"line":11,"column":0},"end":{"line":11,"column":3}},"11":{"start":{"line":12,"column":0},"end":{"line":12,"column":117}},"12":{"start":{"line":13,"column":0},"end":{"line":13,"column":0}},"13":{"start":{"line":14,"column":0},"end":{"line":14,"column":0}},"14":{"start":{"line":15,"column":0},"end":{"line":15,"column":3}},"15":{"start":{"line":16,"column":0},"end":{"line":16,"column":7}},"16":{"start":{"line":17,"column":0},"end":{"line":17,"column":18}},"17":{"start":{"line":18,"column":0},"end":{"line":18,"column":3}},"18":{"start":{"line":19,"column":0},"end":{"line":19,"column":52}},"19":{"start":{"line":20,"column":0},"end":{"line":20,"column":0}},"20":{"start":{"line":21,"column":0},"end":{"line":21,"column":3}},"21":{"start":{"line":22,"column":0},"end":{"line":22,"column":17}},"22":{"start":{"line":23,"column":0},"end":{"line":23,"column":18}},"23":{"start":{"line":24,"column":0},"end":{"line":24,"column":3}},"24":{"start":{"line":25,"column":0},"end":{"line":25,"column":52}},"25":{"start":{"line":26,"column":0},"end":{"line":26,"column":0}},"26":{"start":{"line":27,"column":0},"end":{"line":27,"column":3}},"27":{"start":{"line":28,"column":0},"end":{"line":28,"column":16}},"28":{"start":{"line":29,"column":0},"end":{"line":29,"column":18}},"29":{"start":{"line":30,"column":0},"end":{"line":30,"column":3}},"30":{"start":{"line":31,"column":0},"end":{"line":31,"column":65}},"31":{"start":{"line":32,"column":0},"end":{"line":32,"column":0}},"32":{"start":{"line":33,"column":0},"end":{"line":33,"column":0}},"33":{"start":{"line":34,"column":0},"end":{"line":34,"column":0}},"34":{"start":{"line":35,"column":0},"end":{"line":35,"column":3}},"35":{"start":{"line":36,"column":0},"end":{"line":36,"column":11}},"36":{"start":{"line":37,"column":0},"end":{"line":37,"column":18}},"37":{"start":{"line":38,"column":0},"end":{"line":38,"column":3}},"38":{"start":{"line":39,"column":0},"end":{"line":39,"column":32}},"39":{"start":{"line":40,"column":0},"end":{"line":40,"column":16}},"40":{"start":{"line":41,"column":0},"end":{"line":41,"column":19}},"41":{"start":{"line":42,"column":0},"end":{"line":42,"column":14}},"42":{"start":{"line":43,"column":0},"end":{"line":43,"column":10}},"43":{"start":{"line":44,"column":0},"end":{"line":44,"column":25}},"44":{"start":{"line":45,"column":0},"end":{"line":45,"column":24}},"45":{"start":{"line":46,"column":0},"end":{"line":46,"column":24}},"46":{"start":{"line":47,"column":0},"end":{"line":47,"column":25}},"47":{"start":{"line":48,"column":0},"end":{"line":48,"column":25}},"48":{"start":{"line":49,"column":0},"end":{"line":49,"column":23}},"49":{"start":{"line":50,"column":0},"end":{"line":50,"column":6}},"50":{"start":{"line":51,"column":0},"end":{"line":51,"column":0}},"51":{"start":{"line":52,"column":0},"end":{"line":52,"column":3}},"52":{"start":{"line":53,"column":0},"end":{"line":53,"column":10}},"53":{"start":{"line":54,"column":0},"end":{"line":54,"column":21}},"54":{"start":{"line":55,"column":0},"end":{"line":55,"column":24}},"55":{"start":{"line":56,"column":0},"end":{"line":56,"column":27}},"56":{"start":{"line":57,"column":0},"end":{"line":57,"column":3}},"57":{"start":{"line":58,"column":0},"end":{"line":58,"column":60}},"58":{"start":{"line":59,"column":0},"end":{"line":59,"column":40}},"59":{"start":{"line":60,"column":0},"end":{"line":60,"column":61}},"60":{"start":{"line":61,"column":0},"end":{"line":61,"column":47}},"61":{"start":{"line":62,"column":0},"end":{"line":62,"column":36}},"62":{"start":{"line":63,"column":0},"end":{"line":63,"column":9}},"63":{"start":{"line":64,"column":0},"end":{"line":64,"column":46}},"64":{"start":{"line":65,"column":0},"end":{"line":65,"column":1}},"65":{"start":{"line":66,"column":0},"end":{"line":66,"column":0}},"66":{"start":{"line":67,"column":0},"end":{"line":67,"column":3}},"67":{"start":{"line":68,"column":0},"end":{"line":68,"column":11}},"68":{"start":{"line":69,"column":0},"end":{"line":69,"column":25}},"69":{"start":{"line":70,"column":0},"end":{"line":70,"column":24}},"70":{"start":{"line":71,"column":0},"end":{"line":71,"column":27}},"71":{"start":{"line":72,"column":0},"end":{"line":72,"column":3}},"72":{"start":{"line":73,"column":0},"end":{"line":73,"column":60}},"73":{"start":{"line":74,"column":0},"end":{"line":74,"column":61}},"74":{"start":{"line":75,"column":0},"end":{"line":75,"column":35}},"75":{"start":{"line":76,"column":0},"end":{"line":76,"column":1}},"76":{"start":{"line":77,"column":0},"end":{"line":77,"column":0}},"77":{"start":{"line":78,"column":0},"end":{"line":78,"column":3}},"78":{"start":{"line":79,"column":0},"end":{"line":79,"column":5}},"79":{"start":{"line":80,"column":0},"end":{"line":80,"column":42}},"80":{"start":{"line":81,"column":0},"end":{"line":81,"column":19}},"81":{"start":{"line":82,"column":0},"end":{"line":82,"column":26}},"82":{"start":{"line":83,"column":0},"end":{"line":83,"column":3}},"83":{"start":{"line":84,"column":0},"end":{"line":84,"column":47}},"84":{"start":{"line":85,"column":0},"end":{"line":85,"column":22}},"85":{"start":{"line":86,"column":0},"end":{"line":86,"column":25}},"86":{"start":{"line":87,"column":0},"end":{"line":87,"column":20}},"87":{"start":{"line":88,"column":0},"end":{"line":88,"column":19}},"88":{"start":{"line":89,"column":0},"end":{"line":89,"column":9}},"89":{"start":{"line":90,"column":0},"end":{"line":90,"column":21}},"90":{"start":{"line":91,"column":0},"end":{"line":91,"column":34}},"91":{"start":{"line":92,"column":0},"end":{"line":92,"column":25}},"92":{"start":{"line":93,"column":0},"end":{"line":93,"column":26}},"93":{"start":{"line":94,"column":0},"end":{"line":94,"column":16}},"94":{"start":{"line":95,"column":0},"end":{"line":95,"column":5}},"95":{"start":{"line":96,"column":0},"end":{"line":96,"column":1}},"96":{"start":{"line":97,"column":0},"end":{"line":97,"column":0}},"97":{"start":{"line":98,"column":0},"end":{"line":98,"column":3}},"98":{"start":{"line":99,"column":0},"end":{"line":99,"column":5}},"99":{"start":{"line":100,"column":0},"end":{"line":100,"column":31}},"100":{"start":{"line":101,"column":0},"end":{"line":101,"column":17}},"101":{"start":{"line":102,"column":0},"end":{"line":102,"column":20}},"102":{"start":{"line":103,"column":0},"end":{"line":103,"column":3}},"103":{"start":{"line":104,"column":0},"end":{"line":104,"column":40}},"104":{"start":{"line":105,"column":0},"end":{"line":105,"column":21}},"105":{"start":{"line":106,"column":0},"end":{"line":106,"column":25}},"106":{"start":{"line":107,"column":0},"end":{"line":107,"column":28}},"107":{"start":{"line":108,"column":0},"end":{"line":108,"column":34}},"108":{"start":{"line":109,"column":0},"end":{"line":109,"column":24}},"109":{"start":{"line":110,"column":0},"end":{"line":110,"column":18}},"110":{"start":{"line":111,"column":0},"end":{"line":111,"column":5}},"111":{"start":{"line":112,"column":0},"end":{"line":112,"column":1}},"112":{"start":{"line":113,"column":0},"end":{"line":113,"column":0}},"113":{"start":{"line":114,"column":0},"end":{"line":114,"column":3}},"114":{"start":{"line":115,"column":0},"end":{"line":115,"column":10}},"115":{"start":{"line":116,"column":0},"end":{"line":116,"column":20}},"116":{"start":{"line":117,"column":0},"end":{"line":117,"column":18}},"117":{"start":{"line":118,"column":0},"end":{"line":118,"column":26}},"118":{"start":{"line":119,"column":0},"end":{"line":119,"column":3}},"119":{"start":{"line":120,"column":0},"end":{"line":120,"column":84}},"120":{"start":{"line":121,"column":0},"end":{"line":121,"column":64}},"121":{"start":{"line":122,"column":0},"end":{"line":122,"column":28}},"122":{"start":{"line":123,"column":0},"end":{"line":123,"column":1}},"123":{"start":{"line":124,"column":0},"end":{"line":124,"column":0}},"124":{"start":{"line":125,"column":0},"end":{"line":125,"column":3}},"125":{"start":{"line":126,"column":0},"end":{"line":126,"column":8}},"126":{"start":{"line":127,"column":0},"end":{"line":127,"column":18}},"127":{"start":{"line":128,"column":0},"end":{"line":128,"column":18}},"128":{"start":{"line":129,"column":0},"end":{"line":129,"column":3}},"129":{"start":{"line":130,"column":0},"end":{"line":130,"column":99}},"130":{"start":{"line":131,"column":0},"end":{"line":131,"colu
[...]
column":1}},"locations":[{"start":{"line":606,"column":25},"end":{"line":613,"column":1}}]},"89":{"type":"branch","line":619,"loc":{"start":{"line":619,"column":30},"end":{"line":648,"column":1}},"locations":[{"start":{"line":619,"column":30},"end":{"line":648,"column":1}}]},"90":{"type":"branch","line":629,"loc":{"start":{"line":629,"column":15},"end":{"line":629,"column":29}},"locations":[{"start":{"line":629,"column":15},"end":{"line":629,"column":29}}]},"91":{"type":"branch","line":629,"loc":{"start":{"line":629,"column":15},"end":{"line":629,"column":32}},"locations":[{"start":{"line":629,"column":15},"end":{"line":629,"column":32}}]},"92":{"type":"branch","line":632,"loc":{"start":{"line":632,"column":46},"end":{"line":634,"column":5}},"locations":[{"start":{"line":632,"column":46},"end":{"line":634,"column":5}}]},"93":{"type":"branch","line":635,"loc":{"start":{"line":635,"column":9},"end":{"line":635,"column":17}},"locations":[{"start":{"line":635,"column":9},"end":{"line":635,"column":17}}]},"94":{"type":"branch","line":637,"loc":{"start":{"line":637,"column":20},"end":{"line":637,"column":49}},"locations":[{"start":{"line":637,"column":20},"end":{"line":637,"column":49}}]},"95":{"type":"branch","line":637,"loc":{"start":{"line":637,"column":54},"end":{"line":644,"column":5}},"locations":[{"start":{"line":637,"column":54},"end":{"line":644,"column":5}}]},"96":{"type":"branch","line":639,"loc":{"start":{"line":639,"column":24},"end":{"line":639,"column":53}},"locations":[{"start":{"line":639,"column":24},"end":{"line":639,"column":53}}]},"97":{"type":"branch","line":639,"loc":{"start":{"line":639,"column":58},"end":{"line":642,"column":9}},"locations":[{"start":{"line":639,"column":58},"end":{"line":642,"column":9}}]}},"b":{"0":[4],"1":[1],"2":[1],"3":[1],"4":[1],"5":[8],"6":[0],"7":[2],"8":[2],"9":[1],"10":[2],"11":[1],"12":[1],"13":[1],"14":[2],"15":[1],"16":[11],"17":[2],"18":[10],"19":[1],"20":[4],"21":[1],"22":[3],"23":[2],"24":[2],"25":[4],"26":[2],"27":[2],"28":[4],"29":[2],"30":[4],"31":[4],"32":[1],"33":[2],"34":[2],"35":[4],"36":[1],"37":[3],"38":[1],"39":[4],"40":[1],"41":[3],"42":[0],"43":[1],"44":[4],"45":[3],"46":[3],"47":[1],"48":[10],"49":[0],"50":[1],"51":[10],"52":[0],"53":[1],"54":[64],"55":[260],"56":[62],"57":[198],"58":[126],"59":[45],"60":[81],"61":[72],"62":[16],"63":[16],"64":[16],"65":[16],"66":[16],"67":[16],"68":[16],"69":[16],"70":[1],"71":[7],"72":[4],"73":[16],"74":[1],"75":[7],"76":[0],"77":[2],"78":[72],"79":[6],"80":[0],"81":[0],"82":[4],"83":[2],"84":[0],"85":[2],"86":[5],"87":[2],"88":[2],"89":[2],"90":[1],"91":[1],"92":[4],"93":[1],"94":[5],"95":[3],"96":[10],"97":[8]},"fnMap":{"0":{"name":"objType","decl":{"start":{"line":7,"column":24},"end":{"line":7,"column":38}},"loc":{"start":{"line":7,"column":24},"end":{"line":7,"column":38}},"line":7},"1":{"name":"byteSize","decl":{"start":{"line":19,"column":24},"end":{"line":19,"column":52}},"loc":{"start":{"line":19,"column":24},"end":{"line":19,"column":52}},"line":19},"2":{"name":"splitLines","decl":{"start":{"line":25,"column":26},"end":{"line":25,"column":36}},"loc":{"start":{"line":25,"column":26},"end":{"line":25,"column":36}},"line":25},"3":{"name":"removeHTMLTags","decl":{"start":{"line":31,"column":30},"end":{"line":31,"column":40}},"loc":{"start":{"line":31,"column":30},"end":{"line":31,"column":40}},"line":31},"4":{"name":"escapeHTML","decl":{"start":{"line":39,"column":26},"end":{"line":43,"column":10}},"loc":{"start":{"line":39,"column":26},"end":{"line":43,"column":10}},"line":39},"5":{"name":"formatNumber","decl":{"start":{"line":58,"column":28},"end":{"line":65,"column":1}},"loc":{"start":{"line":58,"column":28},"end":{"line":65,"column":1}},"line":58},"6":{"name":"formatString","decl":{"start":{"line":73,"column":28},"end":{"line":76,"column":1}},"loc":{"start":{"line":73,"column":28},"end":{"line":76,"column":1}},"line":73},"7":{"name":"throttle","decl":{"start":{"line":84,"column":24},"end":{"line":96,"column":1}},"loc":{"start":{"line":84,"column":24},"end":{"line":96,"column":1}},"line":84},"8":{"name":"debounce","decl":{"start":{"line":104,"column":24},"end":{"line":112,"column":1}},"loc":{"start":{"line":104,"column":24},"end":{"line":112,"column":1}},"line":104},"9":{"name":"urlParam","decl":{"start":{"line":120,"column":24},"end":{"line":123,"column":1}},"loc":{"start":{"line":120,"column":24},"end":{"line":123,"column":1}},"line":120},"10":{"name":"randomNum","decl":{"start":{"line":130,"column":25},"end":{"line":130,"column":56}},"loc":{"start":{"line":130,"column":25},"end":{"line":130,"column":56}},"line":130},"11":{"name":"randomCode","decl":{"start":{"line":136,"column":26},"end":{"line":143,"column":1}},"loc":{"start":{"line":136,"column":26},"end":{"line":143,"column":1}},"line":136},"12":{"name":"randomIP","decl":{"start":{"line":148,"column":24},"end":{"line":148,"column":35}},"loc":{"start":{"line":148,"column":24},"end":{"line":148,"column":35}},"line":148},"13":{"name":"capitalize","decl":{"start":{"line":156,"column":26},"end":{"line":156,"column":74}},"loc":{"start":{"line":156,"column":26},"end":{"line":156,"column":74}},"line":156},"14":{"name":"capitalizeEveryWord","decl":{"start":{"line":162,"column":35},"end":{"line":162,"column":45}},"loc":{"start":{"line":162,"column":35},"end":{"line":162,"column":45}},"line":162},"15":{"name":"decapitalize","decl":{"start":{"line":168,"column":28},"end":{"line":168,"column":76}},"loc":{"start":{"line":168,"column":28},"end":{"line":168,"column":76}},"line":168},"16":{"name":"decapitalizeEveryWord","decl":{"start":{"line":174,"column":37},"end":{"line":174,"column":47}},"loc":{"start":{"line":174,"column":37},"end":{"line":174,"column":47}},"line":174},"17":{"name":"camelCase","decl":{"start":{"line":180,"column":26},"end":{"line":193,"column":1}},"loc":{"start":{"line":180,"column":26},"end":{"line":193,"column":1}},"line":180},"18":{"name":"hyphenate","decl":{"start":{"line":198,"column":26},"end":{"line":198,"column":37}},"loc":{"start":{"line":198,"column":26},"end":{"line":198,"column":37}},"line":198},"19":{"name":"privacyPhone","decl":{"start":{"line":206,"column":28},"end":{"line":206,"column":56}},"loc":{"start":{"line":206,"column":28},"end":{"line":206,"column":56}},"line":206},"20":{"name":"privacyName","decl":{"start":{"line":212,"column":27},"end":{"line":212,"column":55}},"loc":{"start":{"line":212,"column":27},"end":{"line":212,"column":55}},"line":212},"21":{"name":"bytesToSize","decl":{"start":{"line":218,"column":28},"end":{"line":224,"column":1}},"loc":{"start":{"line":218,"column":28},"end":{"line":224,"column":1}},"line":218},"22":{"name":"encode","decl":{"start":{"line":229,"column":12},"end":{"line":251,"column":6}},"loc":{"start":{"line":229,"column":12},"end":{"line":251,"column":6}},"line":229},"23":{"name":"decode","decl":{"start":{"line":252,"column":12},"end":{"line":276,"column":6}},"loc":{"start":{"line":252,"column":12},"end":{"line":276,"column":6}},"line":252},"24":{"name":"_utf8_encode","decl":{"start":{"line":277,"column":18},"end":{"line":294,"column":6}},"loc":{"start":{"line":277,"column":18},"end":{"line":294,"column":6}},"line":277},"25":{"name":"_utf8_decode","decl":{"start":{"line":295,"column":18},"end":{"line":317,"column":5}},"loc":{"start":{"line":295,"column":18},"end":{"line":317,"column":5}},"line":295},"26":{"name":"md5","decl":{"start":{"line":333,"column":19},"end":{"line":547,"column":1}},"loc":{"start":{"line":333,"column":19},"end":{"line":547,"column":1}},"line":333},"27":{"name":"md5_RotateLeft","decl":{"start":{"line":334,"column":4},"end":{"line":336,"column":5}},"loc":{"start":{"line":334,"column":4},"end":{"line":336,"column":5}},"line":334},"28":{"name":"md5_AddUnsigned","decl":{"start":{"line":338,"column":4},"end":{"line":357,"column":5}},"loc":{"start":{"line":338,"column":4},"end":{"line":357,"column":5}},"line":338},"29":{"name":"md5_F","decl":{"start":{"line":359,"column":4},"end":{"line":361,"column":5}},"loc":{"start":{"line":359,"column":4},"end":{"line":361,"column":5}},"line":359},"30":{"name":"md5_G","decl":{"start":{"line":363,"column":4},"end":{"line":365,"column":5}},"loc":{"start":{"line":363,"column":4},"end":{"line":365,"column":5}},"line":363},"31":{"name":"md5_H","decl":{"start":{"line":367,"column":4},"end":{"line":369,"column":5}},"loc":{"start":{"line":367,"column":4},"end":{"line":369,"column":5}},"line":367},"32":{"name":"md5_I","decl":{"start":{"line":371,"column":4},"end":{"line":373,"column":5}},"loc":{"start":{"line":371,"column":4},"end":{"line":373,"column":5}},"line":371},"33":{"name":"md5_FF","decl":{"start":{"line":375,"column":4},"end":{"line":378,"column":6}},"loc":{"start":{"line":375,"column":4},"end":{"line":378,"column":6}},"line":375},"34":{"name":"md5_GG","decl":{"start":{"line":380,"column":4},"end":{"line":383,"column":6}},"loc":{"start":{"line":380,"column":4},"end":{"line":383,"column":6}},"line":380},"35":{"name":"md5_HH","decl":{"start":{"line":385,"column":4},"end":{"line":388,"column":6}},"loc":{"start":{"line":385,"column":4},"end":{"line":388,"column":6}},"line":385},"36":{"name":"md5_II","decl":{"start":{"line":390,"column":4},"end":{"line":393,"column":6}},"loc":{"start":{"line":390,"column":4},"end":{"line":393,"column":6}},"line":390},"37":{"name":"md5_ConvertToWordArray","decl":{"start":{"line":395,"column":4},"end":{"line":416,"column":6}},"loc":{"start":{"line":395,"column":4},"end":{"line":416,"column":6}},"line":395},"38":{"name":"md5_WordToHex","decl":{"start":{"line":418,"column":4},"end":{"line":428,"column":6}},"loc":{"start":{"line":418,"column":4},"end":{"line":428,"column":6}},"line":418},"39":{"name":"md5_Utf8Encode","decl":{"start":{"line":430,"column":4},"end":{"line":447,"column":6}},"loc":{"start":{"line":430,"column":4},"end":{"line":447,"column":6}},"line":430},"40":{"name":"getUUID","decl":{"start":{"line":553,"column":23},"end":{"line":563,"column":1}},"loc":{"start":{"line":553,"column":23},"end":{"line":563,"column":1}},"line":553},"41":{"name":"deepClone","decl":{"start":{"line":569,"column":25},"end":{"line":587,"column":1}},"loc":{"start":{"line":569,"column":25},"end":{"line":587,"column":1}},"line":569},"42":{"name":"splitPath","decl":{"start":{"line":606,"column":25},"end":{"line":613,"column":1}},"loc":{"start":{"line":606,"column":25},"end":{"line":613,"column":1}},"line":606},"43":{"name":"digitUpperCase","decl":{"start":{"line":619,"column":30},"end":{"line":648,"column":1}},"loc":{"start":{"line":619,"column":30},"end":{"line":648,"column":1}},"line":619}},"f":{"0":4,"1":1,"2":1,"3":1,"4":1,"5":2,"6":2,"7":1,"8":1,"9":2,"10":11,"11":2,"12":1,"13":2,"14":2,"15":2,"16":2,"17":2,"18":1,"19":2,"20":2,"21":4,"22":1,"23":1,"24":1,"25":1,"26":1,"27":64,"28":260,"29":16,"30":16,"31":16,"32":16,"33":16,"34":16,"35":16,"36":16,"37":1,"38":4,"39":1,"40":2,"41":6,"42":2,"43":2}}
,"F:\\vue3test\\_ui_view\\rutil\\utils\\window.js": {"path":"F:\\vue3test\\_ui_view\\rutil\\utils\\window.js","all":false,"statementMap":{"0":{"start":{"line":1,"column":0},"end":{"line":1,"column":3}},"1":{"start":{"line":2,"column":0},"end":{"line":2,"column":11}},"2":{"start":{"line":3,"column":0},"end":{"line":3,"column":3}},"3":{"start":{"line":4,"column":0},"end":{"line":4,"column":0}},"4":{"start":{"line":5,"column":0},"end":{"line":5,"column":3}},"5":{"start":{"line":6,"column":0},"end":{"line":6,"column":21}},"6":{"start":{"line":7,"column":0},"end":{"line":7,"column":3}},"7":{"start":{"line":8,"column":0},"end":{"line":8,"column":49}},"8":{"start":{"line":9,"column":0},"end":{"line":9,"column":11}},"9":{"start":{"line":10,"column":0},"end":{"line":10,"column":22}},"10":{"start":{"line":11,"column":0},"end":{"line":11,"column":30}},"11":{"start":{"line":12,"column":0},"end":{"line":12,"column":20}},"12":{"start":{"line":13,"column":0},"end":{"line":13,"column":5}},"13":{"start":{"line":14,"column":0},"end":{"line":14,"column":11}},"14":{"start":{"line":15,"column":0},"end":{"line":15,"column":76}},"15":{"start":{"line":16,"column":0},"end":{"line":16,"column":16}},"16":{"start":{"line":17,"column":0},"end":{"line":17,"column":50}},"17":{"start":{"line":18,"column":0},"end":{"line":18,"column":38}},"18":{"start":{"line":19,"column":0},"end":{"line":19,"column":5}},"19":{"start":{"line":20,"column":0},"end":{"line":20,"column":16}},"20":{"start":{"line":21,"column":0},"end":{"line":21,"column":1}},"21":{"start":{"line":22,"column":0},"end":{"line":22,"column":0}},"22":{"start":{"line":23,"column":0},"end":{"line":23,"column":3}},"23":{"start":{"line":24,"column":0},"end":{"line":24,"column":30}},"24":{"start":{"line":25,"column":0},"end":{"line":25,"column":3}},"25":{"start":{"line":26,"column":0},"end":{"line":26,"column":48}},"26":{"start":{"line":27,"column":0},"end":{"line":27,"column":56}},"27":{"start":{"line":28,"column":0},"end":{"line":28,"column":17}},"28":{"start":{"line":29,"column":0},"end":{"line":29,"column":49}},"29":{"start":{"line":30,"column":0},"end":{"line":30,"column":5}},"30":{"start":{"line":31,"column":0},"end":{"line":31,"column":25}},"31":{"start":{"line":32,"column":0},"end":{"line":32,"column":2}},"32":{"start":{"line":33,"column":0},"end":{"line":33,"column":0}},"33":{"start":{"line":34,"column":0},"end":{"line":34,"column":3}},"34":{"start":{"line":35,"column":0},"end":{"line":35,"column":20}},"35":{"start":{"line":36,"column":0},"end":{"line":36,"column":3}},"36":{"start":{"line":37,"column":0},"end":{"line":37,"column":34}},"37":{"start":{"line":38,"column":0},"end":{"line":38,"column":41}},"38":{"start":{"line":39,"column":0},"end":{"line":39,"column":14}},"39":{"start":{"line":40,"column":0},"end":{"line":40,"column":39}},"40":{"start":{"line":41,"column":0},"end":{"line":41,"column":5}},"41":{"start":{"line":42,"column":0},"end":{"line":42,"column":22}},"42":{"start":{"line":43,"column":0},"end":{"line":43,"column":2}},"43":{"start":{"line":44,"column":0},"end":{"line":44,"column":0}},"44":{"start":{"line":45,"column":0},"end":{"line":45,"column":3}},"45":{"start":{"line":46,"column":0},"end":{"line":46,"column":9}},"46":{"start":{"line":47,"column":0},"end":{"line":47,"column":3}},"47":{"start":{"line":48,"column":0},"end":{"line":48,"column":70}},"48":{"start":{"line":49,"column":0},"end":{"line":49,"column":0}},"49":{"start":{"line":50,"column":0},"end":{"line":50,"column":0}},"50":{"start":{"line":51,"column":0},"end":{"line":51,"column":3}},"51":{"start":{"line":52,"column":0},"end":{"line":52,"column":19}},"52":{"start":{"line":53,"column":0},"end":{"line":53,"column":33}},"53":{"start":{"line":54,"column":0},"end":{"line":54,"column":28}},"54":{"start":{"line":55,"column":0},"end":{"line":55,"column":28}},"55":{"start":{"line":56,"column":0},"end":{"line":56,"column":3}},"56":{"start":{"line":57,"column":0},"end":{"line":57,"column":48}},"57":{"start":{"line":58,"column":0},"end":{"line":58,"column":67}},"58":{"start":{"line":59,"column":0},"end":{"line":59,"column":36}},"59":{"start":{"line":60,"column":0},"end":{"line":60,"column":16}},"60":{"start":{"line":61,"column":0},"end":{"line":61,"column":2}},"61":{"start":{"line":62,"column":0},"end":{"line":62,"column":0}},"62":{"start":{"line":63,"column":0},"end":{"line":63,"column":3}},"63":{"start":{"line":64,"column":0},"end":{"line":64,"column":20}},"64":{"start":{"line":65,"column":0},"end":{"line":65,"column":26}},"65":{"start":{"line":66,"column":0},"end":{"line":66,"column":3}},"66":{"start":{"line":67,"column":0},"end":{"line":67,"column":66}},"67":{"start":{"line":68,"column":0},"end":{"line":68,"column":0}},"68":{"start":{"line":69,"column":0},"end":{"line":69,"column":0}},"69":{"start":{"line":70,"column":0},"end":{"line":70,"column":3}},"70":{"start":{"line":71,"column":0},"end":{"line":71,"column":11}},"71":{"start":{"line":72,"column":0},"end":{"line":72,"column":18}},"72":{"start":{"line":73,"column":0},"end":{"line":73,"column":20}},"73":{"start":{"line":74,"column":0},"end":{"line":74,"column":37}},"74":{"start":{"line":75,"column":0},"end":{"line":75,"column":3}},"75":{"start":{"line":76,"column":0},"end":{"line":76,"column":60}},"76":{"start":{"line":77,"column":0},"end":{"line":77,"column":19}},"77":{"start":{"line":78,"column":0},"end":{"line":78,"column":71}},"78":{"start":{"line":79,"column":0},"end":{"line":79,"column":40}},"79":{"start":{"line":80,"column":0},"end":{"line":80,"column":132}},"80":{"start":{"line":81,"column":0},"end":{"line":81,"column":16}},"81":{"start":{"line":82,"column":0},"end":{"line":82,"column":1}},"82":{"start":{"line":83,"column":0},"end":{"line":83,"column":0}},"83":{"start":{"line":84,"column":0},"end":{"line":84,"column":3}},"84":{"start":{"line":85,"column":0},"end":{"line":85,"column":11}},"85":{"start":{"line":86,"column":0},"end":{"line":86,"column":18}},"86":{"start":{"line":87,"column":0},"end":{"line":87,"column":3}},"87":{"start":{"line":88,"column":0},"end":{"line":88,"column":35}},"88":{"start":{"line":89,"column":0},"end":{"line":89,"column":58}},"89":{"start":{"line":90,"column":0},"end":{"line":90,"column":41}},"90":{"start":{"line":91,"column":0},"end":{"line":91,"column":31}},"91":{"start":{"line":92,"column":0},"end":{"line":92,"column":1}},"92":{"start":{"line":93,"column":0},"end":{"line":93,"column":0}},"93":{"start":{"line":94,"column":0},"end":{"line":94,"column":3}},"94":{"start":{"line":95,"column":0},"end":{"line":95,"column":11}},"95":{"start":{"line":96,"column":0},"end":{"line":96,"column":18}},"96":{"start":{"line":97,"column":0},"end":{"line":97,"column":3}},"97":{"start":{"line":98,"column":0},"end":{"line":98,"column":82}}},"s":{"0":1,"1":1,"2":1,"3":1,"4":1,"5":1,"6":1,"7":1,"8":0,"9":0,"10":0,"11":0,"12":0,"13":0,"14":0,"15":0,"16":0,"17":0,"18":0,"19":0,"20":0,"21":1,"22":1,"23":1,"24":1,"25":1,"26":0,"27":0,"28":0,"29":0,"30":0,"31":0,"32":1,"33":1,"34":1,"35":1,"36":1,"37":0,"38":0,"39":0,"40":0,"41":0,"42":0,"43":1,"44":1,"45":1,"46":1,"47":1,"48":1,"49":1,"50":1,"51":1,"52":1,"53":1,"54":1,"55":1,"56":1,"57":0,"58":0,"59":0,"60":0,"61":1,"62":1,"63":1,"64":1,"65":1,"66":1,"67":1,"68":1,"69":1,"70":1,"71":1,"72":1,"73":1,"74":1,"75":1,"76":0,"77":0,"78":0,"79":0,"80":0,"81":0,"82":1,"83":1,"84":1,"85":1,"86":1,"87":1,"88":0,"89":0,"90":0,"91":0,"92":1,"93":1,"94":1,"95":1,"96":1,"97":1},"branchMap":{},"b":{},"fnMap":{"0":{"name":"goToTop","decl":{"start":{"line":8,"column":23},"end":{"line":21,"column":1}},"loc":{"start":{"line":8,"column":23},"end":{"line":21,"column":1}},"line":8},"1":{"name":"goToTopClassName","decl":{"start":{"line":26,"column":33},"end":{"line":32,"column":2}},"loc":{"start":{"line":26,"column":33},"end":{"line":32,"column":2}},"line":26},"2":{"name":"goToTopId","decl":{"start":{"line":37,"column":26},"end":{"line":43,"column":2}},"loc":{"start":{"line":37,"column":26},"end":{"line":43,"column":2}},"line":37},"3":{"name":"getSelectedText","decl":{"start":{"line":48,"column":31},"end":{"line":48,"column":43}},"loc":{"start":{"line":48,"column":31},"end":{"line":48,"column":43}},"line":48},"4":{"name":"setLocalStorage","decl":{"start":{"line":57,"column":31},"end":{"line":61,"column":2}},"loc":{"start":{"line":57,"column":31},"end":{"line":61,"column":2}},"line":57},"5":{"name":"getLocalStorage","decl":{"start":{"line":67,"column":32},"end":{"line":67,"column":52}},"loc":{"start":{"line":67,"column":32},"end":{"line":67,"column":52}},"line":67},"6":{"name":"setCookie","decl":{"start":{"line":76,"column":25},"end":{"line":82,"column":1}},"loc":{"start":{"line":76,"column":25},"end":{"line":82,"column":1}},"line":76},"7":{"name":"getCookie","decl":{"start":{"line":88,"column":26},"end":{"line":92,"column":1}},"loc":{"start":{"line":88,"column":26},"end":{"line":92,"column":1}},"line":88},"8":{"name":"delCookie","decl":{"start":{"line":98,"column":26},"end":{"line":98,"column":82}},"loc":{"start":{"line":98,"column":26},"end":{"line":98,"column":82}},"line":98}},"f":{"0":0,"1":0,"2":0,"3":0,"4":0,"5":0,"6":0,"7":0,"8":0}}
}
