TN:
SF:utils\array.js
FN:7,arrDistinct
FN:14,arrMax
FN:20,arrMin
FN:27,arrCountOcc
FN:33,arrDeepFlatten
FN:40,arrDiff
FN:49,arrNonUnique
FN:56,arrWithValues
FN:63,arrIntersection
FN:73,arrNthElement
FN:79,arrAverage
FN:86,arrAverageBy
FN:94,arrAsList
FN:101,arrIndexOfAll
FN:108,arrMinN
FN:116,arrRandomInRange
FN:125,arrRandomSample
FN:131,arrRandomN
FN:144,arrShuffle
FN:159,arrToTree
FN:172,arrTranspose
FNF:21
FNH:21
FNDA:3,arrDistinct
FNDA:1,arrMax
FNDA:1,arrMin
FNDA:2,arrCountOcc
FNDA:2,arrDeepFlatten
FNDA:2,arrDiff
FNDA:2,arrNonUnique
FNDA:2,arrWithValues
FNDA:2,arrIntersection
FNDA:2,arrNthElement
FNDA:2,arrAverage
FNDA:2,arrAverageBy
FNDA:3,arrAsList
FNDA:2,arrIndexOfAll
FNDA:2,arrMinN
FNDA:1,arrRandomInRange
FNDA:2,arrRandomSample
FNDA:2,arrRandomN
FNDA:1,arrShuffle
FNDA:6,arrToTree
FNDA:1,arrTranspose
DA:1,1
DA:2,1
DA:3,1
DA:4,1
DA:5,1
DA:6,1
DA:7,1
DA:8,1
DA:9,1
DA:10,1
DA:11,1
DA:12,1
DA:13,1
DA:14,1
DA:15,1
DA:16,1
DA:17,1
DA:18,1
DA:19,1
DA:20,1
DA:21,1
DA:22,1
DA:23,1
DA:24,1
DA:25,1
DA:26,1
DA:27,1
DA:28,1
DA:29,1
DA:30,1
DA:31,1
DA:32,1
DA:33,1
DA:34,1
DA:35,1
DA:36,1
DA:37,1
DA:38,1
DA:39,1
DA:40,1
DA:41,2
DA:42,2
DA:43,2
DA:44,1
DA:45,1
DA:46,1
DA:47,1
DA:48,1
DA:49,1
DA:50,1
DA:51,1
DA:52,1
DA:53,1
DA:54,1
DA:55,1
DA:56,1
DA:57,1
DA:58,1
DA:59,1
DA:60,1
DA:61,1
DA:62,1
DA:63,1
DA:64,2
DA:65,2
DA:66,2
DA:67,1
DA:68,1
DA:69,1
DA:70,1
DA:71,1
DA:72,1
DA:73,1
DA:74,1
DA:75,1
DA:76,1
DA:77,1
DA:78,1
DA:79,1
DA:80,1
DA:81,1
DA:82,1
DA:83,1
DA:84,1
DA:85,1
DA:86,1
DA:87,2
DA:88,2
DA:89,1
DA:90,1
DA:91,1
DA:92,1
DA:93,1
DA:94,1
DA:95,1
DA:96,1
DA:97,1
DA:98,1
DA:99,1
DA:100,1
DA:101,1
DA:102,1
DA:103,1
DA:104,1
DA:105,1
DA:106,1
DA:107,1
DA:108,1
DA:109,1
DA:110,1
DA:111,1
DA:112,1
DA:113,1
DA:114,1
DA:115,1
DA:116,1
DA:117,1
DA:118,1
DA:119,1
DA:120,1
DA:121,1
DA:122,1
DA:123,1
DA:124,1
DA:125,1
DA:126,1
DA:127,1
DA:128,1
DA:129,1
DA:130,1
DA:131,1
DA:132,2
DA:133,2
DA:134,9
DA:135,9
DA:136,9
DA:137,2
DA:138,2
DA:139,1
DA:140,1
DA:141,1
DA:142,1
DA:143,1
DA:144,1
DA:145,1
DA:146,1
DA:147,3
DA:148,3
DA:149,3
DA:150,1
DA:151,1
DA:152,1
DA:153,1
DA:154,1
DA:155,1
DA:156,1
DA:157,1
DA:158,1
DA:159,1
DA:160,6
DA:161,6
DA:162,6
DA:163,1
DA:164,1
DA:165,1
DA:166,1
DA:167,1
DA:168,1
DA:169,1
DA:170,1
DA:171,1
DA:172,1
LF:172
LH:172
BRDA:7,0,0,3
BRDA:14,1,0,1
BRDA:20,2,0,1
BRDA:27,3,0,2
BRDA:27,4,0,9
BRDA:27,5,0,4
BRDA:27,6,0,5
BRDA:33,7,0,2
BRDA:40,8,0,2
BRDA:42,9,0,9
BRDA:49,10,0,2
BRDA:49,11,0,9
BRDA:56,12,0,2
BRDA:63,13,0,2
BRDA:65,14,0,5
BRDA:73,15,0,2
BRDA:73,16,0,1
BRDA:73,17,0,1
BRDA:73,18,0,0
BRDA:79,19,0,2
BRDA:79,20,0,6
BRDA:86,21,0,2
BRDA:87,22,0,1
BRDA:87,23,0,1
BRDA:87,24,0,3
BRDA:87,25,0,6
BRDA:94,26,0,3
BRDA:94,27,0,1
BRDA:94,28,0,2
BRDA:101,29,0,2
BRDA:101,30,0,9
BRDA:101,31,0,4
BRDA:101,32,0,5
BRDA:108,33,0,2
BRDA:108,34,0,12
BRDA:116,35,0,1
BRDA:119,36,0,3
BRDA:125,37,0,2
BRDA:131,38,0,2
BRDA:133,39,0,9
BRDA:144,40,0,1
BRDA:146,41,0,3
BRDA:159,42,0,6
BRDA:161,43,0,30
BRDA:162,44,0,5
BRDA:172,45,0,1
BRDA:172,46,0,3
BRDA:172,47,0,9
BRF:48
BRH:47
end_of_record
TN:
SF:utils\base.js
FN:10,is
FN:16,isNil
FN:22,isNull
FN:28,isNumber
FN:34,isArray
FN:41,isPositiveNum
FN:47,isNegativeNum
FN:53,isInteger
FN:58,isPostiveFloat
FN:64,isNegativeFloat
FN:69,isFloat
FN:75,isBrowser
FN:81,isPrime
FN:87,isAscii
FN:93,isHasWhitespace
FN:99,isHexColor
FN:105,isHexadecimal
FN:111,isPlainObject
FN:117,isRegExp
FN:123,isString
FN:129,isObject
FN:135,isFunction
FN:141,isWeChat
FN:147,isChineseName
FN:154,isEnglishName
FN:160,isSubnetMask
FN:166,isPhone
FN:173,isEmail
FN:180,isHTMLTag
FN:201,isSvgTag
FN:214,isDate
FN:219,isEmoji
FN:225,isLicensePlate
FN:231,isPwdStrength
FN:238,isIPV4
FN:244,isMacAddress
FNF:36
FNH:36
FNDA:11,is
FNDA:1,isNil
FNDA:1,isNull
FNDA:2,isNumber
FNDA:2,isArray
FNDA:3,isPositiveNum
FNDA:3,isNegativeNum
FNDA:3,isInteger
FNDA:1,isPostiveFloat
FNDA:1,isNegativeFloat
FNDA:1,isFloat
FNDA:1,isBrowser
FNDA:2,isPrime
FNDA:2,isAscii
FNDA:2,isHasWhitespace
FNDA:2,isHexColor
FNDA:2,isHexadecimal
FNDA:5,isPlainObject
FNDA:1,isRegExp
FNDA:2,isString
FNDA:2,isObject
FNDA:4,isFunction
FNDA:1,isWeChat
FNDA:2,isChineseName
FNDA:2,isEnglishName
FNDA:2,isSubnetMask
FNDA:1,isPhone
FNDA:1,isEmail
FNDA:1,isHTMLTag
FNDA:1,isSvgTag
FNDA:1,isDate
FNDA:1,isEmoji
FNDA:1,isLicensePlate
FNDA:2,isPwdStrength
FNDA:2,isIPV4
FNDA:2,isMacAddress
DA:1,1
DA:2,1
DA:3,1
DA:4,1
DA:5,1
DA:6,1
DA:7,1
DA:8,1
DA:9,1
DA:10,1
DA:11,1
DA:12,1
DA:13,1
DA:14,1
DA:15,1
DA:16,1
DA:17,1
DA:18,1
DA:19,1
DA:20,1
DA:21,1
DA:22,1
DA:23,1
DA:24,1
DA:25,1
DA:26,1
DA:27,1
DA:28,1
DA:29,1
DA:30,1
DA:31,1
DA:32,1
DA:33,1
DA:34,1
DA:35,1
DA:36,1
DA:37,1
DA:38,1
DA:39,1
DA:40,1
DA:41,1
DA:42,1
DA:43,1
DA:44,1
DA:45,1
DA:46,1
DA:47,1
DA:48,1
DA:49,1
DA:50,1
DA:51,1
DA:52,1
DA:53,1
DA:54,1
DA:55,1
DA:56,1
DA:57,1
DA:58,1
DA:59,1
DA:60,1
DA:61,1
DA:62,1
DA:63,1
DA:64,1
DA:65,1
DA:66,1
DA:67,1
DA:68,1
DA:69,1
DA:70,1
DA:71,1
DA:72,1
DA:73,1
DA:74,1
DA:75,1
DA:76,1
DA:77,1
DA:78,1
DA:79,1
DA:80,1
DA:81,1
DA:82,1
DA:83,1
DA:84,1
DA:85,1
DA:86,1
DA:87,1
DA:88,1
DA:89,1
DA:90,1
DA:91,1
DA:92,1
DA:93,1
DA:94,1
DA:95,1
DA:96,1
DA:97,1
DA:98,1
DA:99,1
DA:100,1
DA:101,1
DA:102,1
DA:103,1
DA:104,1
DA:105,1
DA:106,1
DA:107,1
DA:108,1
DA:109,1
DA:110,1
DA:111,1
DA:112,1
DA:113,1
DA:114,1
DA:115,1
DA:116,1
DA:117,1
DA:118,1
DA:119,1
DA:120,1
DA:121,1
DA:122,1
DA:123,1
DA:124,1
DA:125,1
DA:126,1
DA:127,1
DA:128,1
DA:129,1
DA:130,1
DA:131,1
DA:132,1
DA:133,1
DA:134,1
DA:135,1
DA:136,1
DA:137,1
DA:138,1
DA:139,1
DA:140,1
DA:141,1
DA:142,1
DA:143,1
DA:144,1
DA:145,1
DA:146,1
DA:147,1
DA:148,1
DA:149,1
DA:150,1
DA:151,1
DA:152,1
DA:153,1
DA:154,1
DA:155,1
DA:156,1
DA:157,1
DA:158,1
DA:159,1
DA:160,1
DA:161,1
DA:162,1
DA:163,1
DA:164,1
DA:165,1
DA:166,1
DA:167,1
DA:168,1
DA:169,1
DA:170,1
DA:171,1
DA:172,1
DA:173,1
DA:174,1
DA:175,1
DA:176,1
DA:177,1
DA:178,1
DA:179,1
DA:180,1
DA:181,1
DA:182,1
DA:183,1
DA:184,1
DA:185,1
DA:186,1
DA:187,1
DA:188,1
DA:189,1
DA:190,1
DA:191,1
DA:192,1
DA:193,1
DA:194,1
DA:195,1
DA:196,1
DA:197,1
DA:198,1
DA:199,1
DA:200,1
DA:201,1
DA:202,1
DA:203,1
DA:204,1
DA:205,1
DA:206,1
DA:207,1
DA:208,1
DA:209,1
DA:210,1
DA:211,1
DA:212,1
DA:213,1
DA:214,1
DA:215,1
DA:216,1
DA:217,1
DA:218,1
DA:219,1
DA:220,1
DA:221,1
DA:222,1
DA:223,1
DA:224,1
DA:225,1
DA:226,1
DA:227,1
DA:228,1
DA:229,1
DA:230,1
DA:231,1
DA:232,1
DA:233,1
DA:234,1
DA:235,1
DA:236,1
DA:237,1
DA:238,1
DA:239,1
DA:240,1
DA:241,1
DA:242,1
DA:243,1
DA:244,1
LF:244
LH:244
BRDA:10,0,0,11
BRDA:16,1,0,1
BRDA:22,2,0,1
BRDA:28,3,0,2
BRDA:28,4,0,1
BRDA:34,5,0,2
BRDA:41,6,0,3
BRDA:47,7,0,3
BRDA:53,8,0,3
BRDA:58,9,0,1
BRDA:64,10,0,1
BRDA:69,11,0,1
BRDA:75,12,0,1
BRDA:81,13,0,2
BRDA:81,14,0,2
BRDA:81,15,0,1
BRDA:87,16,0,2
BRDA:93,17,0,2
BRDA:99,18,0,2
BRDA:105,19,0,2
BRDA:111,20,0,5
BRDA:111,21,0,4
BRDA:111,22,0,2
BRDA:117,23,0,1
BRDA:123,24,0,2
BRDA:129,25,0,2
BRDA:135,26,0,4
BRDA:141,27,0,1
BRDA:147,28,0,2
BRDA:154,29,0,2
BRDA:160,30,0,2
BRDA:166,31,0,1
BRDA:173,32,0,1
BRDA:180,33,0,1
BRDA:201,34,0,1
BRDA:214,35,0,1
BRDA:219,36,0,1
BRDA:225,37,0,1
BRDA:231,38,0,2
BRDA:238,39,0,2
BRDA:244,40,0,2
BRF:41
BRH:41
end_of_record
TN:
SF:utils\datetime.js
FN:10,dateFormat
FN:44,daysDiff
FN:51,monthDiff
FN:57,dayOfYear
FN:64,daysInMonth
FN:70,weekDayEnglish
FN:76,weekDayChinese
FN:83,monthNameEnglish
FN:90,monthNameChinese
FNF:9
FNH:9
FNDA:1,dateFormat
FNDA:1,daysDiff
FNDA:1,monthDiff
FNDA:1,dayOfYear
FNDA:1,daysInMonth
FNDA:1,weekDayEnglish
FNDA:1,weekDayChinese
FNDA:1,monthNameEnglish
FNDA:2,monthNameChinese
DA:1,1
DA:2,1
DA:3,1
DA:4,1
DA:5,1
DA:6,1
DA:7,1
DA:8,1
DA:9,1
DA:10,1
DA:11,1
DA:12,1
DA:13,1
DA:14,1
DA:15,1
DA:16,1
DA:17,1
DA:18,1
DA:19,1
DA:20,1
DA:21,1
DA:22,1
DA:23,1
DA:24,1
DA:25,1
DA:26,1
DA:27,1
DA:28,1
DA:29,1
DA:30,1
DA:31,1
DA:32,1
DA:33,1
DA:34,6
DA:35,6
DA:36,1
DA:37,1
DA:38,1
DA:39,1
DA:40,1
DA:41,1
DA:42,1
DA:43,1
DA:44,1
DA:45,1
DA:46,1
DA:47,1
DA:48,1
DA:49,1
DA:50,1
DA:51,1
DA:52,1
DA:53,1
DA:54,1
DA:55,1
DA:56,1
DA:57,1
DA:58,1
DA:59,1
DA:60,1
DA:61,1
DA:62,1
DA:63,1
DA:64,1
DA:65,1
DA:66,1
DA:67,1
DA:68,1
DA:69,1
DA:70,1
DA:71,1
DA:72,1
DA:73,1
DA:74,1
DA:75,1
DA:76,1
DA:77,1
DA:78,1
DA:79,1
DA:80,1
DA:81,1
DA:82,1
DA:83,1
DA:84,1
DA:85,1
DA:86,1
DA:87,1
DA:88,1
DA:89,1
DA:90,1
DA:91,2
DA:92,1
DA:93,2
DA:94,2
LF:94
LH:94
BRDA:10,0,0,1
BRDA:33,1,0,6
BRDA:44,2,0,1
BRDA:51,3,0,1
BRDA:57,4,0,1
BRDA:64,5,0,1
BRDA:70,6,0,1
BRDA:76,7,0,1
BRDA:83,8,0,1
BRDA:90,9,0,2
BRDA:91,10,0,1
BRDA:91,11,0,1
BRF:12
BRH:12
end_of_record
TN:
SF:utils\function.js
FN:7,objType
FN:19,byteSize
FN:25,splitLines
FN:31,removeHTMLTags
FN:39,escapeHTML
FN:58,formatNumber
FN:73,formatString
FN:84,throttle
FN:104,debounce
FN:120,urlParam
FN:130,randomNum
FN:136,randomCode
FN:148,randomIP
FN:156,capitalize
FN:162,capitalizeEveryWord
FN:168,decapitalize
FN:174,decapitalizeEveryWord
FN:180,camelCase
FN:198,hyphenate
FN:206,privacyPhone
FN:212,privacyName
FN:218,bytesToSize
FN:229,encode
FN:252,decode
FN:277,_utf8_encode
FN:295,_utf8_decode
FN:333,md5
FN:334,md5_RotateLeft
FN:338,md5_AddUnsigned
FN:359,md5_F
FN:363,md5_G
FN:367,md5_H
FN:371,md5_I
FN:375,md5_FF
FN:380,md5_GG
FN:385,md5_HH
FN:390,md5_II
FN:395,md5_ConvertToWordArray
FN:418,md5_WordToHex
FN:430,md5_Utf8Encode
FN:553,getUUID
FN:569,deepClone
FN:606,splitPath
FN:619,digitUpperCase
FNF:44
FNH:44
FNDA:4,objType
FNDA:1,byteSize
FNDA:1,splitLines
FNDA:1,removeHTMLTags
FNDA:1,escapeHTML
FNDA:2,formatNumber
FNDA:2,formatString
FNDA:1,throttle
FNDA:1,debounce
FNDA:2,urlParam
FNDA:11,randomNum
FNDA:2,randomCode
FNDA:1,randomIP
FNDA:2,capitalize
FNDA:2,capitalizeEveryWord
FNDA:2,decapitalize
FNDA:2,decapitalizeEveryWord
FNDA:2,camelCase
FNDA:1,hyphenate
FNDA:2,privacyPhone
FNDA:2,privacyName
FNDA:4,bytesToSize
FNDA:1,encode
FNDA:1,decode
FNDA:1,_utf8_encode
FNDA:1,_utf8_decode
FNDA:1,md5
FNDA:64,md5_RotateLeft
FNDA:260,md5_AddUnsigned
FNDA:16,md5_F
FNDA:16,md5_G
FNDA:16,md5_H
FNDA:16,md5_I
FNDA:16,md5_FF
FNDA:16,md5_GG
FNDA:16,md5_HH
FNDA:16,md5_II
FNDA:1,md5_ConvertToWordArray
FNDA:4,md5_WordToHex
FNDA:1,md5_Utf8Encode
FNDA:2,getUUID
FNDA:6,deepClone
FNDA:2,splitPath
FNDA:2,digitUpperCase
DA:1,1
DA:2,1
DA:3,1
DA:4,1
DA:5,1
DA:6,1
DA:7,1
DA:8,1
DA:9,1
DA:10,1
DA:11,1
DA:12,1
DA:13,1
DA:14,1
DA:15,1
DA:16,1
DA:17,1
DA:18,1
DA:19,1
DA:20,1
DA:21,1
DA:22,1
DA:23,1
DA:24,1
DA:25,1
DA:26,1
DA:27,1
DA:28,1
DA:29,1
DA:30,1
DA:31,1
DA:32,1
DA:33,1
DA:34,1
DA:35,1
DA:36,1
DA:37,1
DA:38,1
DA:39,1
DA:40,1
DA:41,1
DA:42,1
DA:43,8
DA:44,0
DA:45,0
DA:46,0
DA:47,0
DA:48,0
DA:49,0
DA:50,1
DA:51,1
DA:52,1
DA:53,1
DA:54,1
DA:55,1
DA:56,1
DA:57,1
DA:58,1
DA:59,2
DA:60,2
DA:61,2
DA:62,2
DA:63,2
DA:64,2
DA:65,2
DA:66,1
DA:67,1
DA:68,1
DA:69,1
DA:70,1
DA:71,1
DA:72,1
DA:73,1
DA:74,2
DA:75,2
DA:76,2
DA:77,1
DA:78,1
DA:79,1
DA:80,1
DA:81,1
DA:82,1
DA:83,1
DA:84,1
DA:85,1
DA:86,1
DA:87,2
DA:88,1
DA:89,1
DA:90,1
DA:91,1
DA:92,0
DA:93,0
DA:94,1
DA:95,1
DA:96,1
DA:97,1
DA:98,1
DA:99,1
DA:100,1
DA:101,1
DA:102,1
DA:103,1
DA:104,1
DA:105,1
DA:106,1
DA:107,1
DA:108,1
DA:109,0
DA:110,1
DA:111,1
DA:112,1
DA:113,1
DA:114,1
DA:115,1
DA:116,1
DA:117,1
DA:118,1
DA:119,1
DA:120,1
DA:121,2
DA:122,2
DA:123,2
DA:124,1
DA:125,1
DA:126,1
DA:127,1
DA:128,1
DA:129,1
DA:130,1
DA:131,1
DA:132,1
DA:133,1
DA:134,1
DA:135,1
DA:136,1
DA:137,2
DA:138,2
DA:139,2
DA:140,10
DA:141,10
DA:142,2
DA:143,2
DA:144,1
DA:145,1
DA:146,1
DA:147,1
DA:148,1
DA:149,1
DA:150,1
DA:151,1
DA:152,1
DA:153,1
DA:154,1
DA:155,1
DA:156,1
DA:157,1
DA:158,1
DA:159,1
DA:160,1
DA:161,1
DA:162,1
DA:163,1
DA:164,1
DA:165,1
DA:166,1
DA:167,1
DA:168,1
DA:169,1
DA:170,1
DA:171,1
DA:172,1
DA:173,1
DA:174,1
DA:175,1
DA:176,1
DA:177,1
DA:178,1
DA:179,1
DA:180,1
DA:181,2
DA:182,2
DA:183,2
DA:184,2
DA:185,2
DA:186,2
DA:187,2
DA:188,2
DA:189,2
DA:190,2
DA:191,2
DA:192,2
DA:193,2
DA:194,1
DA:195,1
DA:196,1
DA:197,1
DA:198,1
DA:199,1
DA:200,1
DA:201,1
DA:202,1
DA:203,1
DA:204,1
DA:205,1
DA:206,1
DA:207,1
DA:208,1
DA:209,1
DA:210,1
DA:211,1
DA:212,1
DA:213,1
DA:214,1
DA:215,1
DA:216,1
DA:217,1
DA:218,1
DA:219,4
DA:220,3
DA:221,3
DA:222,3
DA:223,3
DA:224,3
DA:225,1
DA:226,1
DA:227,1
DA:228,1
DA:229,1
DA:230,1
DA:231,1
DA:232,1
DA:233,1
DA:234,1
DA:235,1
DA:236,4
DA:237,4
DA:238,4
DA:239,4
DA:240,4
DA:241,4
DA:242,4
DA:243,4
DA:244,1
DA:245,4
DA:246,0
DA:247,0
DA:248,4
DA:249,4
DA:250,1
DA:251,1
DA:252,1
DA:253,1
DA:254,1
DA:255,1
DA:256,1
DA:257,1
DA:258,1
DA:259,4
DA:260,4
DA:261,4
DA:262,4
DA:263,4
DA:264,4
DA:265,4
DA:266,4
DA:267,4
DA:268,3
DA:269,3
DA:270,4
DA:271,3
DA:272,3
DA:273,4
DA:274,1
DA:275,1
DA:276,1
DA:277,1
DA:278,1
DA:279,1
DA:280,1
DA:281,10
DA:282,10
DA:283,10
DA:284,10
DA:285,0
DA:286,0
DA:287,0
DA:288,0
DA:289,0
DA:290,0
DA:291,0
DA:292,10
DA:293,1
DA:294,1
DA:295,1
DA:296,1
DA:297,1
DA:298,1
DA:299,1
DA:300,1
DA:301,10
DA:302,10
DA:303,10
DA:304,10
DA:305,10
DA:306,0
DA:307,0
DA:308,0
DA:309,0
DA:310,0
DA:311,0
DA:312,0
DA:313,0
DA:314,0
DA:315,10
DA:316,1
DA:317,1
DA:318,1
DA:319,1
DA:320,1
DA:321,1
DA:322,1
DA:323,1
DA:324,1
DA:325,1
DA:326,1
DA:327,1
DA:328,1
DA:329,1
DA:330,1
DA:331,1
DA:332,1
DA:333,1
DA:334,1
DA:335,64
DA:336,64
DA:337,1
DA:338,1
DA:339,260
DA:340,260
DA:341,260
DA:342,260
DA:343,260
DA:344,260
DA:345,260
DA:346,62
DA:347,62
DA:348,260
DA:349,126
DA:350,45
DA:351,126
DA:352,81
DA:353,81
DA:354,260
DA:355,72
DA:356,72
DA:357,260
DA:358,1
DA:359,1
DA:360,16
DA:361,16
DA:362,1
DA:363,1
DA:364,16
DA:365,16
DA:366,1
DA:367,1
DA:368,16
DA:369,16
DA:370,1
DA:371,1
DA:372,16
DA:373,16
DA:374,1
DA:375,1
DA:376,16
DA:377,16
DA:378,16
DA:379,1
DA:380,1
DA:381,16
DA:382,16
DA:383,16
DA:384,1
DA:385,1
DA:386,16
DA:387,16
DA:388,16
DA:389,1
DA:390,1
DA:391,16
DA:392,16
DA:393,16
DA:394,1
DA:395,1
DA:396,1
DA:397,1
DA:398,1
DA:399,1
DA:400,1
DA:401,1
DA:402,1
DA:403,1
DA:404,1
DA:405,7
DA:406,7
DA:407,7
DA:408,7
DA:409,7
DA:410,1
DA:411,1
DA:412,1
DA:413,1
DA:414,1
DA:415,1
DA:416,1
DA:417,1
DA:418,1
DA:419,4
DA:420,4
DA:421,4
DA:422,4
DA:423,16
DA:424,16
DA:425,16
DA:426,16
DA:427,4
DA:428,4
DA:429,1
DA:430,1
DA:431,1
DA:432,1
DA:433,1
DA:434,7
DA:435,7
DA:436,7
DA:437,7
DA:438,0
DA:439,0
DA:440,0
DA:441,0
DA:442,0
DA:443,0
DA:444,0
DA:445,7
DA:446,1
DA:447,1
DA:448,1
DA:449,1
DA:450,1
DA:451,1
DA:452,1
DA:453,1
DA:454,1
DA:455,1
DA:456,1
DA:457,1
DA:458,1
DA:459,1
DA:460,1
DA:461,1
DA:462,1
DA:463,1
DA:464,1
DA:465,1
DA:466,1
DA:467,1
DA:468,1
DA:469,1
DA:470,1
DA:471,1
DA:472,1
DA:473,1
DA:474,1
DA:475,1
DA:476,1
DA:477,1
DA:478,1
DA:479,1
DA:480,1
DA:481,1
DA:482,1
DA:483,1
DA:484,1
DA:485,1
DA:486,1
DA:487,1
DA:488,1
DA:489,1
DA:490,1
DA:491,1
DA:492,1
DA:493,1
DA:494,1
DA:495,1
DA:496,1
DA:497,1
DA:498,1
DA:499,1
DA:500,1
DA:501,1
DA:502,1
DA:503,1
DA:504,1
DA:505,1
DA:506,1
DA:507,1
DA:508,1
DA:509,1
DA:510,1
DA:511,1
DA:512,1
DA:513,1
DA:514,1
DA:515,1
DA:516,1
DA:517,1
DA:518,1
DA:519,1
DA:520,1
DA:521,1
DA:522,1
DA:523,1
DA:524,1
DA:525,1
DA:526,1
DA:527,1
DA:528,1
DA:529,1
DA:530,1
DA:531,1
DA:532,1
DA:533,1
DA:534,1
DA:535,1
DA:536,1
DA:537,1
DA:538,1
DA:539,1
DA:540,1
DA:541,1
DA:542,1
DA:543,1
DA:544,1
DA:545,1
DA:546,1
DA:547,1
DA:548,1
DA:549,1
DA:550,1
DA:551,1
DA:552,1
DA:553,1
DA:554,2
DA:555,2
DA:556,2
DA:557,72
DA:558,72
DA:559,2
DA:560,2
DA:561,2
DA:562,2
DA:563,2
DA:564,1
DA:565,1
DA:566,1
DA:567,1
DA:568,1
DA:569,1
DA:570,6
DA:571,6
DA:572,6
DA:573,4
DA:574,4
DA:575,6
DA:576,0
DA:577,0
DA:578,2
DA:579,2
DA:580,2
DA:581,6
DA:582,5
DA:583,5
DA:584,5
DA:585,5
DA:586,2
DA:587,2
DA:588,1
DA:589,1
DA:590,1
DA:591,1
DA:592,1
DA:593,1
DA:594,1
DA:595,1
DA:596,1
DA:597,1
DA:598,1
DA:599,1
DA:600,1
DA:601,1
DA:602,1
DA:603,1
DA:604,1
DA:605,1
DA:606,1
DA:607,2
DA:608,2
DA:609,2
DA:610,2
DA:611,2
DA:612,2
DA:613,2
DA:614,1
DA:615,1
DA:616,1
DA:617,1
DA:618,1
DA:619,1
DA:620,2
DA:621,2
DA:622,2
DA:623,2
DA:624,2
DA:625,2
DA:626,2
DA:627,2
DA:628,2
DA:629,2
DA:630,2
DA:631,2
DA:632,2
DA:633,4
DA:634,4
DA:635,2
DA:636,2
DA:637,2
DA:638,3
DA:639,3
DA:640,8
DA:641,8
DA:642,8
DA:643,3
DA:644,3
DA:645,2
DA:646,2
DA:647,2
DA:648,2
LF:648
LH:612
BRDA:7,0,0,4
BRDA:19,1,0,1
BRDA:25,2,0,1
BRDA:31,3,0,1
BRDA:39,4,0,1
BRDA:42,5,0,8
BRDA:43,6,0,0
BRDA:58,7,0,2
BRDA:73,8,0,2
BRDA:84,9,0,1
BRDA:86,10,0,2
BRDA:87,11,0,1
BRDA:104,12,0,1
BRDA:106,13,0,1
BRDA:120,14,0,2
BRDA:122,15,0,1
BRDA:130,16,0,11
BRDA:136,17,0,2
BRDA:139,18,0,10
BRDA:148,19,0,1
BRDA:148,20,0,4
BRDA:148,21,0,1
BRDA:148,22,0,3
BRDA:156,23,0,2
BRDA:162,24,0,2
BRDA:162,25,0,4
BRDA:168,26,0,2
BRDA:174,27,0,2
BRDA:174,28,0,4
BRDA:180,29,0,2
BRDA:192,30,0,4
BRDA:192,31,0,4
BRDA:198,32,0,1
BRDA:206,33,0,2
BRDA:212,34,0,2
BRDA:218,35,0,4
BRDA:219,36,0,1
BRDA:219,37,0,3
BRDA:229,38,0,1
BRDA:235,39,0,4
BRDA:243,40,0,1
BRDA:245,41,0,3
BRDA:245,42,0,0
BRDA:252,43,0,1
BRDA:258,44,0,4
BRDA:267,45,0,3
BRDA:270,46,0,3
BRDA:277,47,0,1
BRDA:280,48,0,10
BRDA:284,49,0,0
BRDA:295,50,0,1
BRDA:300,51,0,10
BRDA:305,52,0,0
BRDA:333,53,0,1
BRDA:334,54,0,64
BRDA:338,55,0,260
BRDA:345,56,0,62
BRDA:348,57,0,198
BRDA:348,58,0,126
BRDA:349,59,0,45
BRDA:351,60,0,81
BRDA:354,61,0,72
BRDA:359,62,0,16
BRDA:363,63,0,16
BRDA:367,64,0,16
BRDA:371,65,0,16
BRDA:375,66,0,16
BRDA:380,67,0,16
BRDA:385,68,0,16
BRDA:390,69,0,16
BRDA:395,70,0,1
BRDA:404,71,0,7
BRDA:418,72,0,4
BRDA:422,73,0,16
BRDA:430,74,0,1
BRDA:433,75,0,7
BRDA:437,76,0,0
BRDA:553,77,0,2
BRDA:556,78,0,72
BRDA:569,79,0,6
BRDA:570,80,0,0
BRDA:571,81,0,0
BRDA:572,82,0,4
BRDA:575,83,0,2
BRDA:575,84,0,0
BRDA:578,85,0,2
BRDA:581,86,0,5
BRDA:586,87,0,2
BRDA:606,88,0,2
BRDA:619,89,0,2
BRDA:629,90,0,1
BRDA:629,91,0,1
BRDA:632,92,0,4
BRDA:635,93,0,1
BRDA:637,94,0,5
BRDA:637,95,0,3
BRDA:639,96,0,10
BRDA:639,97,0,8
BRF:98
BRH:90
end_of_record
TN:
SF:utils\window.js
FN:8,goToTop
FN:26,goToTopClassName
FN:37,goToTopId
FN:48,getSelectedText
FN:57,setLocalStorage
FN:67,getLocalStorage
FN:76,setCookie
FN:88,getCookie
FN:98,delCookie
FNF:9
FNH:0
FNDA:0,goToTop
FNDA:0,goToTopClassName
FNDA:0,goToTopId
FNDA:0,getSelectedText
FNDA:0,setLocalStorage
FNDA:0,getLocalStorage
FNDA:0,setCookie
FNDA:0,getCookie
FNDA:0,delCookie
DA:1,1
DA:2,1
DA:3,1
DA:4,1
DA:5,1
DA:6,1
DA:7,1
DA:8,1
DA:9,0
DA:10,0
DA:11,0
DA:12,0
DA:13,0
DA:14,0
DA:15,0
DA:16,0
DA:17,0
DA:18,0
DA:19,0
DA:20,0
DA:21,0
DA:22,1
DA:23,1
DA:24,1
DA:25,1
DA:26,1
DA:27,0
DA:28,0
DA:29,0
DA:30,0
DA:31,0
DA:32,0
DA:33,1
DA:34,1
DA:35,1
DA:36,1
DA:37,1
DA:38,0
DA:39,0
DA:40,0
DA:41,0
DA:42,0
DA:43,0
DA:44,1
DA:45,1
DA:46,1
DA:47,1
DA:48,1
DA:49,1
DA:50,1
DA:51,1
DA:52,1
DA:53,1
DA:54,1
DA:55,1
DA:56,1
DA:57,1
DA:58,0
DA:59,0
DA:60,0
DA:61,0
DA:62,1
DA:63,1
DA:64,1
DA:65,1
DA:66,1
DA:67,1
DA:68,1
DA:69,1
DA:70,1
DA:71,1
DA:72,1
DA:73,1
DA:74,1
DA:75,1
DA:76,1
DA:77,0
DA:78,0
DA:79,0
DA:80,0
DA:81,0
DA:82,0
DA:83,1
DA:84,1
DA:85,1
DA:86,1
DA:87,1
DA:88,1
DA:89,0
DA:90,0
DA:91,0
DA:92,0
DA:93,1
DA:94,1
DA:95,1
DA:96,1
DA:97,1
DA:98,1
LF:98
LH:59
BRF:0
BRH:0
end_of_record
